{"numFailedTestSuites":2,"numFailedTests":4,"numPassedTestSuites":13,"numPassedTests":142,"numPendingTestSuites":0,"numPendingTests":0,"numRuntimeErrorTestSuites":0,"numTodoTests":0,"numTotalTestSuites":15,"numTotalTests":146,"openHandles":[],"snapshot":{"added":0,"didUpdate":false,"failure":false,"filesAdded":0,"filesRemoved":0,"filesRemovedList":[],"filesUnmatched":0,"filesUpdated":0,"matched":0,"total":0,"unchecked":0,"uncheckedKeysByFile":[],"unmatched":0,"updated":0},"startTime":1743375167530,"success":false,"testResults":[{"assertionResults":[{"ancestorTitles":["Medication Notifications Service","checkOverdueMedications"],"duration":33,"failureDetails":[],"failureMessages":[],"fullName":"Medication Notifications Service checkOverdueMedications should send notification for overdue medication","invocations":1,"location":null,"numPassingAsserts":6,"retryReasons":[],"status":"passed","title":"should send notification for overdue medication"},{"ancestorTitles":["Medication Notifications Service","checkOverdueMedications"],"duration":1,"failureDetails":[],"failureMessages":[],"fullName":"Medication Notifications Service checkOverdueMedications should not send notification if caregiver notification is disabled","invocations":1,"location":null,"numPassingAsserts":3,"retryReasons":[],"status":"passed","title":"should not send notification if caregiver notification is disabled"},{"ancestorTitles":["Medication Notifications Service","checkOverdueMedications"],"duration":1,"failureDetails":[],"failureMessages":[],"fullName":"Medication Notifications Service checkOverdueMedications should not send notification if caregiver is already notified","invocations":1,"location":null,"numPassingAsserts":3,"retryReasons":[],"status":"passed","title":"should not send notification if caregiver is already notified"},{"ancestorTitles":["Medication Notifications Service","checkOverdueMedications"],"duration":2,"failureDetails":[{"matcherResult":{"message":"\u001b[2mexpect(\u001b[22m\u001b[31mjest.fn()\u001b[39m\u001b[2m).\u001b[22mtoHaveBeenCalledWith\u001b[2m(\u001b[22m\u001b[32m...expected\u001b[39m\u001b[2m)\u001b[22m\n\nExpected: \u001b[32m\"mock-user-id\"\u001b[39m\n\nNumber of calls: \u001b[31m0\u001b[39m","pass":false}}],"failureMessages":["Error: \u001b[2mexpect(\u001b[22m\u001b[31mjest.fn()\u001b[39m\u001b[2m).\u001b[22mtoHaveBeenCalledWith\u001b[2m(\u001b[22m\u001b[32m...expected\u001b[39m\u001b[2m)\u001b[22m\n\nExpected: \u001b[32m\"mock-user-id\"\u001b[39m\n\nNumber of calls: \u001b[31m0\u001b[39m\n    at Object.<anonymous> (/Users/aishaakram/Downloads/api-6/src/__tests__/medication-notifications.service.test.ts:151:29)\n    at processTicksAndRejections (node:internal/process/task_queues:95:5)"],"fullName":"Medication Notifications Service checkOverdueMedications should handle missing patient user","invocations":1,"location":null,"numPassingAsserts":2,"retryReasons":[],"status":"failed","title":"should handle missing patient user"},{"ancestorTitles":["Medication Notifications Service","checkOverdueMedications"],"duration":2,"failureDetails":[{"matcherResult":{"message":"\u001b[2mexpect(\u001b[22m\u001b[31mjest.fn()\u001b[39m\u001b[2m).\u001b[22mtoHaveBeenCalledWith\u001b[2m(\u001b[22m\u001b[32m...expected\u001b[39m\u001b[2m)\u001b[22m\n\nExpected: \u001b[32m\"mock-user-id\"\u001b[39m\n\nNumber of calls: \u001b[31m0\u001b[39m","pass":false}}],"failureMessages":["Error: \u001b[2mexpect(\u001b[22m\u001b[31mjest.fn()\u001b[39m\u001b[2m).\u001b[22mtoHaveBeenCalledWith\u001b[2m(\u001b[22m\u001b[32m...expected\u001b[39m\u001b[2m)\u001b[22m\n\nExpected: \u001b[32m\"mock-user-id\"\u001b[39m\n\nNumber of calls: \u001b[31m0\u001b[39m\n    at Object.<anonymous> (/Users/aishaakram/Downloads/api-6/src/__tests__/medication-notifications.service.test.ts:171:29)\n    at processTicksAndRejections (node:internal/process/task_queues:95:5)"],"fullName":"Medication Notifications Service checkOverdueMedications should handle missing caregiver user","invocations":1,"location":null,"numPassingAsserts":2,"retryReasons":[],"status":"failed","title":"should handle missing caregiver user"},{"ancestorTitles":["Medication Notifications Service","checkOverdueMedications"],"duration":18,"failureDetails":[],"failureMessages":[],"fullName":"Medication Notifications Service checkOverdueMedications should handle error when checking medications","invocations":1,"location":null,"numPassingAsserts":3,"retryReasons":[],"status":"passed","title":"should handle error when checking medications"}],"endTime":1743375173729,"message":"\u001b[1m\u001b[31m  \u001b[1m● \u001b[22m\u001b[1mMedication Notifications Service › checkOverdueMedications › should handle missing patient user\u001b[39m\u001b[22m\n\n    \u001b[2mexpect(\u001b[22m\u001b[31mjest.fn()\u001b[39m\u001b[2m).\u001b[22mtoHaveBeenCalledWith\u001b[2m(\u001b[22m\u001b[32m...expected\u001b[39m\u001b[2m)\u001b[22m\n\n    Expected: \u001b[32m\"mock-user-id\"\u001b[39m\n\n    Number of calls: \u001b[31m0\u001b[39m\n\u001b[2m\u001b[22m\n\u001b[2m    \u001b[0m \u001b[90m 149 |\u001b[39m       })\u001b[33m;\u001b[39m\u001b[22m\n\u001b[2m     \u001b[90m 150 |\u001b[39m       expect(mockQuery\u001b[33m.\u001b[39mpopulate)\u001b[33m.\u001b[39mtoHaveBeenCalledWith(\u001b[32m'patientId'\u001b[39m)\u001b[33m;\u001b[39m\u001b[22m\n\u001b[2m    \u001b[31m\u001b[1m>\u001b[22m\u001b[2m\u001b[39m\u001b[90m 151 |\u001b[39m       expect(\u001b[33mUser\u001b[39m\u001b[33m.\u001b[39mfindById)\u001b[33m.\u001b[39mtoHaveBeenCalledWith(testPatientUser\u001b[33m.\u001b[39m_id)\u001b[33m;\u001b[39m\u001b[22m\n\u001b[2m     \u001b[90m     |\u001b[39m                             \u001b[31m\u001b[1m^\u001b[22m\u001b[2m\u001b[39m\u001b[22m\n\u001b[2m     \u001b[90m 152 |\u001b[39m       expect(sendPushNotification)\u001b[33m.\u001b[39mnot\u001b[33m.\u001b[39mtoHaveBeenCalled()\u001b[33m;\u001b[39m\u001b[22m\n\u001b[2m     \u001b[90m 153 |\u001b[39m     })\u001b[33m;\u001b[39m\u001b[22m\n\u001b[2m     \u001b[90m 154 |\u001b[39m\u001b[0m\u001b[22m\n\u001b[2m\u001b[22m\n\u001b[2m      \u001b[2mat Object.<anonymous> (\u001b[22m\u001b[2m\u001b[0m\u001b[36msrc/__tests__/medication-notifications.service.test.ts\u001b[39m\u001b[0m\u001b[2m:151:29)\u001b[22m\u001b[2m\u001b[22m\n\n\u001b[1m\u001b[31m  \u001b[1m● \u001b[22m\u001b[1mMedication Notifications Service › checkOverdueMedications › should handle missing caregiver user\u001b[39m\u001b[22m\n\n    \u001b[2mexpect(\u001b[22m\u001b[31mjest.fn()\u001b[39m\u001b[2m).\u001b[22mtoHaveBeenCalledWith\u001b[2m(\u001b[22m\u001b[32m...expected\u001b[39m\u001b[2m)\u001b[22m\n\n    Expected: \u001b[32m\"mock-user-id\"\u001b[39m\n\n    Number of calls: \u001b[31m0\u001b[39m\n\u001b[2m\u001b[22m\n\u001b[2m    \u001b[0m \u001b[90m 169 |\u001b[39m       })\u001b[33m;\u001b[39m\u001b[22m\n\u001b[2m     \u001b[90m 170 |\u001b[39m       expect(mockQuery\u001b[33m.\u001b[39mpopulate)\u001b[33m.\u001b[39mtoHaveBeenCalledWith(\u001b[32m'patientId'\u001b[39m)\u001b[33m;\u001b[39m\u001b[22m\n\u001b[2m    \u001b[31m\u001b[1m>\u001b[22m\u001b[2m\u001b[39m\u001b[90m 171 |\u001b[39m       expect(\u001b[33mUser\u001b[39m\u001b[33m.\u001b[39mfindById)\u001b[33m.\u001b[39mtoHaveBeenCalledWith(testPatientUser\u001b[33m.\u001b[39m_id)\u001b[33m;\u001b[39m\u001b[22m\n\u001b[2m     \u001b[90m     |\u001b[39m                             \u001b[31m\u001b[1m^\u001b[22m\u001b[2m\u001b[39m\u001b[22m\n\u001b[2m     \u001b[90m 172 |\u001b[39m       expect(\u001b[33mUser\u001b[39m\u001b[33m.\u001b[39mfindOne)\u001b[33m.\u001b[39mtoHaveBeenCalledWith({ email\u001b[33m:\u001b[39m testCaregiverUser\u001b[33m.\u001b[39memail })\u001b[33m;\u001b[39m\u001b[22m\n\u001b[2m     \u001b[90m 173 |\u001b[39m       expect(sendPushNotification)\u001b[33m.\u001b[39mnot\u001b[33m.\u001b[39mtoHaveBeenCalled()\u001b[33m;\u001b[39m\u001b[22m\n\u001b[2m     \u001b[90m 174 |\u001b[39m     })\u001b[33m;\u001b[39m\u001b[0m\u001b[22m\n\u001b[2m\u001b[22m\n\u001b[2m      \u001b[2mat Object.<anonymous> (\u001b[22m\u001b[2m\u001b[0m\u001b[36msrc/__tests__/medication-notifications.service.test.ts\u001b[39m\u001b[0m\u001b[2m:171:29)\u001b[22m\u001b[2m\u001b[22m\n","name":"/Users/aishaakram/Downloads/api-6/src/__tests__/medication-notifications.service.test.ts","startTime":1743375167758,"status":"failed","summary":""},{"assertionResults":[{"ancestorTitles":["Task Notifications Service","checkOverdueTasks"],"duration":17,"failureDetails":[],"failureMessages":[],"fullName":"Task Notifications Service checkOverdueTasks should send notification for overdue task","invocations":1,"location":null,"numPassingAsserts":6,"retryReasons":[],"status":"passed","title":"should send notification for overdue task"},{"ancestorTitles":["Task Notifications Service","checkOverdueTasks"],"duration":1,"failureDetails":[],"failureMessages":[],"fullName":"Task Notifications Service checkOverdueTasks should not send notification if caregiver notification is disabled","invocations":1,"location":null,"numPassingAsserts":3,"retryReasons":[],"status":"passed","title":"should not send notification if caregiver notification is disabled"},{"ancestorTitles":["Task Notifications Service","checkOverdueTasks"],"duration":1,"failureDetails":[],"failureMessages":[],"fullName":"Task Notifications Service checkOverdueTasks should not send notification if caregiver is already notified","invocations":1,"location":null,"numPassingAsserts":3,"retryReasons":[],"status":"passed","title":"should not send notification if caregiver is already notified"},{"ancestorTitles":["Task Notifications Service","checkOverdueTasks"],"duration":6,"failureDetails":[{"matcherResult":{"message":"\u001b[2mexpect(\u001b[22m\u001b[31mjest.fn()\u001b[39m\u001b[2m).\u001b[22mtoHaveBeenCalledWith\u001b[2m(\u001b[22m\u001b[32m...expected\u001b[39m\u001b[2m)\u001b[22m\n\nExpected: \u001b[32m\"mock-user-id\"\u001b[39m\n\nNumber of calls: \u001b[31m0\u001b[39m","pass":false}}],"failureMessages":["Error: \u001b[2mexpect(\u001b[22m\u001b[31mjest.fn()\u001b[39m\u001b[2m).\u001b[22mtoHaveBeenCalledWith\u001b[2m(\u001b[22m\u001b[32m...expected\u001b[39m\u001b[2m)\u001b[22m\n\nExpected: \u001b[32m\"mock-user-id\"\u001b[39m\n\nNumber of calls: \u001b[31m0\u001b[39m\n    at Object.<anonymous> (/Users/aishaakram/Downloads/api-6/src/__tests__/task-notifications.service.test.ts:149:29)\n    at processTicksAndRejections (node:internal/process/task_queues:95:5)"],"fullName":"Task Notifications Service checkOverdueTasks should handle missing patient user","invocations":1,"location":null,"numPassingAsserts":2,"retryReasons":[],"status":"failed","title":"should handle missing patient user"},{"ancestorTitles":["Task Notifications Service","checkOverdueTasks"],"duration":2,"failureDetails":[{"matcherResult":{"message":"\u001b[2mexpect(\u001b[22m\u001b[31mjest.fn()\u001b[39m\u001b[2m).\u001b[22mtoHaveBeenCalledWith\u001b[2m(\u001b[22m\u001b[32m...expected\u001b[39m\u001b[2m)\u001b[22m\n\nExpected: \u001b[32m\"mock-user-id\"\u001b[39m\n\nNumber of calls: \u001b[31m0\u001b[39m","pass":false}}],"failureMessages":["Error: \u001b[2mexpect(\u001b[22m\u001b[31mjest.fn()\u001b[39m\u001b[2m).\u001b[22mtoHaveBeenCalledWith\u001b[2m(\u001b[22m\u001b[32m...expected\u001b[39m\u001b[2m)\u001b[22m\n\nExpected: \u001b[32m\"mock-user-id\"\u001b[39m\n\nNumber of calls: \u001b[31m0\u001b[39m\n    at Object.<anonymous> (/Users/aishaakram/Downloads/api-6/src/__tests__/task-notifications.service.test.ts:169:29)\n    at processTicksAndRejections (node:internal/process/task_queues:95:5)"],"fullName":"Task Notifications Service checkOverdueTasks should handle missing caregiver user","invocations":1,"location":null,"numPassingAsserts":2,"retryReasons":[],"status":"failed","title":"should handle missing caregiver user"},{"ancestorTitles":["Task Notifications Service","checkOverdueTasks"],"duration":55,"failureDetails":[],"failureMessages":[],"fullName":"Task Notifications Service checkOverdueTasks should handle error when checking tasks","invocations":1,"location":null,"numPassingAsserts":3,"retryReasons":[],"status":"passed","title":"should handle error when checking tasks"}],"endTime":1743375173982,"message":"\u001b[1m\u001b[31m  \u001b[1m● \u001b[22m\u001b[1mTask Notifications Service › checkOverdueTasks › should handle missing patient user\u001b[39m\u001b[22m\n\n    \u001b[2mexpect(\u001b[22m\u001b[31mjest.fn()\u001b[39m\u001b[2m).\u001b[22mtoHaveBeenCalledWith\u001b[2m(\u001b[22m\u001b[32m...expected\u001b[39m\u001b[2m)\u001b[22m\n\n    Expected: \u001b[32m\"mock-user-id\"\u001b[39m\n\n    Number of calls: \u001b[31m0\u001b[39m\n\u001b[2m\u001b[22m\n\u001b[2m    \u001b[0m \u001b[90m 147 |\u001b[39m       })\u001b[33m;\u001b[39m\u001b[22m\n\u001b[2m     \u001b[90m 148 |\u001b[39m       expect(mockQuery\u001b[33m.\u001b[39mpopulate)\u001b[33m.\u001b[39mtoHaveBeenCalledWith(\u001b[32m'patientId'\u001b[39m)\u001b[33m;\u001b[39m\u001b[22m\n\u001b[2m    \u001b[31m\u001b[1m>\u001b[22m\u001b[2m\u001b[39m\u001b[90m 149 |\u001b[39m       expect(\u001b[33mUser\u001b[39m\u001b[33m.\u001b[39mfindById)\u001b[33m.\u001b[39mtoHaveBeenCalledWith(testPatientUser\u001b[33m.\u001b[39m_id)\u001b[33m;\u001b[39m\u001b[22m\n\u001b[2m     \u001b[90m     |\u001b[39m                             \u001b[31m\u001b[1m^\u001b[22m\u001b[2m\u001b[39m\u001b[22m\n\u001b[2m     \u001b[90m 150 |\u001b[39m       expect(sendPushNotification)\u001b[33m.\u001b[39mnot\u001b[33m.\u001b[39mtoHaveBeenCalled()\u001b[33m;\u001b[39m\u001b[22m\n\u001b[2m     \u001b[90m 151 |\u001b[39m     })\u001b[33m;\u001b[39m\u001b[22m\n\u001b[2m     \u001b[90m 152 |\u001b[39m\u001b[0m\u001b[22m\n\u001b[2m\u001b[22m\n\u001b[2m      \u001b[2mat Object.<anonymous> (\u001b[22m\u001b[2m\u001b[0m\u001b[36msrc/__tests__/task-notifications.service.test.ts\u001b[39m\u001b[0m\u001b[2m:149:29)\u001b[22m\u001b[2m\u001b[22m\n\n\u001b[1m\u001b[31m  \u001b[1m● \u001b[22m\u001b[1mTask Notifications Service › checkOverdueTasks › should handle missing caregiver user\u001b[39m\u001b[22m\n\n    \u001b[2mexpect(\u001b[22m\u001b[31mjest.fn()\u001b[39m\u001b[2m).\u001b[22mtoHaveBeenCalledWith\u001b[2m(\u001b[22m\u001b[32m...expected\u001b[39m\u001b[2m)\u001b[22m\n\n    Expected: \u001b[32m\"mock-user-id\"\u001b[39m\n\n    Number of calls: \u001b[31m0\u001b[39m\n\u001b[2m\u001b[22m\n\u001b[2m    \u001b[0m \u001b[90m 167 |\u001b[39m       })\u001b[33m;\u001b[39m\u001b[22m\n\u001b[2m     \u001b[90m 168 |\u001b[39m       expect(mockQuery\u001b[33m.\u001b[39mpopulate)\u001b[33m.\u001b[39mtoHaveBeenCalledWith(\u001b[32m'patientId'\u001b[39m)\u001b[33m;\u001b[39m\u001b[22m\n\u001b[2m    \u001b[31m\u001b[1m>\u001b[22m\u001b[2m\u001b[39m\u001b[90m 169 |\u001b[39m       expect(\u001b[33mUser\u001b[39m\u001b[33m.\u001b[39mfindById)\u001b[33m.\u001b[39mtoHaveBeenCalledWith(testPatientUser\u001b[33m.\u001b[39m_id)\u001b[33m;\u001b[39m\u001b[22m\n\u001b[2m     \u001b[90m     |\u001b[39m                             \u001b[31m\u001b[1m^\u001b[22m\u001b[2m\u001b[39m\u001b[22m\n\u001b[2m     \u001b[90m 170 |\u001b[39m       expect(\u001b[33mUser\u001b[39m\u001b[33m.\u001b[39mfindOne)\u001b[33m.\u001b[39mtoHaveBeenCalledWith({ email\u001b[33m:\u001b[39m testCaregiverUser\u001b[33m.\u001b[39memail })\u001b[33m;\u001b[39m\u001b[22m\n\u001b[2m     \u001b[90m 171 |\u001b[39m       expect(sendPushNotification)\u001b[33m.\u001b[39mnot\u001b[33m.\u001b[39mtoHaveBeenCalled()\u001b[33m;\u001b[39m\u001b[22m\n\u001b[2m     \u001b[90m 172 |\u001b[39m     })\u001b[33m;\u001b[39m\u001b[0m\u001b[22m\n\u001b[2m\u001b[22m\n\u001b[2m      \u001b[2mat Object.<anonymous> (\u001b[22m\u001b[2m\u001b[0m\u001b[36msrc/__tests__/task-notifications.service.test.ts\u001b[39m\u001b[0m\u001b[2m:169:29)\u001b[22m\u001b[2m\u001b[22m\n","name":"/Users/aishaakram/Downloads/api-6/src/__tests__/task-notifications.service.test.ts","startTime":1743375167799,"status":"failed","summary":""},{"assertionResults":[{"ancestorTitles":["User Routes","GET /api/users/me"],"duration":81,"failureDetails":[],"failureMessages":[],"fullName":"User Routes GET /api/users/me should return patient user data","invocations":1,"location":null,"numPassingAsserts":4,"retryReasons":[],"status":"passed","title":"should return patient user data"},{"ancestorTitles":["User Routes","GET /api/users/me"],"duration":27,"failureDetails":[],"failureMessages":[],"fullName":"User Routes GET /api/users/me should return caregiver user data","invocations":1,"location":null,"numPassingAsserts":3,"retryReasons":[],"status":"passed","title":"should return caregiver user data"},{"ancestorTitles":["User Routes","GET /api/users/me"],"duration":5,"failureDetails":[],"failureMessages":[],"fullName":"User Routes GET /api/users/me should return 404 when user not found","invocations":1,"location":null,"numPassingAsserts":2,"retryReasons":[],"status":"passed","title":"should return 404 when user not found"},{"ancestorTitles":["User Routes","GET /api/users/me"],"duration":4,"failureDetails":[],"failureMessages":[],"fullName":"User Routes GET /api/users/me should return 404 when patient details not found","invocations":1,"location":null,"numPassingAsserts":2,"retryReasons":[],"status":"passed","title":"should return 404 when patient details not found"},{"ancestorTitles":["User Routes","GET /api/users/me"],"duration":5,"failureDetails":[],"failureMessages":[],"fullName":"User Routes GET /api/users/me should return 404 when caregiver details not found","invocations":1,"location":null,"numPassingAsserts":2,"retryReasons":[],"status":"passed","title":"should return 404 when caregiver details not found"},{"ancestorTitles":["User Routes","GET /api/users/me"],"duration":50,"failureDetails":[],"failureMessages":[],"fullName":"User Routes GET /api/users/me should handle server errors","invocations":1,"location":null,"numPassingAsserts":2,"retryReasons":[],"status":"passed","title":"should handle server errors"},{"ancestorTitles":["User Routes","PUT /api/users/me"],"duration":35,"failureDetails":[],"failureMessages":[],"fullName":"User Routes PUT /api/users/me should update user details successfully","invocations":1,"location":null,"numPassingAsserts":2,"retryReasons":[],"status":"passed","title":"should update user details successfully"},{"ancestorTitles":["User Routes","PUT /api/users/me"],"duration":13,"failureDetails":[],"failureMessages":[],"fullName":"User Routes PUT /api/users/me should return 404 when user not found for update","invocations":1,"location":null,"numPassingAsserts":2,"retryReasons":[],"status":"passed","title":"should return 404 when user not found for update"},{"ancestorTitles":["User Routes","PUT /api/users/me"],"duration":36,"failureDetails":[],"failureMessages":[],"fullName":"User Routes PUT /api/users/me should handle server errors during update","invocations":1,"location":null,"numPassingAsserts":2,"retryReasons":[],"status":"passed","title":"should handle server errors during update"},{"ancestorTitles":["User Routes","POST /api/users/me/profile-image"],"duration":4,"failureDetails":[],"failureMessages":[],"fullName":"User Routes POST /api/users/me/profile-image should update profile image successfully","invocations":1,"location":null,"numPassingAsserts":3,"retryReasons":[],"status":"passed","title":"should update profile image successfully"},{"ancestorTitles":["User Routes","POST /api/users/me/profile-image"],"duration":19,"failureDetails":[],"failureMessages":[],"fullName":"User Routes POST /api/users/me/profile-image should return 400 when no image data provided","invocations":1,"location":null,"numPassingAsserts":2,"retryReasons":[],"status":"passed","title":"should return 400 when no image data provided"},{"ancestorTitles":["User Routes","POST /api/users/me/profile-image"],"duration":10,"failureDetails":[],"failureMessages":[],"fullName":"User Routes POST /api/users/me/profile-image should return 404 when user not found for profile image update","invocations":1,"location":null,"numPassingAsserts":2,"retryReasons":[],"status":"passed","title":"should return 404 when user not found for profile image update"},{"ancestorTitles":["User Routes","POST /api/users/me/profile-image"],"duration":14,"failureDetails":[],"failureMessages":[],"fullName":"User Routes POST /api/users/me/profile-image should handle server errors during profile image update","invocations":1,"location":null,"numPassingAsserts":2,"retryReasons":[],"status":"passed","title":"should handle server errors during profile image update"},{"ancestorTitles":["User Routes","GET /api/users/dashboard"],"duration":15,"failureDetails":[],"failureMessages":[],"fullName":"User Routes GET /api/users/dashboard should return 404 when user not found for dashboard","invocations":1,"location":null,"numPassingAsserts":2,"retryReasons":[],"status":"passed","title":"should return 404 when user not found for dashboard"},{"ancestorTitles":["User Routes","GET /api/users/dashboard"],"duration":12,"failureDetails":[],"failureMessages":[],"fullName":"User Routes GET /api/users/dashboard should return 404 when patient details not found for dashboard","invocations":1,"location":null,"numPassingAsserts":2,"retryReasons":[],"status":"passed","title":"should return 404 when patient details not found for dashboard"},{"ancestorTitles":["User Routes","GET /api/users/dashboard"],"duration":21,"failureDetails":[],"failureMessages":[],"fullName":"User Routes GET /api/users/dashboard should return 404 when caregiver details not found for dashboard","invocations":1,"location":null,"numPassingAsserts":2,"retryReasons":[],"status":"passed","title":"should return 404 when caregiver details not found for dashboard"},{"ancestorTitles":["User Routes","GET /api/users/dashboard"],"duration":7,"failureDetails":[],"failureMessages":[],"fullName":"User Routes GET /api/users/dashboard should handle server errors for dashboard","invocations":1,"location":null,"numPassingAsserts":2,"retryReasons":[],"status":"passed","title":"should handle server errors for dashboard"},{"ancestorTitles":["User Routes","GET /api/users/dashboard","POST /api/users/safezone-breach/:id/dismiss"],"duration":5,"failureDetails":[],"failureMessages":[],"fullName":"User Routes GET /api/users/dashboard POST /api/users/safezone-breach/:id/dismiss should return 404 when safezone breach not found","invocations":1,"location":null,"numPassingAsserts":3,"retryReasons":[],"status":"passed","title":"should return 404 when safezone breach not found"},{"ancestorTitles":["User Routes","GET /api/users/dashboard","POST /api/users/safezone-breach/:id/dismiss"],"duration":6,"failureDetails":[],"failureMessages":[],"fullName":"User Routes GET /api/users/dashboard POST /api/users/safezone-breach/:id/dismiss should handle server errors when dismissing safezone breach","invocations":1,"location":null,"numPassingAsserts":3,"retryReasons":[],"status":"passed","title":"should handle server errors when dismissing safezone breach"},{"ancestorTitles":["User Routes","GET /api/users/dashboard","GET /api/users/safezone-breach/:id"],"duration":28,"failureDetails":[],"failureMessages":[],"fullName":"User Routes GET /api/users/dashboard GET /api/users/safezone-breach/:id should get safezone breach details successfully for patient","invocations":1,"location":null,"numPassingAsserts":2,"retryReasons":[],"status":"passed","title":"should get safezone breach details successfully for patient"},{"ancestorTitles":["User Routes","GET /api/users/dashboard","GET /api/users/safezone-breach/:id"],"duration":8,"failureDetails":[],"failureMessages":[],"fullName":"User Routes GET /api/users/dashboard GET /api/users/safezone-breach/:id should get safezone breach details successfully for caregiver","invocations":1,"location":null,"numPassingAsserts":3,"retryReasons":[],"status":"passed","title":"should get safezone breach details successfully for caregiver"},{"ancestorTitles":["User Routes","GET /api/users/dashboard","GET /api/users/safezone-breach/:id"],"duration":4,"failureDetails":[],"failureMessages":[],"fullName":"User Routes GET /api/users/dashboard GET /api/users/safezone-breach/:id should return 404 when safezone breach not found","invocations":1,"location":null,"numPassingAsserts":3,"retryReasons":[],"status":"passed","title":"should return 404 when safezone breach not found"},{"ancestorTitles":["User Routes","GET /api/users/dashboard","GET /api/users/safezone-breach/:id"],"duration":39,"failureDetails":[],"failureMessages":[],"fullName":"User Routes GET /api/users/dashboard GET /api/users/safezone-breach/:id should return 403 when user is not authorized to view breach","invocations":1,"location":null,"numPassingAsserts":3,"retryReasons":[],"status":"passed","title":"should return 403 when user is not authorized to view breach"},{"ancestorTitles":["User Routes","GET /api/users/dashboard","GET /api/users/safezone-breach/:id"],"duration":6,"failureDetails":[],"failureMessages":[],"fullName":"User Routes GET /api/users/dashboard GET /api/users/safezone-breach/:id should handle server errors when getting safezone breach","invocations":1,"location":null,"numPassingAsserts":3,"retryReasons":[],"status":"passed","title":"should handle server errors when getting safezone breach"}],"endTime":1743375175258,"message":"","name":"/Users/aishaakram/Downloads/api-6/src/__tests__/user.route.test.ts","startTime":1743375167758,"status":"passed","summary":""},{"assertionResults":[{"ancestorTitles":["Fall Events Routes","POST /fall-events"],"duration":141,"failureDetails":[],"failureMessages":[],"fullName":"Fall Events Routes POST /fall-events should return 403 if user is not a patient","invocations":1,"location":null,"numPassingAsserts":2,"retryReasons":[],"status":"passed","title":"should return 403 if user is not a patient"},{"ancestorTitles":["Fall Events Routes","POST /fall-events"],"duration":58,"failureDetails":[],"failureMessages":[],"fullName":"Fall Events Routes POST /fall-events should return error if patient not found","invocations":1,"location":null,"numPassingAsserts":1,"retryReasons":[],"status":"passed","title":"should return error if patient not found"},{"ancestorTitles":["Fall Events Routes","GET /fall-events"],"duration":9,"failureDetails":[],"failureMessages":[],"fullName":"Fall Events Routes GET /fall-events should return 404 if user not found","invocations":1,"location":null,"numPassingAsserts":1,"retryReasons":[],"status":"passed","title":"should return 404 if user not found"},{"ancestorTitles":["Fall Events Routes","GET /fall-events"],"duration":10,"failureDetails":[],"failureMessages":[],"fullName":"Fall Events Routes GET /fall-events should return 404 if patient not found","invocations":1,"location":null,"numPassingAsserts":1,"retryReasons":[],"status":"passed","title":"should return 404 if patient not found"},{"ancestorTitles":["Fall Events Routes","GET /fall-events/:id"],"duration":5,"failureDetails":[],"failureMessages":[],"fullName":"Fall Events Routes GET /fall-events/:id should return a single fall event for authorized patient","invocations":1,"location":null,"numPassingAsserts":3,"retryReasons":[],"status":"passed","title":"should return a single fall event for authorized patient"},{"ancestorTitles":["Fall Events Routes","GET /fall-events/:id"],"duration":11,"failureDetails":[],"failureMessages":[],"fullName":"Fall Events Routes GET /fall-events/:id should return 404 if fall event not found","invocations":1,"location":null,"numPassingAsserts":1,"retryReasons":[],"status":"passed","title":"should return 404 if fall event not found"},{"ancestorTitles":["Fall Events Routes","GET /fall-events/:id"],"duration":9,"failureDetails":[],"failureMessages":[],"fullName":"Fall Events Routes GET /fall-events/:id should return 403 if patient tries to access another patient's event","invocations":1,"location":null,"numPassingAsserts":1,"retryReasons":[],"status":"passed","title":"should return 403 if patient tries to access another patient's event"},{"ancestorTitles":["Fall Events Routes","PATCH /fall-events/:id/status"],"duration":31,"failureDetails":[],"failureMessages":[],"fullName":"Fall Events Routes PATCH /fall-events/:id/status should update fall event status to confirmed","invocations":1,"location":null,"numPassingAsserts":3,"retryReasons":[],"status":"passed","title":"should update fall event status to confirmed"},{"ancestorTitles":["Fall Events Routes","PATCH /fall-events/:id/status"],"duration":8,"failureDetails":[],"failureMessages":[],"fullName":"Fall Events Routes PATCH /fall-events/:id/status should update fall event status to resolved","invocations":1,"location":null,"numPassingAsserts":3,"retryReasons":[],"status":"passed","title":"should update fall event status to resolved"},{"ancestorTitles":["Fall Events Routes","PATCH /fall-events/:id/status"],"duration":9,"failureDetails":[],"failureMessages":[],"fullName":"Fall Events Routes PATCH /fall-events/:id/status should return 400 for invalid status","invocations":1,"location":null,"numPassingAsserts":1,"retryReasons":[],"status":"passed","title":"should return 400 for invalid status"},{"ancestorTitles":["Fall Events Routes","PATCH /fall-events/:id/status"],"duration":20,"failureDetails":[],"failureMessages":[],"fullName":"Fall Events Routes PATCH /fall-events/:id/status should return 403 if user not authorized to update event","invocations":1,"location":null,"numPassingAsserts":1,"retryReasons":[],"status":"passed","title":"should return 403 if user not authorized to update event"},{"ancestorTitles":["Fall Events Routes","PATCH /fall-events/:id/dismiss"],"duration":11,"failureDetails":[],"failureMessages":[],"fullName":"Fall Events Routes PATCH /fall-events/:id/dismiss should dismiss a fall event","invocations":1,"location":null,"numPassingAsserts":3,"retryReasons":[],"status":"passed","title":"should dismiss a fall event"},{"ancestorTitles":["Fall Events Routes","PATCH /fall-events/:id/dismiss"],"duration":9,"failureDetails":[],"failureMessages":[],"fullName":"Fall Events Routes PATCH /fall-events/:id/dismiss should return 404 if fall event not found","invocations":1,"location":null,"numPassingAsserts":1,"retryReasons":[],"status":"passed","title":"should return 404 if fall event not found"},{"ancestorTitles":["Fall Events Routes","PATCH /fall-events/:id/dismiss"],"duration":10,"failureDetails":[],"failureMessages":[],"fullName":"Fall Events Routes PATCH /fall-events/:id/dismiss should return 403 if user not authorized to dismiss event","invocations":1,"location":null,"numPassingAsserts":1,"retryReasons":[],"status":"passed","title":"should return 403 if user not authorized to dismiss event"}],"endTime":1743375175487,"message":"","name":"/Users/aishaakram/Downloads/api-6/src/__tests__/fall-events.route.test.ts","startTime":1743375167788,"status":"passed","summary":""},{"assertionResults":[{"ancestorTitles":["Authentication Endpoints","POST /auth/register"],"duration":95,"failureDetails":[],"failureMessages":[],"fullName":"Authentication Endpoints POST /auth/register should register a new user","invocations":1,"location":null,"numPassingAsserts":4,"retryReasons":[],"status":"passed","title":"should register a new user"},{"ancestorTitles":["Authentication Endpoints","POST /auth/register"],"duration":22,"failureDetails":[],"failureMessages":[],"fullName":"Authentication Endpoints POST /auth/register should return 409 if user already exists","invocations":1,"location":null,"numPassingAsserts":2,"retryReasons":[],"status":"passed","title":"should return 409 if user already exists"},{"ancestorTitles":["Authentication Endpoints","POST /auth/register"],"duration":6,"failureDetails":[],"failureMessages":[],"fullName":"Authentication Endpoints POST /auth/register should handle server errors during registration","invocations":1,"location":null,"numPassingAsserts":3,"retryReasons":[],"status":"passed","title":"should handle server errors during registration"},{"ancestorTitles":["Authentication Endpoints","POST /auth/login"],"duration":5,"failureDetails":[],"failureMessages":[],"fullName":"Authentication Endpoints POST /auth/login should login successfully","invocations":1,"location":null,"numPassingAsserts":3,"retryReasons":[],"status":"passed","title":"should login successfully"},{"ancestorTitles":["Authentication Endpoints","POST /auth/login"],"duration":7,"failureDetails":[],"failureMessages":[],"fullName":"Authentication Endpoints POST /auth/login should return 401 for invalid credentials","invocations":1,"location":null,"numPassingAsserts":2,"retryReasons":[],"status":"passed","title":"should return 401 for invalid credentials"},{"ancestorTitles":["Authentication Endpoints","POST /auth/login"],"duration":6,"failureDetails":[],"failureMessages":[],"fullName":"Authentication Endpoints POST /auth/login should return 409 if user does not exist","invocations":1,"location":null,"numPassingAsserts":3,"retryReasons":[],"status":"passed","title":"should return 409 if user does not exist"},{"ancestorTitles":["Authentication Endpoints","POST /auth/login"],"duration":41,"failureDetails":[],"failureMessages":[],"fullName":"Authentication Endpoints POST /auth/login should handle server errors during login","invocations":1,"location":null,"numPassingAsserts":3,"retryReasons":[],"status":"passed","title":"should handle server errors during login"},{"ancestorTitles":["Authentication Endpoints","POST /auth/registerCaregiver"],"duration":5,"failureDetails":[],"failureMessages":[],"fullName":"Authentication Endpoints POST /auth/registerCaregiver should return 409 if caregiver email already exists","invocations":1,"location":null,"numPassingAsserts":3,"retryReasons":[],"status":"passed","title":"should return 409 if caregiver email already exists"},{"ancestorTitles":["Authentication Endpoints","POST /auth/registerCaregiver"],"duration":5,"failureDetails":[],"failureMessages":[],"fullName":"Authentication Endpoints POST /auth/registerCaregiver should handle server errors during caregiver registration","invocations":1,"location":null,"numPassingAsserts":3,"retryReasons":[],"status":"passed","title":"should handle server errors during caregiver registration"},{"ancestorTitles":["Authentication Endpoints","POST /auth/registerPatient"],"duration":49,"failureDetails":[],"failureMessages":[],"fullName":"Authentication Endpoints POST /auth/registerPatient should register a new patient successfully","invocations":1,"location":null,"numPassingAsserts":4,"retryReasons":[],"status":"passed","title":"should register a new patient successfully"},{"ancestorTitles":["Authentication Endpoints","POST /auth/registerPatient"],"duration":5,"failureDetails":[],"failureMessages":[],"fullName":"Authentication Endpoints POST /auth/registerPatient should handle server errors during patient registration","invocations":1,"location":null,"numPassingAsserts":3,"retryReasons":[],"status":"passed","title":"should handle server errors during patient registration"},{"ancestorTitles":["Authentication Endpoints"],"duration":4,"failureDetails":[],"failureMessages":[],"fullName":"Authentication Endpoints should get user profile","invocations":1,"location":null,"numPassingAsserts":3,"retryReasons":[],"status":"passed","title":"should get user profile"}],"endTime":1743375175488,"message":"","name":"/Users/aishaakram/Downloads/api-6/src/__tests__/auth.test.ts","startTime":1743375167793,"status":"passed","summary":""},{"assertionResults":[{"ancestorTitles":["Inventory Endpoints","GET /inventory"],"duration":58,"failureDetails":[],"failureMessages":[],"fullName":"Inventory Endpoints GET /inventory should get all inventory items","invocations":1,"location":null,"numPassingAsserts":5,"retryReasons":[],"status":"passed","title":"should get all inventory items"},{"ancestorTitles":["Inventory Endpoints","GET /inventory"],"duration":36,"failureDetails":[],"failureMessages":[],"fullName":"Inventory Endpoints GET /inventory should return 404 if user not found","invocations":1,"location":null,"numPassingAsserts":2,"retryReasons":[],"status":"passed","title":"should return 404 if user not found"},{"ancestorTitles":["Inventory Endpoints","GET /inventory"],"duration":5,"failureDetails":[],"failureMessages":[],"fullName":"Inventory Endpoints GET /inventory should return 404 if patient not found","invocations":1,"location":null,"numPassingAsserts":2,"retryReasons":[],"status":"passed","title":"should return 404 if patient not found"},{"ancestorTitles":["Inventory Endpoints","PUT /inventory/:id"],"duration":18,"failureDetails":[],"failureMessages":[],"fullName":"Inventory Endpoints PUT /inventory/:id should update an inventory item","invocations":1,"location":null,"numPassingAsserts":3,"retryReasons":[],"status":"passed","title":"should update an inventory item"},{"ancestorTitles":["Inventory Endpoints","PUT /inventory/:id"],"duration":7,"failureDetails":[],"failureMessages":[],"fullName":"Inventory Endpoints PUT /inventory/:id should set needsReplenishment when quantity is below threshold","invocations":1,"location":null,"numPassingAsserts":2,"retryReasons":[],"status":"passed","title":"should set needsReplenishment when quantity is below threshold"},{"ancestorTitles":["Inventory Endpoints","PUT /inventory/:id"],"duration":38,"failureDetails":[],"failureMessages":[],"fullName":"Inventory Endpoints PUT /inventory/:id should return 403 if user is not authorized to update item","invocations":1,"location":null,"numPassingAsserts":2,"retryReasons":[],"status":"passed","title":"should return 403 if user is not authorized to update item"},{"ancestorTitles":["Inventory Endpoints","DELETE /inventory/:id"],"duration":12,"failureDetails":[],"failureMessages":[],"fullName":"Inventory Endpoints DELETE /inventory/:id should delete an inventory item","invocations":1,"location":null,"numPassingAsserts":3,"retryReasons":[],"status":"passed","title":"should delete an inventory item"},{"ancestorTitles":["Inventory Endpoints","DELETE /inventory/:id"],"duration":32,"failureDetails":[],"failureMessages":[],"fullName":"Inventory Endpoints DELETE /inventory/:id should return 404 if item not found","invocations":1,"location":null,"numPassingAsserts":2,"retryReasons":[],"status":"passed","title":"should return 404 if item not found"},{"ancestorTitles":["Inventory Endpoints","POST /inventory/:id/use"],"duration":20,"failureDetails":[],"failureMessages":[],"fullName":"Inventory Endpoints POST /inventory/:id/use should mark an item as used and update quantity","invocations":1,"location":null,"numPassingAsserts":4,"retryReasons":[],"status":"passed","title":"should mark an item as used and update quantity"},{"ancestorTitles":["Inventory Endpoints","POST /inventory/:id/use"],"duration":9,"failureDetails":[],"failureMessages":[],"fullName":"Inventory Endpoints POST /inventory/:id/use should set needsReplenishment when quantity goes below threshold","invocations":1,"location":null,"numPassingAsserts":2,"retryReasons":[],"status":"passed","title":"should set needsReplenishment when quantity goes below threshold"},{"ancestorTitles":["Inventory Endpoints","POST /inventory/:id/use"],"duration":3,"failureDetails":[],"failureMessages":[],"fullName":"Inventory Endpoints POST /inventory/:id/use should not allow negative quantity","invocations":1,"location":null,"numPassingAsserts":2,"retryReasons":[],"status":"passed","title":"should not allow negative quantity"}],"endTime":1743375175550,"message":"","name":"/Users/aishaakram/Downloads/api-6/src/__tests__/inventory.test.ts","startTime":1743375167779,"status":"passed","summary":""},{"assertionResults":[{"ancestorTitles":["Medication Reminders Endpoints"],"duration":33,"failureDetails":[],"failureMessages":[],"fullName":"Medication Reminders Endpoints should get all medication reminders","invocations":1,"location":null,"numPassingAsserts":5,"retryReasons":[],"status":"passed","title":"should get all medication reminders"},{"ancestorTitles":["Medication Reminders Endpoints"],"duration":100,"failureDetails":[],"failureMessages":[],"fullName":"Medication Reminders Endpoints should update a medication reminder","invocations":1,"location":null,"numPassingAsserts":3,"retryReasons":[],"status":"passed","title":"should update a medication reminder"},{"ancestorTitles":["Medication Reminders Endpoints"],"duration":4,"failureDetails":[],"failureMessages":[],"fullName":"Medication Reminders Endpoints should delete a medication reminder","invocations":1,"location":null,"numPassingAsserts":3,"retryReasons":[],"status":"passed","title":"should delete a medication reminder"},{"ancestorTitles":["Medication Reminders Endpoints","POST /medication-reminders"],"duration":11,"failureDetails":[],"failureMessages":[],"fullName":"Medication Reminders Endpoints POST /medication-reminders should return 404 when user not found","invocations":1,"location":null,"numPassingAsserts":2,"retryReasons":[],"status":"passed","title":"should return 404 when user not found"},{"ancestorTitles":["Medication Reminders Endpoints","POST /medication-reminders"],"duration":9,"failureDetails":[],"failureMessages":[],"fullName":"Medication Reminders Endpoints POST /medication-reminders should return 403 for non-patient/caregiver users","invocations":1,"location":null,"numPassingAsserts":2,"retryReasons":[],"status":"passed","title":"should return 403 for non-patient/caregiver users"},{"ancestorTitles":["Medication Reminders Endpoints","POST /medication-reminders/:id/verify"],"duration":6,"failureDetails":[],"failureMessages":[],"fullName":"Medication Reminders Endpoints POST /medication-reminders/:id/verify should verify a medication reminder with photo","invocations":1,"location":null,"numPassingAsserts":4,"retryReasons":[],"status":"passed","title":"should verify a medication reminder with photo"},{"ancestorTitles":["Medication Reminders Endpoints","POST /medication-reminders/:id/verify"],"duration":10,"failureDetails":[],"failureMessages":[],"fullName":"Medication Reminders Endpoints POST /medication-reminders/:id/verify should return 400 when medication verification fails","invocations":1,"location":null,"numPassingAsserts":3,"retryReasons":[],"status":"passed","title":"should return 400 when medication verification fails"},{"ancestorTitles":["Medication Reminders Endpoints","POST /medication-reminders/:id/verify"],"duration":5,"failureDetails":[],"failureMessages":[],"fullName":"Medication Reminders Endpoints POST /medication-reminders/:id/verify should return 404 when non-patient tries to verify","invocations":1,"location":null,"numPassingAsserts":1,"retryReasons":[],"status":"passed","title":"should return 404 when non-patient tries to verify"},{"ancestorTitles":["Medication Reminders Endpoints","Access Control Tests"],"duration":6,"failureDetails":[],"failureMessages":[],"fullName":"Medication Reminders Endpoints Access Control Tests should deny access to reminders of other patients","invocations":1,"location":null,"numPassingAsserts":2,"retryReasons":[],"status":"passed","title":"should deny access to reminders of other patients"},{"ancestorTitles":["Medication Reminders Endpoints","Access Control Tests"],"duration":5,"failureDetails":[],"failureMessages":[],"fullName":"Medication Reminders Endpoints Access Control Tests should allow caregivers to access their patient's reminders","invocations":1,"location":null,"numPassingAsserts":2,"retryReasons":[],"status":"passed","title":"should allow caregivers to access their patient's reminders"}],"endTime":1743375175582,"message":"","name":"/Users/aishaakram/Downloads/api-6/src/__tests__/medication-reminders.test.ts","startTime":1743375173795,"status":"passed","summary":""},{"assertionResults":[{"ancestorTitles":["Patients Endpoints","GET /patients/me"],"duration":35,"failureDetails":[],"failureMessages":[],"fullName":"Patients Endpoints GET /patients/me should return patient info","invocations":1,"location":null,"numPassingAsserts":3,"retryReasons":[],"status":"passed","title":"should return patient info"},{"ancestorTitles":["Patients Endpoints","GET /patients/me"],"duration":29,"failureDetails":[],"failureMessages":[],"fullName":"Patients Endpoints GET /patients/me should return 404 when user is not found","invocations":1,"location":null,"numPassingAsserts":2,"retryReasons":[],"status":"passed","title":"should return 404 when user is not found"},{"ancestorTitles":["Patients Endpoints","GET /patients/me"],"duration":3,"failureDetails":[],"failureMessages":[],"fullName":"Patients Endpoints GET /patients/me should return 404 when caregiver is not found","invocations":1,"location":null,"numPassingAsserts":2,"retryReasons":[],"status":"passed","title":"should return 404 when caregiver is not found"},{"ancestorTitles":["Patients Endpoints","GET /patients/me"],"duration":5,"failureDetails":[],"failureMessages":[],"fullName":"Patients Endpoints GET /patients/me should return 404 when patient is not found","invocations":1,"location":null,"numPassingAsserts":2,"retryReasons":[],"status":"passed","title":"should return 404 when patient is not found"},{"ancestorTitles":["Patients Endpoints","POST /patients/location-sharing"],"duration":36,"failureDetails":[],"failureMessages":[],"fullName":"Patients Endpoints POST /patients/location-sharing should enable location sharing","invocations":1,"location":null,"numPassingAsserts":3,"retryReasons":[],"status":"passed","title":"should enable location sharing"},{"ancestorTitles":["Patients Endpoints","POST /patients/location-sharing"],"duration":5,"failureDetails":[],"failureMessages":[],"fullName":"Patients Endpoints POST /patients/location-sharing should disable location sharing","invocations":1,"location":null,"numPassingAsserts":3,"retryReasons":[],"status":"passed","title":"should disable location sharing"},{"ancestorTitles":["Patients Endpoints","POST /patients/location-sharing"],"duration":5,"failureDetails":[],"failureMessages":[],"fullName":"Patients Endpoints POST /patients/location-sharing should return 404 when non-patient tries to update location sharing","invocations":1,"location":null,"numPassingAsserts":2,"retryReasons":[],"status":"passed","title":"should return 404 when non-patient tries to update location sharing"},{"ancestorTitles":["Patients Endpoints","POST /patients/location"],"duration":4,"failureDetails":[],"failureMessages":[],"fullName":"Patients Endpoints POST /patients/location should update patient location when sharing is enabled","invocations":1,"location":null,"numPassingAsserts":3,"retryReasons":[],"status":"passed","title":"should update patient location when sharing is enabled"},{"ancestorTitles":["Patients Endpoints","POST /patients/location"],"duration":5,"failureDetails":[],"failureMessages":[],"fullName":"Patients Endpoints POST /patients/location should return 403 when location sharing is disabled","invocations":1,"location":null,"numPassingAsserts":2,"retryReasons":[],"status":"passed","title":"should return 403 when location sharing is disabled"},{"ancestorTitles":["Patients Endpoints","POST /patients/location"],"duration":10,"failureDetails":[],"failureMessages":[],"fullName":"Patients Endpoints POST /patients/location should return 404 when non-patient tries to update location","invocations":1,"location":null,"numPassingAsserts":2,"retryReasons":[],"status":"passed","title":"should return 404 when non-patient tries to update location"}],"endTime":1743375175677,"message":"","name":"/Users/aishaakram/Downloads/api-6/src/__tests__/patients.test.ts","startTime":1743375173994,"status":"passed","summary":""},{"assertionResults":[{"ancestorTitles":["Inventory Notifications Service","checkLowInventory"],"duration":3,"failureDetails":[],"failureMessages":[],"fullName":"Inventory Notifications Service checkLowInventory should send notification for low inventory item","invocations":1,"location":null,"numPassingAsserts":6,"retryReasons":[],"status":"passed","title":"should send notification for low inventory item"},{"ancestorTitles":["Inventory Notifications Service","checkLowInventory"],"duration":1,"failureDetails":[],"failureMessages":[],"fullName":"Inventory Notifications Service checkLowInventory should not send notification if item is already notified","invocations":1,"location":null,"numPassingAsserts":3,"retryReasons":[],"status":"passed","title":"should not send notification if item is already notified"},{"ancestorTitles":["Inventory Notifications Service","checkLowInventory"],"duration":0,"failureDetails":[],"failureMessages":[],"fullName":"Inventory Notifications Service checkLowInventory should handle missing patient user","invocations":1,"location":null,"numPassingAsserts":4,"retryReasons":[],"status":"passed","title":"should handle missing patient user"},{"ancestorTitles":["Inventory Notifications Service","checkLowInventory"],"duration":5,"failureDetails":[],"failureMessages":[],"fullName":"Inventory Notifications Service checkLowInventory should handle missing caregiver user","invocations":1,"location":null,"numPassingAsserts":5,"retryReasons":[],"status":"passed","title":"should handle missing caregiver user"},{"ancestorTitles":["Inventory Notifications Service","checkLowInventory"],"duration":14,"failureDetails":[],"failureMessages":[],"fullName":"Inventory Notifications Service checkLowInventory should handle error when checking inventory","invocations":1,"location":null,"numPassingAsserts":3,"retryReasons":[],"status":"passed","title":"should handle error when checking inventory"}],"endTime":1743375175858,"message":"","name":"/Users/aishaakram/Downloads/api-6/src/__tests__/inventory-notifications.service.test.ts","startTime":1743375175774,"status":"passed","summary":""},{"assertionResults":[{"ancestorTitles":["Notifications Service","sendPushNotification"],"duration":3,"failureDetails":[],"failureMessages":[],"fullName":"Notifications Service sendPushNotification should send push notification successfully","invocations":1,"location":null,"numPassingAsserts":5,"retryReasons":[],"status":"passed","title":"should send push notification successfully"},{"ancestorTitles":["Notifications Service","sendPushNotification"],"duration":1,"failureDetails":[],"failureMessages":[],"fullName":"Notifications Service sendPushNotification should handle missing user","invocations":1,"location":null,"numPassingAsserts":2,"retryReasons":[],"status":"passed","title":"should handle missing user"},{"ancestorTitles":["Notifications Service","sendPushNotification"],"duration":0,"failureDetails":[],"failureMessages":[],"fullName":"Notifications Service sendPushNotification should handle missing caregiver","invocations":1,"location":null,"numPassingAsserts":4,"retryReasons":[],"status":"passed","title":"should handle missing caregiver"},{"ancestorTitles":["Notifications Service","sendPushNotification"],"duration":1,"failureDetails":[],"failureMessages":[],"fullName":"Notifications Service sendPushNotification should handle missing push token","invocations":1,"location":null,"numPassingAsserts":4,"retryReasons":[],"status":"passed","title":"should handle missing push token"},{"ancestorTitles":["Notifications Service","sendPushNotification"],"duration":0,"failureDetails":[],"failureMessages":[],"fullName":"Notifications Service sendPushNotification should handle invalid push token","invocations":1,"location":null,"numPassingAsserts":4,"retryReasons":[],"status":"passed","title":"should handle invalid push token"},{"ancestorTitles":["Notifications Service","sendPushNotification"],"duration":5,"failureDetails":[],"failureMessages":[],"fullName":"Notifications Service sendPushNotification should handle error sending notifications","invocations":1,"location":null,"numPassingAsserts":5,"retryReasons":[],"status":"passed","title":"should handle error sending notifications"}],"endTime":1743375175908,"message":"","name":"/Users/aishaakram/Downloads/api-6/src/__tests__/notifications.service.test.ts","startTime":1743375175833,"status":"passed","summary":""},{"assertionResults":[{"ancestorTitles":["Safezones Routes","POST /safezones"],"duration":141,"failureDetails":[],"failureMessages":[],"fullName":"Safezones Routes POST /safezones should create a new safezone","invocations":1,"location":null,"numPassingAsserts":4,"retryReasons":[],"status":"passed","title":"should create a new safezone"},{"ancestorTitles":["Safezones Routes","POST /safezones"],"duration":75,"failureDetails":[],"failureMessages":[],"fullName":"Safezones Routes POST /safezones should return 403 if user is not a caregiver","invocations":1,"location":null,"numPassingAsserts":2,"retryReasons":[],"status":"passed","title":"should return 403 if user is not a caregiver"},{"ancestorTitles":["Safezones Routes","POST /safezones"],"duration":31,"failureDetails":[],"failureMessages":[],"fullName":"Safezones Routes POST /safezones should return error if caregiver not found","invocations":1,"location":null,"numPassingAsserts":1,"retryReasons":[],"status":"passed","title":"should return error if caregiver not found"},{"ancestorTitles":["Safezones Routes","POST /safezones"],"duration":43,"failureDetails":[],"failureMessages":[],"fullName":"Safezones Routes POST /safezones should return 404 if patient user not found","invocations":1,"location":null,"numPassingAsserts":1,"retryReasons":[],"status":"passed","title":"should return 404 if patient user not found"},{"ancestorTitles":["Safezones Routes","POST /safezones"],"duration":21,"failureDetails":[],"failureMessages":[],"fullName":"Safezones Routes POST /safezones should return 404 if patient not found","invocations":1,"location":null,"numPassingAsserts":2,"retryReasons":[],"status":"passed","title":"should return 404 if patient not found"},{"ancestorTitles":["Safezones Routes","GET /safezones"],"duration":91,"failureDetails":[],"failureMessages":[],"fullName":"Safezones Routes GET /safezones should get all safezones for a patient","invocations":1,"location":null,"numPassingAsserts":3,"retryReasons":[],"status":"passed","title":"should get all safezones for a patient"},{"ancestorTitles":["Safezones Routes","GET /safezones"],"duration":11,"failureDetails":[],"failureMessages":[],"fullName":"Safezones Routes GET /safezones should return 404 if patient not found","invocations":1,"location":null,"numPassingAsserts":2,"retryReasons":[],"status":"passed","title":"should return 404 if patient not found"},{"ancestorTitles":["Safezones Routes","GET /safezones/:id"],"duration":5,"failureDetails":[],"failureMessages":[],"fullName":"Safezones Routes GET /safezones/:id should get a single safezone by id","invocations":1,"location":null,"numPassingAsserts":3,"retryReasons":[],"status":"passed","title":"should get a single safezone by id"},{"ancestorTitles":["Safezones Routes","GET /safezones/:id"],"duration":8,"failureDetails":[],"failureMessages":[],"fullName":"Safezones Routes GET /safezones/:id should return 404 if safezone not found","invocations":1,"location":null,"numPassingAsserts":2,"retryReasons":[],"status":"passed","title":"should return 404 if safezone not found"},{"ancestorTitles":["Safezones Routes","GET /safezones/:id"],"duration":27,"failureDetails":[],"failureMessages":[],"fullName":"Safezones Routes GET /safezones/:id should allow patient to access their own safezone","invocations":1,"location":null,"numPassingAsserts":2,"retryReasons":[],"status":"passed","title":"should allow patient to access their own safezone"},{"ancestorTitles":["Safezones Routes","PUT /safezones/:id"],"duration":6,"failureDetails":[],"failureMessages":[],"fullName":"Safezones Routes PUT /safezones/:id should return 404 if safezone not found","invocations":1,"location":null,"numPassingAsserts":1,"retryReasons":[],"status":"passed","title":"should return 404 if safezone not found"},{"ancestorTitles":["Safezones Routes","PUT /safezones/:id"],"duration":4,"failureDetails":[],"failureMessages":[],"fullName":"Safezones Routes PUT /safezones/:id should return 403 if user is not authorized to update safezone","invocations":1,"location":null,"numPassingAsserts":1,"retryReasons":[],"status":"passed","title":"should return 403 if user is not authorized to update safezone"},{"ancestorTitles":["Safezones Routes","DELETE /safezones/:id"],"duration":5,"failureDetails":[],"failureMessages":[],"fullName":"Safezones Routes DELETE /safezones/:id should return 404 if safezone not found","invocations":1,"location":null,"numPassingAsserts":1,"retryReasons":[],"status":"passed","title":"should return 404 if safezone not found"},{"ancestorTitles":["Safezones Routes","DELETE /safezones/:id"],"duration":16,"failureDetails":[],"failureMessages":[],"fullName":"Safezones Routes DELETE /safezones/:id should return 403 if user is not authorized to delete safezone","invocations":1,"location":null,"numPassingAsserts":1,"retryReasons":[],"status":"passed","title":"should return 403 if user is not authorized to delete safezone"},{"ancestorTitles":["Safezones Routes","Error handling"],"duration":25,"failureDetails":[],"failureMessages":[],"fullName":"Safezones Routes Error handling should handle database errors gracefully","invocations":1,"location":null,"numPassingAsserts":2,"retryReasons":[],"status":"passed","title":"should handle database errors gracefully"},{"ancestorTitles":["Safezones Routes","Error handling"],"duration":8,"failureDetails":[],"failureMessages":[],"fullName":"Safezones Routes Error handling should handle invalid token","invocations":1,"location":null,"numPassingAsserts":1,"retryReasons":[],"status":"passed","title":"should handle invalid token"}],"endTime":1743375176204,"message":"","name":"/Users/aishaakram/Downloads/api-6/src/__tests__/safezones.route.test.ts","startTime":1743375167759,"status":"passed","summary":""},{"assertionResults":[{"ancestorTitles":["Safezone Notifications Service","checkSafezoneViolations"],"duration":3,"failureDetails":[],"failureMessages":[],"fullName":"Safezone Notifications Service checkSafezoneViolations should send notification when patient is outside safezone","invocations":1,"location":null,"numPassingAsserts":7,"retryReasons":[],"status":"passed","title":"should send notification when patient is outside safezone"},{"ancestorTitles":["Safezone Notifications Service","checkSafezoneViolations"],"duration":1,"failureDetails":[],"failureMessages":[],"fullName":"Safezone Notifications Service checkSafezoneViolations should not send notification if patient is inside safezone","invocations":1,"location":null,"numPassingAsserts":3,"retryReasons":[],"status":"passed","title":"should not send notification if patient is inside safezone"},{"ancestorTitles":["Safezone Notifications Service","checkSafezoneViolations"],"duration":0,"failureDetails":[],"failureMessages":[],"fullName":"Safezone Notifications Service checkSafezoneViolations should not send notification if location sharing is disabled","invocations":1,"location":null,"numPassingAsserts":3,"retryReasons":[],"status":"passed","title":"should not send notification if location sharing is disabled"},{"ancestorTitles":["Safezone Notifications Service","checkSafezoneViolations"],"duration":1,"failureDetails":[],"failureMessages":[],"fullName":"Safezone Notifications Service checkSafezoneViolations should not send notification if no safezones exist","invocations":1,"location":null,"numPassingAsserts":3,"retryReasons":[],"status":"passed","title":"should not send notification if no safezones exist"},{"ancestorTitles":["Safezone Notifications Service","checkSafezoneViolations"],"duration":26,"failureDetails":[],"failureMessages":[],"fullName":"Safezone Notifications Service checkSafezoneViolations should not send notification if there is an existing breach","invocations":1,"location":null,"numPassingAsserts":4,"retryReasons":[],"status":"passed","title":"should not send notification if there is an existing breach"},{"ancestorTitles":["Safezone Notifications Service","checkSafezoneViolations"],"duration":1,"failureDetails":[],"failureMessages":[],"fullName":"Safezone Notifications Service checkSafezoneViolations should handle missing patient user","invocations":1,"location":null,"numPassingAsserts":4,"retryReasons":[],"status":"passed","title":"should handle missing patient user"},{"ancestorTitles":["Safezone Notifications Service","checkSafezoneViolations"],"duration":2,"failureDetails":[],"failureMessages":[],"fullName":"Safezone Notifications Service checkSafezoneViolations should handle missing caregiver user","invocations":1,"location":null,"numPassingAsserts":5,"retryReasons":[],"status":"passed","title":"should handle missing caregiver user"}],"endTime":1743375176316,"message":"","name":"/Users/aishaakram/Downloads/api-6/src/__tests__/safezone-notifications.service.test.ts","startTime":1743375175480,"status":"passed","summary":""},{"assertionResults":[{"ancestorTitles":["Attention Requests Endpoints"],"duration":39,"failureDetails":[],"failureMessages":[],"fullName":"Attention Requests Endpoints should get all attention requests","invocations":1,"location":null,"numPassingAsserts":4,"retryReasons":[],"status":"passed","title":"should get all attention requests"},{"ancestorTitles":["Attention Requests Endpoints"],"duration":4,"failureDetails":[],"failureMessages":[],"fullName":"Attention Requests Endpoints should get a specific attention request","invocations":1,"location":null,"numPassingAsserts":3,"retryReasons":[],"status":"passed","title":"should get a specific attention request"},{"ancestorTitles":["Attention Requests Endpoints"],"duration":7,"failureDetails":[],"failureMessages":[],"fullName":"Attention Requests Endpoints should update an attention request status","invocations":1,"location":null,"numPassingAsserts":4,"retryReasons":[],"status":"passed","title":"should update an attention request status"},{"ancestorTitles":["Attention Requests Endpoints"],"duration":4,"failureDetails":[],"failureMessages":[],"fullName":"Attention Requests Endpoints should dismiss an attention request","invocations":1,"location":null,"numPassingAsserts":4,"retryReasons":[],"status":"passed","title":"should dismiss an attention request"}],"endTime":1743375176259,"message":"","name":"/Users/aishaakram/Downloads/api-6/src/__tests__/attention-requests.test.ts","startTime":1743375175690,"status":"passed","summary":""},{"assertionResults":[{"ancestorTitles":["Task Reminders Endpoints"],"duration":11,"failureDetails":[],"failureMessages":[],"fullName":"Task Reminders Endpoints should get all task reminders","invocations":1,"location":null,"numPassingAsserts":4,"retryReasons":[],"status":"passed","title":"should get all task reminders"},{"ancestorTitles":["Task Reminders Endpoints"],"duration":67,"failureDetails":[],"failureMessages":[],"fullName":"Task Reminders Endpoints should update a task reminder","invocations":1,"location":null,"numPassingAsserts":3,"retryReasons":[],"status":"passed","title":"should update a task reminder"},{"ancestorTitles":["Task Reminders Endpoints"],"duration":3,"failureDetails":[],"failureMessages":[],"fullName":"Task Reminders Endpoints should delete a task reminder","invocations":1,"location":null,"numPassingAsserts":3,"retryReasons":[],"status":"passed","title":"should delete a task reminder"},{"ancestorTitles":["Task Reminders Endpoints","Get Specific Task Reminder"],"duration":8,"failureDetails":[],"failureMessages":[],"fullName":"Task Reminders Endpoints Get Specific Task Reminder should get a specific task reminder","invocations":1,"location":null,"numPassingAsserts":3,"retryReasons":[],"status":"passed","title":"should get a specific task reminder"},{"ancestorTitles":["Task Reminders Endpoints","Get Specific Task Reminder"],"duration":31,"failureDetails":[],"failureMessages":[],"fullName":"Task Reminders Endpoints Get Specific Task Reminder should return 404 when reminder not found","invocations":1,"location":null,"numPassingAsserts":2,"retryReasons":[],"status":"passed","title":"should return 404 when reminder not found"},{"ancestorTitles":["Task Reminders Endpoints","Get Specific Task Reminder"],"duration":33,"failureDetails":[],"failureMessages":[],"fullName":"Task Reminders Endpoints Get Specific Task Reminder should return 403 when user tries to access another patient's reminder","invocations":1,"location":null,"numPassingAsserts":2,"retryReasons":[],"status":"passed","title":"should return 403 when user tries to access another patient's reminder"},{"ancestorTitles":["Task Reminders Endpoints","Complete Task Reminder"],"duration":6,"failureDetails":[],"failureMessages":[],"fullName":"Task Reminders Endpoints Complete Task Reminder should complete a task reminder","invocations":1,"location":null,"numPassingAsserts":3,"retryReasons":[],"status":"passed","title":"should complete a task reminder"},{"ancestorTitles":["Task Reminders Endpoints","Complete Task Reminder"],"duration":2,"failureDetails":[],"failureMessages":[],"fullName":"Task Reminders Endpoints Complete Task Reminder should return 403 when non-patient tries to complete reminder","invocations":1,"location":null,"numPassingAsserts":2,"retryReasons":[],"status":"passed","title":"should return 403 when non-patient tries to complete reminder"},{"ancestorTitles":["Task Reminders Endpoints","Error Handling"],"duration":33,"failureDetails":[],"failureMessages":[],"fullName":"Task Reminders Endpoints Error Handling should handle database errors gracefully","invocations":1,"location":null,"numPassingAsserts":3,"retryReasons":[],"status":"passed","title":"should handle database errors gracefully"},{"ancestorTitles":["Task Reminders Endpoints","Error Handling"],"duration":3,"failureDetails":[],"failureMessages":[],"fullName":"Task Reminders Endpoints Error Handling should handle invalid reminder ID format","invocations":1,"location":null,"numPassingAsserts":2,"retryReasons":[],"status":"passed","title":"should handle invalid reminder ID format"}],"endTime":1743375176283,"message":"","name":"/Users/aishaakram/Downloads/api-6/src/__tests__/task-reminders.test.ts","startTime":1743375175629,"status":"passed","summary":""},{"assertionResults":[{"ancestorTitles":["Notifications Endpoints","POST /notifications/register"],"duration":11,"failureDetails":[],"failureMessages":[],"fullName":"Notifications Endpoints POST /notifications/register should register push token for a caregiver","invocations":1,"location":null,"numPassingAsserts":2,"retryReasons":[],"status":"passed","title":"should register push token for a caregiver"},{"ancestorTitles":["Notifications Endpoints","POST /notifications/register"],"duration":22,"failureDetails":[],"failureMessages":[],"fullName":"Notifications Endpoints POST /notifications/register should return 400 when token is missing","invocations":1,"location":null,"numPassingAsserts":2,"retryReasons":[],"status":"passed","title":"should return 400 when token is missing"},{"ancestorTitles":["Notifications Endpoints","POST /notifications/register"],"duration":3,"failureDetails":[],"failureMessages":[],"fullName":"Notifications Endpoints POST /notifications/register should return 403 when non-caregiver tries to register token","invocations":1,"location":null,"numPassingAsserts":2,"retryReasons":[],"status":"passed","title":"should return 403 when non-caregiver tries to register token"},{"ancestorTitles":["Notifications Endpoints","POST /notifications/register"],"duration":9,"failureDetails":[],"failureMessages":[],"fullName":"Notifications Endpoints POST /notifications/register should return 403 when caregiver is not found","invocations":1,"location":null,"numPassingAsserts":2,"retryReasons":[],"status":"passed","title":"should return 403 when caregiver is not found"},{"ancestorTitles":["Notifications Endpoints","POST /notifications/register"],"duration":20,"failureDetails":[],"failureMessages":[],"fullName":"Notifications Endpoints POST /notifications/register should return 403 when user is not found","invocations":1,"location":null,"numPassingAsserts":2,"retryReasons":[],"status":"passed","title":"should return 403 when user is not found"}],"endTime":1743375176320,"message":"","name":"/Users/aishaakram/Downloads/api-6/src/__tests__/notifications.test.ts","startTime":1743375175729,"status":"passed","summary":""}],"wasInterrupted":false,"coverageMap":{"/Users/aishaakram/Downloads/api-6/src/services/medication-notifications.service.ts":{"path":"/Users/aishaakram/Downloads/api-6/src/services/medication-notifications.service.ts","statementMap":{"0":{"start":{"line":5,"column":0},"end":{"line":5,"column":7}},"1":{"start":{"line":1,"column":0},"end":{"line":1,"column":62}},"2":{"start":{"line":2,"column":0},"end":{"line":2,"column":38}},"3":{"start":{"line":3,"column":0},"end":{"line":3,"column":63}},"4":{"start":{"line":6,"column":2},"end":{"line":64,"column":3}},"5":{"start":{"line":8,"column":24},"end":{"line":12,"column":28}},"6":{"start":{"line":14,"column":16},"end":{"line":14,"column":26}},"7":{"start":{"line":16,"column":4},"end":{"line":61,"column":5}},"8":{"start":{"line":18,"column":6},"end":{"line":18,"column":54}},"9":{"start":{"line":18,"column":45},"end":{"line":18,"column":54}},"10":{"start":{"line":21,"column":6},"end":{"line":60,"column":7}},"11":{"start":{"line":22,"column":33},"end":{"line":22,"column":70}},"12":{"start":{"line":23,"column":29},"end":{"line":23,"column":59}},"13":{"start":{"line":24,"column":8},"end":{"line":24,"column":52}},"14":{"start":{"line":27,"column":33},"end":{"line":27,"column":55}},"15":{"start":{"line":28,"column":8},"end":{"line":28,"column":109}},"16":{"start":{"line":31,"column":8},"end":{"line":59,"column":9}},"17":{"start":{"line":33,"column":26},"end":{"line":33,"column":53}},"18":{"start":{"line":34,"column":30},"end":{"line":34,"column":63}},"19":{"start":{"line":35,"column":10},"end":{"line":35,"column":37}},"20":{"start":{"line":35,"column":28},"end":{"line":35,"column":37}},"21":{"start":{"line":38,"column":28},"end":{"line":38,"column":81}},"22":{"start":{"line":39,"column":10},"end":{"line":39,"column":35}},"23":{"start":{"line":39,"column":26},"end":{"line":39,"column":35}},"24":{"start":{"line":42,"column":10},"end":{"line":52,"column":12}},"25":{"start":{"line":55,"column":10},"end":{"line":55,"column":46}},"26":{"start":{"line":56,"column":10},"end":{"line":56,"column":48}},"27":{"start":{"line":57,"column":10},"end":{"line":57,"column":34}},"28":{"start":{"line":58,"column":10},"end":{"line":58,"column":16}},"29":{"start":{"line":63,"column":4},"end":{"line":63,"column":64}}},"fnMap":{"0":{"name":"checkOverdueMedications","decl":{"start":{"line":5,"column":22},"end":{"line":5,"column":45}},"loc":{"start":{"line":5,"column":45},"end":{"line":65,"column":1}}}},"branchMap":{"0":{"loc":{"start":{"line":18,"column":6},"end":{"line":18,"column":54}},"type":"if","locations":[{"start":{"line":18,"column":6},"end":{"line":18,"column":54}}]},"1":{"loc":{"start":{"line":31,"column":8},"end":{"line":59,"column":9}},"type":"if","locations":[{"start":{"line":31,"column":8},"end":{"line":59,"column":9}}]},"2":{"loc":{"start":{"line":35,"column":10},"end":{"line":35,"column":37}},"type":"if","locations":[{"start":{"line":35,"column":10},"end":{"line":35,"column":37}}]},"3":{"loc":{"start":{"line":39,"column":10},"end":{"line":39,"column":35}},"type":"if","locations":[{"start":{"line":39,"column":10},"end":{"line":39,"column":35}}]}},"s":{"0":11,"1":11,"2":11,"3":11,"4":6,"5":6,"6":5,"7":5,"8":4,"9":0,"10":4,"11":4,"12":4,"13":4,"14":4,"15":4,"16":4,"17":1,"18":1,"19":1,"20":0,"21":1,"22":1,"23":0,"24":1,"25":1,"26":1,"27":1,"28":1,"29":1},"f":{"0":6},"b":{"0":[0],"1":[1],"2":[0],"3":[0]}},"/Users/aishaakram/Downloads/api-6/src/services/notifications.service.ts":{"path":"/Users/aishaakram/Downloads/api-6/src/services/notifications.service.ts","statementMap":{"0":{"start":{"line":7,"column":0},"end":{"line":7,"column":7}},"1":{"start":{"line":1,"column":0},"end":{"line":1,"column":39}},"2":{"start":{"line":2,"column":0},"end":{"line":2,"column":48}},"3":{"start":{"line":3,"column":0},"end":{"line":3,"column":38}},"4":{"start":{"line":5,"column":13},"end":{"line":5,"column":23}},"5":{"start":{"line":8,"column":2},"end":{"line":55,"column":3}},"6":{"start":{"line":10,"column":26},"end":{"line":10,"column":71}},"7":{"start":{"line":11,"column":4},"end":{"line":14,"column":5}},"8":{"start":{"line":12,"column":6},"end":{"line":12,"column":72}},"9":{"start":{"line":13,"column":6},"end":{"line":13,"column":13}},"10":{"start":{"line":17,"column":22},"end":{"line":17,"column":74}},"11":{"start":{"line":18,"column":4},"end":{"line":21,"column":5}},"12":{"start":{"line":19,"column":6},"end":{"line":19,"column":72}},"13":{"start":{"line":20,"column":6},"end":{"line":20,"column":13}},"14":{"start":{"line":23,"column":4},"end":{"line":26,"column":5}},"15":{"start":{"line":24,"column":6},"end":{"line":24,"column":86}},"16":{"start":{"line":25,"column":6},"end":{"line":25,"column":13}},"17":{"start":{"line":28,"column":21},"end":{"line":36,"column":6}},"18":{"start":{"line":38,"column":19},"end":{"line":38,"column":56}},"19":{"start":{"line":39,"column":20},"end":{"line":39,"column":22}},"20":{"start":{"line":41,"column":4},"end":{"line":49,"column":5}},"21":{"start":{"line":42,"column":6},"end":{"line":48,"column":7}},"22":{"start":{"line":43,"column":28},"end":{"line":43,"column":72}},"23":{"start":{"line":44,"column":8},"end":{"line":44,"column":37}},"24":{"start":{"line":45,"column":8},"end":{"line":45,"column":97}},"25":{"start":{"line":45,"column":77},"end":{"line":45,"column":83}},"26":{"start":{"line":47,"column":8},"end":{"line":47,"column":65}},"27":{"start":{"line":51,"column":4},"end":{"line":51,"column":19}},"28":{"start":{"line":53,"column":4},"end":{"line":53,"column":59}},"29":{"start":{"line":54,"column":4},"end":{"line":54,"column":16}}},"fnMap":{"0":{"name":"sendPushNotification","decl":{"start":{"line":7,"column":22},"end":{"line":7,"column":42}},"loc":{"start":{"line":7,"column":106},"end":{"line":56,"column":1}}},"1":{"name":"(anonymous_1)","decl":{"start":{"line":45,"column":70},"end":{"line":45,"column":71}},"loc":{"start":{"line":45,"column":77},"end":{"line":45,"column":83}}}},"branchMap":{"0":{"loc":{"start":{"line":11,"column":4},"end":{"line":14,"column":5}},"type":"if","locations":[{"start":{"line":11,"column":4},"end":{"line":14,"column":5}}]},"1":{"loc":{"start":{"line":18,"column":4},"end":{"line":21,"column":5}},"type":"if","locations":[{"start":{"line":18,"column":4},"end":{"line":21,"column":5}}]},"2":{"loc":{"start":{"line":18,"column":8},"end":{"line":18,"column":42}},"type":"binary-expr","locations":[{"start":{"line":18,"column":8},"end":{"line":18,"column":18}},{"start":{"line":18,"column":22},"end":{"line":18,"column":42}}]},"3":{"loc":{"start":{"line":23,"column":4},"end":{"line":26,"column":5}},"type":"if","locations":[{"start":{"line":23,"column":4},"end":{"line":26,"column":5}}]},"4":{"loc":{"start":{"line":34,"column":14},"end":{"line":34,"column":24}},"type":"binary-expr","locations":[{"start":{"line":34,"column":14},"end":{"line":34,"column":18}},{"start":{"line":34,"column":22},"end":{"line":34,"column":24}}]}},"s":{"0":15,"1":15,"2":15,"3":15,"4":15,"5":6,"6":6,"7":6,"8":2,"9":2,"10":4,"11":4,"12":1,"13":1,"14":3,"15":1,"16":1,"17":2,"18":2,"19":2,"20":2,"21":2,"22":2,"23":1,"24":1,"25":1,"26":1,"27":2,"28":0,"29":0},"f":{"0":6,"1":1},"b":{"0":[2],"1":[1],"2":[4,4],"3":[1],"4":[2,1]}},"/Users/aishaakram/Downloads/api-6/src/services/task-notifications.service.ts":{"path":"/Users/aishaakram/Downloads/api-6/src/services/task-notifications.service.ts","statementMap":{"0":{"start":{"line":5,"column":0},"end":{"line":5,"column":7}},"1":{"start":{"line":1,"column":0},"end":{"line":1,"column":50}},"2":{"start":{"line":2,"column":0},"end":{"line":2,"column":38}},"3":{"start":{"line":3,"column":0},"end":{"line":3,"column":63}},"4":{"start":{"line":6,"column":2},"end":{"line":51,"column":3}},"5":{"start":{"line":7,"column":18},"end":{"line":11,"column":28}},"6":{"start":{"line":13,"column":16},"end":{"line":13,"column":26}},"7":{"start":{"line":15,"column":4},"end":{"line":48,"column":5}},"8":{"start":{"line":16,"column":6},"end":{"line":16,"column":48}},"9":{"start":{"line":16,"column":39},"end":{"line":16,"column":48}},"10":{"start":{"line":18,"column":31},"end":{"line":18,"column":71}},"11":{"start":{"line":19,"column":27},"end":{"line":19,"column":51}},"12":{"start":{"line":20,"column":6},"end":{"line":20,"column":50}},"13":{"start":{"line":22,"column":31},"end":{"line":22,"column":53}},"14":{"start":{"line":23,"column":6},"end":{"line":23,"column":101}},"15":{"start":{"line":25,"column":6},"end":{"line":47,"column":7}},"16":{"start":{"line":26,"column":24},"end":{"line":26,"column":45}},"17":{"start":{"line":27,"column":28},"end":{"line":27,"column":61}},"18":{"start":{"line":28,"column":8},"end":{"line":28,"column":35}},"19":{"start":{"line":28,"column":26},"end":{"line":28,"column":35}},"20":{"start":{"line":30,"column":26},"end":{"line":30,"column":79}},"21":{"start":{"line":31,"column":8},"end":{"line":31,"column":33}},"22":{"start":{"line":31,"column":24},"end":{"line":31,"column":33}},"23":{"start":{"line":33,"column":8},"end":{"line":42,"column":10}},"24":{"start":{"line":44,"column":8},"end":{"line":44,"column":38}},"25":{"start":{"line":45,"column":8},"end":{"line":45,"column":40}},"26":{"start":{"line":46,"column":8},"end":{"line":46,"column":26}},"27":{"start":{"line":50,"column":4},"end":{"line":50,"column":58}}},"fnMap":{"0":{"name":"checkOverdueTasks","decl":{"start":{"line":5,"column":22},"end":{"line":5,"column":39}},"loc":{"start":{"line":5,"column":39},"end":{"line":52,"column":1}}}},"branchMap":{"0":{"loc":{"start":{"line":16,"column":6},"end":{"line":16,"column":48}},"type":"if","locations":[{"start":{"line":16,"column":6},"end":{"line":16,"column":48}}]},"1":{"loc":{"start":{"line":25,"column":6},"end":{"line":47,"column":7}},"type":"if","locations":[{"start":{"line":25,"column":6},"end":{"line":47,"column":7}}]},"2":{"loc":{"start":{"line":28,"column":8},"end":{"line":28,"column":35}},"type":"if","locations":[{"start":{"line":28,"column":8},"end":{"line":28,"column":35}}]},"3":{"loc":{"start":{"line":31,"column":8},"end":{"line":31,"column":33}},"type":"if","locations":[{"start":{"line":31,"column":8},"end":{"line":31,"column":33}}]}},"s":{"0":11,"1":11,"2":11,"3":11,"4":6,"5":6,"6":5,"7":5,"8":4,"9":0,"10":4,"11":4,"12":4,"13":4,"14":4,"15":4,"16":1,"17":1,"18":1,"19":0,"20":1,"21":1,"22":0,"23":1,"24":1,"25":1,"26":1,"27":1},"f":{"0":6},"b":{"0":[0],"1":[1],"2":[0],"3":[0]}},"/Users/aishaakram/Downloads/api-6/src/index.ts":{"path":"/Users/aishaakram/Downloads/api-6/src/index.ts","statementMap":{"0":{"start":{"line":1,"column":0},"end":{"line":1,"column":24}},"1":{"start":{"line":2,"column":0},"end":{"line":2,"column":28}},"2":{"start":{"line":3,"column":0},"end":{"line":3,"column":30}},"3":{"start":{"line":4,"column":0},"end":{"line":4,"column":32}},"4":{"start":{"line":5,"column":0},"end":{"line":5,"column":29}},"5":{"start":{"line":6,"column":0},"end":{"line":6,"column":72}},"6":{"start":{"line":7,"column":0},"end":{"line":7,"column":45}},"7":{"start":{"line":8,"column":0},"end":{"line":8,"column":58}},"8":{"start":{"line":9,"column":0},"end":{"line":9,"column":55}},"9":{"start":{"line":10,"column":0},"end":{"line":10,"column":76}},"10":{"start":{"line":11,"column":0},"end":{"line":11,"column":63}},"11":{"start":{"line":12,"column":0},"end":{"line":12,"column":53}},"12":{"start":{"line":13,"column":0},"end":{"line":13,"column":55}},"13":{"start":{"line":14,"column":0},"end":{"line":14,"column":64}},"14":{"start":{"line":15,"column":0},"end":{"line":15,"column":45}},"15":{"start":{"line":16,"column":0},"end":{"line":16,"column":79}},"16":{"start":{"line":17,"column":0},"end":{"line":17,"column":86}},"17":{"start":{"line":18,"column":0},"end":{"line":18,"column":84}},"18":{"start":{"line":19,"column":0},"end":{"line":19,"column":74}},"19":{"start":{"line":21,"column":0},"end":{"line":21,"column":16}},"20":{"start":{"line":23,"column":12},"end":{"line":23,"column":21}},"21":{"start":{"line":68,"column":9},"end":{"line":68,"column":12}},"22":{"start":{"line":24,"column":13},"end":{"line
[...]
"type":"binary-expr","locations":[{"start":{"line":185,"column":42},"end":{"line":185,"column":84}},{"start":{"line":185,"column":82},"end":{"line":185,"column":84}}]},"28":{"loc":{"start":{"line":188,"column":42},"end":{"line":188,"column":97}},"type":"binary-expr","locations":[{"start":{"line":188,"column":42},"end":{"line":188,"column":88}},{"start":{"line":188,"column":92},"end":{"line":188,"column":97}}]},"29":{"loc":{"start":{"line":188,"column":42},"end":{"line":188,"column":88}},"type":"cond-expr","locations":[{"start":{"line":188,"column":79},"end":{"line":188,"column":81}},{"start":{"line":188,"column":79},"end":{"line":188,"column":88}}]},"30":{"loc":{"start":{"line":188,"column":42},"end":{"line":188,"column":81}},"type":"binary-expr","locations":[{"start":{"line":188,"column":42},"end":{"line":188,"column":81}},{"start":{"line":188,"column":79},"end":{"line":188,"column":81}}]},"31":{"loc":{"start":{"line":225,"column":6},"end":{"line":238,"column":29}},"type":"cond-expr","locations":[{"start":{"line":226,"column":10},"end":{"line":237,"column":14}},{"start":{"line":238,"column":10},"end":{"line":238,"column":29}}]},"32":{"loc":{"start":{"line":241,"column":6},"end":{"line":254,"column":29}},"type":"cond-expr","locations":[{"start":{"line":242,"column":10},"end":{"line":253,"column":14}},{"start":{"line":254,"column":10},"end":{"line":254,"column":29}}]},"33":{"loc":{"start":{"line":257,"column":6},"end":{"line":264,"column":7}},"type":"if","locations":[{"start":{"line":257,"column":6},"end":{"line":264,"column":7}}]},"34":{"loc":{"start":{"line":266,"column":8},"end":{"line":270,"column":18}},"type":"cond-expr","locations":[{"start":{"line":267,"column":12},"end":{"line":267,"column":86}},{"start":{"line":268,"column":12},"end":{"line":270,"column":18}}]},"35":{"loc":{"start":{"line":268,"column":12},"end":{"line":270,"column":18}},"type":"cond-expr","locations":[{"start":{"line":269,"column":14},"end":{"line":269,"column":95}},{"start":{"line":270,"column":14},"end":{"line":270,"column":18}}]},"36":{"loc":{"start":{"line":308,"column":12},"end":{"line":310,"column":14}},"type":"cond-expr","locations":[{"start":{"line":309,"column":12},"end":{"line":309,"column":90}},{"start":{"line":310,"column":12},"end":{"line":310,"column":14}}]},"37":{"loc":{"start":{"line":308,"column":12},"end":{"line":308,"column":59}},"type":"binary-expr","locations":[{"start":{"line":308,"column":12},"end":{"line":308,"column":30}},{"start":{"line":308,"column":34},"end":{"line":308,"column":59}}]},"38":{"loc":{"start":{"line":311,"column":12},"end":{"line":311,"column":111}},"type":"cond-expr","locations":[{"start":{"line":311,"column":66},"end":{"line":311,"column":106}},{"start":{"line":311,"column":109},"end":{"line":311,"column":111}}]},"39":{"loc":{"start":{"line":311,"column":12},"end":{"line":311,"column":63}},"type":"binary-expr","locations":[{"start":{"line":311,"column":12},"end":{"line":311,"column":32}},{"start":{"line":311,"column":36},"end":{"line":311,"column":63}}]},"40":{"loc":{"start":{"line":316,"column":18},"end":{"line":316,"column":59}},"type":"cond-expr","locations":[{"start":{"line":316,"column":41},"end":{"line":316,"column":54}},{"start":{"line":316,"column":57},"end":{"line":316,"column":59}}]},"41":{"loc":{"start":{"line":317,"column":25},"end":{"line":317,"column":73}},"type":"cond-expr","locations":[{"start":{"line":317,"column":48},"end":{"line":317,"column":68}},{"start":{"line":317,"column":71},"end":{"line":317,"column":73}}]},"42":{"loc":{"start":{"line":318,"column":23},"end":{"line":318,"column":59}},"type":"binary-expr","locations":[{"start":{"line":318,"column":23},"end":{"line":318,"column":51}},{"start":{"line":318,"column":55},"end":{"line":318,"column":59}}]},"43":{"loc":{"start":{"line":318,"column":23},"end":{"line":318,"column":51}},"type":"cond-expr","locations":[{"start":{"line":318,"column":34},"end":{"line":318,"column":36}},{"start":{"line":318,"column":23},"end":{"line":318,"column":51}}]},"44":{"loc":{"start":{"line":318,"column":23},"end":{"line":318,"column":36}},"type":"binary-expr","locations":[{"start":{"line":318,"column":23},"end":{"line":318,"column":36}},{"start":{"line":318,"column":23},"end":{"line":318,"column":36}}]},"45":{"loc":{"start":{"line":335,"column":4},"end":{"line":337,"column":5}},"type":"if","locations":[{"start":{"line":335,"column":4},"end":{"line":337,"column":5}}]},"46":{"loc":{"start":{"line":340,"column":4},"end":{"line":342,"column":5}},"type":"if","locations":[{"start":{"line":340,"column":4},"end":{"line":342,"column":5}}]},"47":{"loc":{"start":{"line":359,"column":4},"end":{"line":361,"column":5}},"type":"if","locations":[{"start":{"line":359,"column":4},"end":{"line":361,"column":5}}]},"48":{"loc":{"start":{"line":364,"column":4},"end":{"line":366,"column":5}},"type":"if","locations":[{"start":{"line":364,"column":4},"end":{"line":366,"column":5}}]},"49":{"loc":{"start":{"line":370,"column":4},"end":{"line":372,"column":5}},"type":"if","locations":[{"start":{"line":370,"column":4},"end":{"line":372,"column":5}}]},"50":{"loc":{"start":{"line":375,"column":4},"end":{"line":395,"column":5}},"type":"if","locations":[{"start":{"line":375,"column":4},"end":{"line":395,"column":5}},{"start":{"line":381,"column":11},"end":{"line":395,"column":5}}]},"51":{"loc":{"start":{"line":377,"column":6},"end":{"line":379,"column":7}},"type":"if","locations":[{"start":{"line":377,"column":6},"end":{"line":379,"column":7}}]},"52":{"loc":{"start":{"line":383,"column":6},"end":{"line":385,"column":7}},"type":"if","locations":[{"start":{"line":383,"column":6},"end":{"line":385,"column":7}}]},"53":{"loc":{"start":{"line":387,"column":6},"end":{"line":389,"column":7}},"type":"if","locations":[{"start":{"line":387,"column":6},"end":{"line":389,"column":7}}]},"54":{"loc":{"start":{"line":391,"column":6},"end":{"line":393,"column":7}},"type":"if","locations":[{"start":{"line":391,"column":6},"end":{"line":393,"column":7}}]},"55":{"loc":{"start":{"line":397,"column":4},"end":{"line":399,"column":5}},"type":"if","locations":[{"start":{"line":397,"column":4},"end":{"line":399,"column":5}}]}},"s":{"0":10,"1":10,"2":10,"3":10,"4":10,"5":10,"6":10,"7":10,"8":10,"9":10,"10":7,"11":7,"12":7,"13":6,"14":3,"15":3,"16":3,"17":3,"18":1,"19":1,"20":1,"21":1,"22":2,"23":2,"24":2,"25":2,"26":0,"27":1,"28":1,"29":10,"30":3,"31":3,"32":3,"33":3,"34":2,"35":1,"36":1,"37":1,"38":1,"39":1,"40":1,"41":1,"42":1,"43":1,"44":1,"45":1,"46":1,"47":1,"48":1,"49":0,"50":0,"51":0,"52":0,"53":0,"54":1,"55":1,"56":10,"57":4,"58":4,"59":4,"60":1,"61":3,"62":3,"63":2,"64":1,"65":1,"66":1,"67":1,"68":1,"69":1,"70":10,"71":4,"72":4,"73":4,"74":3,"75":3,"76":0,"77":0,"78":0,"79":0,"80":0,"81":0,"82":0,"83":0,"84":0,"85":0,"86":0,"87":0,"88":0,"89":0,"90":0,"91":0,"92":0,"93":0,"94":0,"95":0,"96":0,"97":0,"98":0,"99":0,"100":0,"101":0,"102":0,"103":0,"104":0,"105":0,"106":0,"107":0,"108":0,"109":0,"110":0,"111":0,"112":0,"113":0,"114":0,"115":0,"116":0,"117":0,"118":0,"119":0,"120":0,"121":0,"122":0,"123":0,"124":0,"125":0,"126":0,"127":0,"128":0,"129":0,"130":0,"131":0,"132":0,"133":0,"134":0,"135":1,"136":1,"137":10,"138":2,"139":2,"140":0,"141":2,"142":1,"143":1,"144":0,"145":0,"146":0,"147":0,"148":0,"149":1,"150":1,"151":10,"152":5,"153":5,"154":0,"155":5,"156":5,"157":1,"158":4,"159":3,"160":0,"161":3,"162":0,"163":0,"164":0,"165":0,"166":3,"167":3,"168":0,"169":3,"170":3,"171":0,"172":3,"173":3,"174":0,"175":3,"176":3,"177":1,"178":2,"179":1,"180":1,"181":10},"f":{"0":7,"1":3,"2":4,"3":4,"4":0,"5":0,"6":0,"7":0,"8":0,"9":0,"10":0,"11":0,"12":2,"13":5},"b":{"0":[3],"1":[1,2],"2":[1],"3":[2],"4":[1],"5":[1,0],"6":[1,0],"7":[1,0],"8":[1,0],"9":[1,0],"10":[1],"11":[0],"12":[1],"13":[1],"14":[3],"15":[0,0],"16":[0],"17":[0,0],"18":[0,0],"19":[0,0],"20":[0],"21":[0,0],"22":[0],"23":[0],"24":[0],"25":[0,0],"26":[0,0],"27":[0,0],"28":[0,0],"29":[0,0],"30":[0,0],"31":[0,0],"32":[0,0],"33":[0],"34":[0,0],"35":[0,0],"36":[0,0],"37":[0,0],"38":[0,0],"39":[0,0],"40":[0,0],"41":[0,0],"42":[0,0],"43":[0,0],"44":[0,0],"45":[0],"46":[1],"47":[0],"48":[1],"49":[0],"50":[0,3],"51":[0],"52":[0],"53":[0],"54":[0],"55":[1]}},"/Users/aishaakram/Downloads/api-6/src/models/safezone-breach.model.ts":{"path":"/Users/aishaakram/Downloads/api-6/src/models/safezone-breach.model.ts","statementMap":{"0":{"start":{"line":1,"column":0},"end":{"line":1,"column":54}},"1":{"start":{"line":16,"column":29},"end":{"line":51,"column":null}},"2":{"start":{"line":54,"column":0},"end":{"line":54,"column":87}}},"fnMap":{},"branchMap":{},"s":{"0":11,"1":11,"2":11},"f":{},"b":{}},"/Users/aishaakram/Downloads/api-6/src/services/inventory-notifications.service.ts":{"path":"/Users/aishaakram/Downloads/api-6/src/services/inventory-notifications.service.ts","statementMap":{"0":{"start":{"line":5,"column":0},"end":{"line":5,"column":7}},"1":{"start":{"line":1,"column":0},"end":{"line":1,"column":44}},"2":{"start":{"line":2,"column":0},"end":{"line":2,"column":38}},"3":{"start":{"line":3,"column":0},"end":{"line":3,"column":63}},"4":{"start":{"line":6,"column":2},"end":{"line":42,"column":3}},"5":{"start":{"line":8,"column":18},"end":{"line":11,"column":28}},"6":{"start":{"line":13,"column":4},"end":{"line":39,"column":5}},"7":{"start":{"line":15,"column":22},"end":{"line":15,"column":43}},"8":{"start":{"line":16,"column":26},"end":{"line":16,"column":59}},"9":{"start":{"line":17,"column":6},"end":{"line":17,"column":33}},"10":{"start":{"line":17,"column":24},"end":{"line":17,"column":33}},"11":{"start":{"line":20,"column":24},"end":{"line":20,"column":77}},"12":{"start":{"line":21,"column":6},"end":{"line":21,"column":31}},"13":{"start":{"line":21,"column":22},"end":{"line":21,"column":31}},"14":{"start":{"line":24,"column":6},"end":{"line":35,"column":8}},"15":{"start":{"line":38,"column":6},"end":{"line":38,"column":79}},"16":{"start":{"line":41,"column":4},"end":{"line":41,"column":58}}},"fnMap":{"0":{"name":"checkLowInventory","decl":{"start":{"line":5,"column":22},"end":{"line":5,"column":39}},"loc":{"start":{"line":5,"column":39},"end":{"line":43,"column":1}}}},"branchMap":{"0":{"loc":{"start":{"line":17,"column":6},"end":{"line":17,"column":33}},"type":"if","locations":[{"start":{"line":17,"column":6},"end":{"line":17,"column":33}}]},"1":{"loc":{"start":{"line":21,"column":6},"end":{"line":21,"column":31}},"type":"if","locations":[{"start":{"line":21,"column":6},"end":{"line":21,"column":31}}]}},"s":{"0":11,"1":11,"2":11,"3":11,"4":5,"5":5,"6":4,"7":3,"8":3,"9":3,"10":1,"11":2,"12":2,"13":1,"14":1,"15":1,"16":1},"f":{"0":5},"b":{"0":[1],"1":[1]}},"/Users/aishaakram/Downloads/api-6/src/services/safezone-notifications.service.ts":{"path":"/Users/aishaakram/Downloads/api-6/src/services/safezone-notifications.service.ts","statementMap":{"0":{"start":{"line":30,"column":0},"end":{"line":30,"column":7}},"1":{"start":{"line":1,"column":0},"end":{"line":1,"column":44}},"2":{"start":{"line":2,"column":0},"end":{"line":2,"column":46}},"3":{"start":{"line":3,"column":0},"end":{"line":3,"column":38}},"4":{"start":{"line":4,"column":0},"end":{"line":4,"column":61}},"5":{"start":{"line":5,"column":0},"end":{"line":5,"column":63}},"6":{"start":{"line":9,"column":12},"end":{"line":9,"column":18}},"7":{"start":{"line":10,"column":13},"end":{"line":10,"column":35}},"8":{"start":{"line":11,"column":13},"end":{"line":11,"column":35}},"9":{"start":{"line":12,"column":13},"end":{"line":12,"column":44}},"10":{"start":{"line":13,"column":13},"end":{"line":13,"column":44}},"11":{"start":{"line":15,"column":12},"end":{"line":15,"column":115}},"12":{"start":{"line":16,"column":12},"end":{"line":16,"column":58}},"13":{"start":{"line":18,"column":2},"end":{"line":18,"column":15}},"14":{"start":{"line":26,"column":19},"end":{"line":26,"column":98}},"15":{"start":{"line":27,"column":2},"end":{"line":27,"column":30}},"16":{"start":{"line":31,"column":2},"end":{"line":100,"column":3}},"17":{"start":{"line":32,"column":21},"end":{"line":35,"column":6}},"18":{"start":{"line":37,"column":4},"end":{"line":97,"column":5}},"19":{"start":{"line":38,"column":6},"end":{"line":40,"column":7}},"20":{"start":{"line":39,"column":8},"end":{"line":39,"column":17}},"21":{"start":{"line":42,"column":24},"end":{"line":42,"column":71}},"22":{"start":{"line":44,"column":6},"end":{"line":46,"column":7}},"23":{"start":{"line":45,"column":8},"end":{"line":45,"column":17}},"24":{"start":{"line":48,"column":36},"end":{"line":57,"column":8}},"25":{"start":{"line":49,"column":29},"end":{"line":49,"column":67}},"26":{"start":{"line":50,"column":25},"end":{"line":54,"column":null}},"27":{"start":{"line":56,"column":8},"end":{"line":56,"column":42}},"28":{"start":{"line":59,"column":6},"end":{"line":96,"column":7}},"29":{"start":{"line":61,"column":31},"end":{"line":64,"column":10}},"30":{"start":{"line":67,"column":8},"end":{"line":95,"column":9}},"31":{"start":{"line":69,"column":10},"end":{"line":74,"column":13}},"32":{"start":{"line":77,"column":30},"end":{"line":77,"column":63}},"33":{"start":{"line":78,"column":10},"end":{"line":78,"column":37}},"34":{"start":{"line":78,"column":28},"end":{"line":78,"column":37}},"35":{"start":{"line":81,"column":28},"end":{"line":81,"column":81}},"36":{"start":{"line":82,"column":10},"end":{"line":82,"column":35}},"37":{"start":{"line":82,"column":26},"end":{"line":82,"column":35}},"38":{"start":{"line":85,"column":10},"end":{"line":94,"column":12}},"39":{"start":{"line":99,"column":4},"end":{"line":99,"column":64}}},"fnMap":{"0":{"name":"calculateDistance","decl":{"start":{"line":8,"column":9},"end":{"line":8,"column":26}},"loc":{"start":{"line":8,"column":81},"end":{"line":19,"column":1}}},"1":{"name":"isLocationSignificantlyDifferent","decl":{"start":{"line":21,"column":9},"end":{"line":21,"column":41}},"loc":{"start":{"line":24,"column":19},"end":{"line":28,"column":1}}},"2":{"name":"checkSafezoneViolations","decl":{"start":{"line":30,"column":22},"end":{"line":30,"column":45}},"loc":{"start":{"line":30,"column":45},"end":{"line":101,"column":1}}},"3":{"name":"(anonymous_4)","decl":{"start":{"line":48,"column":52},"end":{"line":48,"column":53}},"loc":{"start":{"line":48,"column":65},"end":{"line":57,"column":7}}}},"branchMap":{"0":{"loc":{"start":{"line":38,"column":6},"end":{"line":40,"column":7}},"type":"if","locations":[{"start":{"line":38,"column":6},"end":{"line":40,"column":7}}]},"1":{"loc":{"start":{"line":38,"column":10},"end":{"line":38,"column":87}},"type":"binary-expr","locations":[{"start":{"line":38,"column":10},"end":{"line":38,"column":47}},{"start":{"line":38,"column":47},"end":{"line":38,"column":87}}]},"2":{"loc":{"start":{"line":38,"column":11},"end":{"line":38,"column":43}},"type":"cond-expr","locations":[{"start":{"line":38,"column":34},"end":{"line":38,"column":36}},{"start":{"line":38,"column":34},"end":{"line":38,"column":43}}]},"3":{"loc":{"start":{"line":38,"column":11},"end":{"line":38,"column":36}},"type":"binary-expr","locations":[{"start":{"line":38,"column":11},"end":{"line":38,"column":36}},{"start":{"line":38,"column":34},"end":{"line":38,"column":36}}]},"4":{"loc":{"start":{"line":38,"column":48},"end":{"line":38,"column":85}},"type":"cond-expr","locations":[{"start":{"line":38,"column":71},"end":{"line":38,"column":73}},{"start":{"line":38,"column":71},"end":{"line":38,"column":85}}]},"5":{"loc":{"start":{"line":38,"column":48},"end":{"line":38,"column":73}},"type":"binary-expr","locations":[{"start":{"line":38,"column":48},"end":{"line":38,"column":73}},{"start":{"line":38,"column":71},"end":{"line":38,"column":73}}]},"6":{"loc":{"start":{"line":44,"column":6},"end":{"line":46,"column":7}},"type":"if","locations":[{"start":{"line":44,"column":6},"end":{"line":46,"column":7}}]},"7":{"loc":{"start":{"line":59,"column":6},"end":{"line":96,"column":7}},"type":"if","locations":[{"start":{"line":59,"column":6},"end":{"line":96,"column":7}}]},"8":{"loc":{"start":{"line":67,"column":8},"end":{"line":95,"column":9}},"type":"if","locations":[{"start":{"line":67,"column":8},"end":{"line":95,"column":9}}]},"9":{"loc":{"start":{"line":78,"column":10},"end":{"line":78,"column":37}},"type":"if","locations":[{"start":{"line":78,"column":10},"end":{"line":78,"column":37}}]},"10":{"loc":{"start":{"line":82,"column":10},"end":{"line":82,"column":35}},"type":"if","locations":[{"start":{"line":82,"column":10},"end":{"line":82,"column":35}}]}},"s":{"0":11,"1":11,"2":11,"3":11,"4":11,"5":11,"6":5,"7":5,"8":5,"9":5,"10":5,"11":5,"12":5,"13":5,"14":0,"15":0,"16":7,"17":7,"18":7,"19":7,"20":1,"21":6,"22":6,"23":1,"24":5,"25":5,"26":5,"27":5,"28":5,"29":4,"30":4,"31":3,"32":3,"33":3,"34":1,"35":2,"36":2,"37":1,"38":1,"39":0},"f":{"0":5,"1":0,"2":7,"3":5},"b":{"0":[1],"1":[7,6],"2":[0,7],"3":[7,7],"4":[0,6],"5":[6,6],"6":[1],"7":[4],"8":[3],"9":[1],"10":[1]}},"/Users/aishaakram/Downloads/api-6/src/__tests__/mocks/models.ts":{"path":"/Users/aishaakram/Downloads/api-6/src/__tests__/mocks/models.ts","statementMap":{"0":{"start":{"line":1,"column":13},"end":{"line":30,"column":2}},"1":{"start":{"line":20,"column":19},"end":{"line":29,"column":4}},"2":{"start":{"line":32,"column":13},"end":{"line":51,"column":2}},"3":{"start":{"line":41,"column":19},"end":{"line":50,"column":4}},"4":{"start":{"line":53,"column":13},"end":{"line":62,"column":2}},"5":{"start":{"line":57,"column":19},"end":{"line":61,"column":4}},"6":{"start":{"line":64,"column":13},"end":{"line":79,"column":2}},"7":{"start":{"line":71,"column":19},"end":{"line":78,"column":4}},"8":{"start":{"line":81,"column":13},"end":{"line":98,"column":2}},"9":{"start":{"line":89,"column":19},"end":{"line":97,"column":4}},"10":{"start":{"line":100,"column":13},"end":{"line":113,"column":2}},"11":{"start":{"line":106,"column":19},"end":{"line":112,"column":4}},"12":{"start":{"line":115,"column":13},"end":{"line":168,"column":2}},"13":{"start":{"line":150,"column":19},"end":{"line":167,"column":4}},"14":{"start":{"line":170,"column":13},"end":{"line":205,"column":2}},"15":{"start":{"line":187,"column":19},"end":{"line":204,"column":4}},"16":{"start":{"line":207,"column":13},"end":{"line":242,"column":2}},"17":{"start":{"line":230,"column":19},"end":{"line":241,"column":4}}},"fnMap":{"0":{"name":"(anonymous_0)","decl":{"start":{"line":20,"column":12},"end":{"line":20,"column":15}},"loc":{"start":{"line":20,"column":19},"end":{"line":29,"column":4}}},"1":{"name":"(anonymous_1)","decl":{"start":{"line":41,"column":12},"end":{"line":41,"column":15}},"loc":{"start":{"line":41,"column":19},"end":{"line":50,"column":4}}},"2":{"name":"(anonymous_2)","decl":{"start":{"line":57,"column":12},"end":{"line":57,"column":15}},"loc":{"start":{"line":57,"column":19},"end":{"line":61,"column":4}}},"3":{"name":"(anonymous_3)","decl":{"start":{"line":71,"column":12},"end":{"line":71,"column":15}},"loc":{"start":{"line":71,"column":19},"end":{"line":78,"column":4}}},"4":{"name":"(anonymous_4)","decl":{"start":{"line":89,"column":12},"end":{"line":89,"column":15}},"loc":{"start":{"line":89,"column":19},"end":{"line":97,"column":4}}},"5":{"name":"(anonymous_5)","decl":{"start":{"line":106,"column":12},"end":{"line":106,"column":15}},"loc":{"start":{"line":106,"column":19},"end":{"line":112,"column":4}}},"6":{"name":"(anonymous_6)","decl":{"start":{"line":150,"column":12},"end":{"line":150,"column":15}},"loc":{"start":{"line":150,"column":19},"end":{"line":167,"column":4}}},"7":{"name":"(anonymous_7)","decl":{"start":{"line":187,"column":12},"end":{"line":187,"column":15}},"loc":{"start":{"line":187,"column":19},"end":{"line":204,"column":4}}},"8":{"name":"(anonymous_8)","decl":{"start":{"line":230,"column":12},"end":{"line":230,"column":15}},"loc":{"start":{"line":230,"column":19},"end":{"line":241,"column":4}}}},"branchMap":{},"s":{"0":11,"1":2,"2":11,"3":2,"4":11,"5":2,"6":11,"7":1,"8":11,"9":0,"10":11,"11":1,"12":11,"13":0,"14":11,"15":0,"16":11,"17":0},"f":{"0":2,"1":2,"2":2,"3":1,"4":0,"5":1,"6":0,"7":0,"8":0},"b":{}}}}
