{"/Users/aishaakram/Downloads/api-6/src/index.ts": {"path":"/Users/aishaakram/Downloads/api-6/src/index.ts","statementMap":{"0":{"start":{"line":1,"column":0},"end":{"line":1,"column":24}},"1":{"start":{"line":2,"column":0},"end":{"line":2,"column":28}},"2":{"start":{"line":3,"column":0},"end":{"line":3,"column":30}},"3":{"start":{"line":4,"column":0},"end":{"line":4,"column":32}},"4":{"start":{"line":5,"column":0},"end":{"line":5,"column":29}},"5":{"start":{"line":6,"column":0},"end":{"line":6,"column":72}},"6":{"start":{"line":7,"column":0},"end":{"line":7,"column":45}},"7":{"start":{"line":8,"column":0},"end":{"line":8,"column":58}},"8":{"start":{"line":9,"column":0},"end":{"line":9,"column":55}},"9":{"start":{"line":10,"column":0},"end":{"line":10,"column":76}},"10":{"start":{"line":11,"column":0},"end":{"line":11,"column":63}},"11":{"start":{"line":12,"column":0},"end":{"line":12,"column":53}},"12":{"start":{"line":13,"column":0},"end":{"line":13,"column":55}},"13":{"start":{"line":14,"column":0},"end":{"line":14,"column":64}},"14":{"start":{"line":15,"column":0},"end":{"line":15,"column":45}},"15":{"start":{"line":16,"column":0},"end":{"line":16,"column":79}},"16":{"start":{"line":17,"column":0},"end":{"line":17,"column":86}},"17":{"start":{"line":18,"column":0},"end":{"line":18,"column":84}},"18":{"start":{"line":19,"column":0},"end":{"line":19,"column":74}},"19":{"start":{"line":21,"column":0},"end":{"line":21,"column":16}},"20":{"start":{"line":23,"column":12},"end":{"line":23,"column":21}},"21":{"start":{"line":68,"column":9},"end":{"line":68,"column":12}},"22":{"start":{"line":24,"column":13},"end":{"line":24,"column":37}},"23":{"start":{"line":27,"column":20},"end":{"line":27,"column":88}},"24":{"start":{"line":28,"column":0},"end":{"line":30,"column":3}},"25":{"start":{"line":29,"column":2},"end":{"line":29,"column":38}},"26":{"start":{"line":33,"column":0},"end":{"line":33,"column":41}},"27":{"start":{"line":34,"column":0},"end":{"line":34,"column":16}},"28":{"start":{"line":35,"column":0},"end":{"line":38,"column":3}},"29":{"start":{"line":36,"column":2},"end":{"line":36,"column":96}},"30":{"start":{"line":37,"column":2},"end":{"line":37,"column":9}},"31":{"start":{"line":41,"column":0},"end":{"line":43,"column":3}},"32":{"start":{"line":42,"column":2},"end":{"line":42,"column":34}},"33":{"start":{"line":45,"column":0},"end":{"line":45,"column":29}},"34":{"start":{"line":46,"column":0},"end":{"line":46,"column":30}},"35":{"start":{"line":47,"column":0},"end":{"line":47,"column":37}},"36":{"start":{"line":48,"column":0},"end":{"line":48,"column":56}},"37":{"start":{"line":49,"column":0},"end":{"line":49,"column":42}},"38":{"start":{"line":50,"column":0},"end":{"line":50,"column":60}},"39":{"start":{"line":51,"column":0},"end":{"line":51,"column":48}},"40":{"start":{"line":52,"column":0},"end":{"line":52,"column":47}},"41":{"start":{"line":53,"column":0},"end":{"line":53,"column":39}},"42":{"start":{"line":54,"column":0},"end":{"line":54,"column":39}},"43":{"start":{"line":57,"column":0},"end":{"line":57,"column":48}},"44":{"start":{"line":58,"column":0},"end":{"line":58,"column":54}},"45":{"start":{"line":59,"column":0},"end":{"line":59,"column":48}},"46":{"start":{"line":60,"column":0},"end":{"line":60,"column":54}},"47":{"start":{"line":62,"column":0},"end":{"line":66,"column":1}},"48":{"start":{"line":63,"column":2},"end":{"line":65,"column":5}},"49":{"start":{"line":64,"column":4},"end":{"line":64,"column":53}}},"fnMap":{"0":{"name":"(anonymous_1)","decl":{"start":{"line":28,"column":35},"end":{"line":28,"column":38}},"loc":{"start":{"line":28,"column":40},"end":{"line":30,"column":1}}},"1":{"name":"(anonymous_2)","decl":{"start":{"line":35,"column":8},"end":{"line":35,"column":9}},"loc":{"start":{"line":35,"column":27},"end":{"line":38,"column":1}}},"2":{"name":"(anonymous_3)","decl":{"start":{"line":41,"column":13},"end":{"line":41,"column":14}},"loc":{"start":{"line":41,"column":26},"end":{"line":43,"column":1}}},"3":{"name":"(anonymous_4)","decl":{"start":{"line":63,"column":19},"end":{"line":63,"column":22}},"loc":{"start":{"line":63,"column":24},"end":{"line":65,"column":3}}}},"branchMap":{"0":{"loc":{"start":{"line":24,"column":13},"end":{"line":24,"column":37}},"type":"binary-expr","locations":[{"start":{"line":24,"column":13},"end":{"line":24,"column":29}},{"start":{"line":24,"column":33},"end":{"line":24,"column":37}}]},"1":{"loc":{"start":{"line":27,"column":20},"end":{"line":27,"column":88}},"type":"binary-expr","locations":[{"start":{"line":27,"column":20},"end":{"line":27,"column":43}},{"start":{"line":27,"column":47},"end":{"line":27,"column":88}}]},"2":{"loc":{"start":{"line":62,"column":0},"end":{"line":66,"column":1}},"type":"if","locations":[{"start":{"line":62,"column":0},"end":{"line":66,"column":1}}]}},"s":{"0":10,"1":10,"2":10,"3":10,"4":10,"5":10,"6":10,"7":10,"8":10,"9":10,"10":10,"11":10,"12":10,"13":10,"14":10,"15":10,"16":10,"17":10,"18":10,"19":10,"20":10,"21":10,"22":10,"23":10,"24":10,"25":0,"26":10,"27":10,"28":10,"29":116,"30":116,"31":10,"32":0,"33":10,"34":10,"35":10,"36":10,"37":10,"38":10,"39":10,"40":10,"41":10,"42":10,"43":10,"44":10,"45":10,"46":10,"47":10,"48":0,"49":0},"f":{"0":0,"1":116,"2":0,"3":0},"b":{"0":[10,0],"1":[10,0],"2":[0]}}
,"/Users/aishaakram/Downloads/api-6/src/__tests__/mocks/models.ts": {"path":"/Users/aishaakram/Downloads/api-6/src/__tests__/mocks/models.ts","statementMap":{"0":{"start":{"line":1,"column":13},"end":{"line":30,"column":2}},"1":{"start":{"line":20,"column":19},"end":{"line":29,"column":4}},"2":{"start":{"line":32,"column":13},"end":{"line":51,"column":2}},"3":{"start":{"line":41,"column":19},"end":{"line":50,"column":4}},"4":{"start":{"line":53,"column":13},"end":{"line":62,"column":2}},"5":{"start":{"line":57,"column":19},"end":{"line":61,"column":4}},"6":{"start":{"line":64,"column":13},"end":{"line":79,"column":2}},"7":{"start":{"line":71,"column":19},"end":{"line":78,"column":4}},"8":{"start":{"line":81,"column":13},"end":{"line":98,"column":2}},"9":{"start":{"line":89,"column":19},"end":{"line":97,"column":4}},"10":{"start":{"line":100,"column":13},"end":{"line":113,"column":2}},"11":{"start":{"line":106,"column":19},"end":{"line":112,"column":4}},"12":{"start":{"line":115,"column":13},"end":{"line":168,"column":2}},"13":{"start":{"line":150,"column":19},"end":{"line":167,"column":4}},"14":{"start":{"line":170,"column":13},"end":{"line":205,"column":2}},"15":{"start":{"line":187,"column":19},"end":{"line":204,"column":4}},"16":{"start":{"line":207,"column":13},"end":{"line":242,"column":2}},"17":{"start":{"line":230,"column":19},"end":{"line":241,"column":4}}},"fnMap":{"0":{"name":"(anonymous_0)","decl":{"start":{"line":20,"column":12},"end":{"line":20,"column":15}},"loc":{"start":{"line":20,"column":19},"end":{"line":29,"column":4}}},"1":{"name":"(anonymous_1)","decl":{"start":{"line":41,"column":12},"end":{"line":41,"column":15}},"loc":{"start":{"line":41,"column":19},"end":{"line":50,"column":4}}},"2":{"name":"(anonymous_2)","decl":{"start":{"line":57,"column":12},"end":{"line":57,"column":15}},"loc":{"start":{"line":57,"column":19},"end":{"line":61,"column":4}}},"3":{"name":"(anonymous_3)","decl":{"start":{"line":71,"column":12},"end":{"line":71,"column":15}},"loc":{"start":{"line":71,"column":19},"end":{"line":78,"column":4}}},"4":{"name":"(anonymous_4)","decl":{"start":{"line":89,"column":12},"end":{"line":89,"column":15}},"loc":{"start":{"line":89,"column":19},"end":{"line":97,"column":4}}},"5":{"name":"(anonymous_5)","decl":{"start":{"line":106,"column":12},"end":{"line":106,"column":15}},"loc":{"start":{"line":106,"column":19},"end":{"line":112,"column":4}}},"6":{"name":"(anonymous_6)","decl":{"start":{"line":150,"column":12},"end":{"line":150,"column":15}},"loc":{"start":{"line":150,"column":19},"end":{"line":167,"column":4}}},"7":{"name":"(anonymous_7)","decl":{"start":{"line":187,"column":12},"end":{"line":187,"column":15}},"loc":{"start":{"line":187,"column":19},"end":{"line":204,"column":4}}},"8":{"name":"(anonymous_8)","decl":{"start":{"line":230,"column":12},"end":{"line":230,"column":15}},"loc":{"start":{"line":230,"column":19},"end":{"line":241,"column":4}}}},"branchMap":{},"s":{"0":11,"1":2,"2":11,"3":2,"4":11,"5":2,"6":11,"7":1,"8":11,"9":0,"10":11,"11":1,"12":11,"13":0,"14":11,"15":0,"16":11,"17":0},"f":{"0":2,"1":2,"2":2,"3":1,"4":0,"5":1,"6":0,"7":0,"8":0},"b":{}}
,"/Users/aishaakram/Downloads/api-6/src/middleware/auth.ts": {"path":"/Users/aishaakram/Downloads/api-6/src/middleware/auth.ts","statementMap":{"0":{"start":{"line":2,"column":0},"end":{"line":2,"column":47}},"1":{"start":{"line":17,"column":31},"end":{"line":32,"column":1}},"2":{"start":{"line":18,"column":21},"end":{"line":18,"column":46}},"3":{"start":{"line":19,"column":16},"end":{"line":19,"column":54}},"4":{"start":{"line":21,"column":2},"end":{"line":23,"column":3}},"5":{"start":{"line":22,"column":4},"end":{"line":22,"column":66}},"6":{"start":{"line":25,"column":2},"end":{"line":31,"column":3}},"7":{"start":{"line":26,"column":20},"end":{"line":26,"column":82}},"8":{"start":{"line":27,"column":4},"end":{"line":27,"column":23}},"9":{"start":{"line":28,"column":4},"end":{"line":28,"column":11}},"10":{"start":{"line":30,"column":4},"end":{"line":30,"column":62}},"11":{"start":{"line":17,"column":13},"end":{"line":17,"column":31}}},"fnMap":{"0":{"name":"(anonymous_1)","decl":{"start":{"line":17,"column":31},"end":{"line":17,"column":32}},"loc":{"start":{"line":17,"column":83},"end":{"line":32,"column":1}}}},"branchMap":{"0":{"loc":{"start":{"line":19,"column":16},"end":{"line":19,"column":54}},"type":"binary-expr","locations":[{"start":{"line":19,"column":16},"end":{"line":19,"column":26}},{"start":{"line":19,"column":30},"end":{"line":19,"column":54}}]},"1":{"loc":{"start":{"line":21,"column":2},"end":{"line":23,"column":3}},"type":"if","locations":[{"start":{"line":21,"column":2},"end":{"line":23,"column":3}}]}},"s":{"0":10,"1":10,"2":105,"3":105,"4":105,"5":0,"6":105,"7":105,"8":104,"9":104,"10":1,"11":10},"f":{"0":105},"b":{"0":[105,105],"1":[0]}}
,"/Users/aishaakram/Downloads/api-6/src/models/Safezone.ts": {"path":"/Users/aishaakram/Downloads/api-6/src/models/Safezone.ts","statementMap":{"0":{"start":{"line":1,"column":0},"end":{"line":1,"column":54}},"1":{"start":{"line":16,"column":23},"end":{"line":42,"column":null}},"2":{"start":{"line":46,"column":0},"end":{"line":46,"column":39}},"3":{"start":{"line":48,"column":13},"end":{"line":48,"column":78}}},"fnMap":{},"branchMap":{},"s":{"0":11,"1":11,"2":11,"3":11},"f":{},"b":{}}
,"/Users/aishaakram/Downloads/api-6/src/models/safezone-breach.model.ts": {"path":"/Users/aishaakram/Downloads/api-6/src/models/safezone-breach.model.ts","statementMap":{"0":{"start":{"line":1,"column":0},"end":{"line":1,"column":54}},"1":{"start":{"line":16,"column":29},"end":{"line":51,"column":null}},"2":{"start":{"line":54,"column":0},"end":{"line":54,"column":87}}},"fnMap":{},"branchMap":{},"s":{"0":11,"1":11,"2":11},"f":{},"b":{}}
,"/Users/aishaakram/Downloads/api-6/src/routes/attention-requests.route.ts": {"path":"/Users/aishaakram/Downloads/api-6/src/routes/attention-requests.route.ts","statementMap":{"0":{"start":{"line":1,"column":0},"end":{"line":1,"column":33}},"1":{"start":{"line":3,"column":0},"end":{"line":3,"column":53}},"2":{"start":{"line":4,"column":0},"end":{"line":4,"column":62}},"3":{"start":{"line":5,"column":0},"end":{"line":5,"column":48}},"4":{"start":{"line":6,"column":0},"end":{"line":6,"column":44}},"5":{"start":{"line":7,"column":0},"end":{"line":7,"column":38}},"6":{"start":{"line":8,"column":0},"end":{"line":8,"column":73}},"7":{"start":{"line":10,"column":15},"end":{"line":10,"column":23}},"8":{"start":{"line":13,"column":0},"end":{"line":58,"column":3}},"9":{"start":{"line":14,"column":2},"end":{"line":57,"column":3}},"10":{"start":{"line":15,"column":17},"end":{"line":15,"column":63}},"11":{"start":{"line":16,"column":4},"end":{"line":18,"column":5}},"12":{"start":{"line":17,"column":6},"end":{"line":17,"column":94}},"13":{"start":{"line":20,"column":20},"end":{"line":20,"column":61}},"14":{"start":{"line":21,"column":4},"end":{"line":23,"column":5}},"15":{"start":{"line":22,"column":6},"end":{"line":22,"column":68}},"16":{"start":{"line":25,"column":29},"end":{"line":28,"column":6}},"17":{"start":{"line":30,"column":4},"end":{"line":30,"column":34}},"18":{"start":{"line":33,"column":22},"end":{"line":33,"column":75}},"19":{"start":{"line":34,"column":4},"end":{"line":51,"column":5}},"20":{"start":{"line":35,"column":6},"end":{"line":45,"column":8}},"21":{"start":{"line":48,"column":6},"end":{"line":48,"column":48}},"22":{"start":{"line":49,"column":6},"end":{"line":49,"column":56}},"23":{"start":{"line":50,"column":6},"end":{"line":50,"column":36}},"24":{"start":{"line":53,"column":4},"end":{"line":53,"column":67}},"25":{"start":{"line":55,"column":4},"end":{"line":55,"column":62}},"26":{"start":{"line":56,"column":4},"end":{"line":56,"column":98}},"27":{"start":{"line":61,"column":0},"end":{"line":98,"column":3}},"28":{"start":{"line":62,"column":2},"end":{"line":97,"column":3}},"29":{"start":{"line":63,"column":17},"end":{"line":63,"column":63}},"30":{"start":{"line":64,"column":4},"end":{"line":66,"column":5}},"31":{"start":{"line":65,"column":6},"end":{"line":65,"column":65}},"32":{"start":{"line":69,"column":4},"end":{"line":89,"column":5}},"33":{"start":{"line":70,"column":22},"end":{"line":70,"column":63}},"34":{"start":{"line":71,"column":6},"end":{"line":73,"column":7}},"35":{"start":{"line":72,"column":8},"end":{"line":72,"column":70}},"36":{"start":{"line":74,"column":6},"end":{"line":74,"column":30}},"37":{"start":{"line":76,"column":24},"end":{"line":76,"column":67}},"38":{"start":{"line":77,"column":6},"end":{"line":79,"column":7}},"39":{"start":{"line":78,"column":8},"end":{"line":78,"column":72}},"40":{"start":{"line":80,"column":26},"end":{"line":80,"column":79}},"41":{"start":{"line":81,"column":6},"end":{"line":83,"column":7}},"42":{"start":{"line":82,"column":8},"end":{"line":82,"column":75}},"43":{"start":{"line":84,"column":22},"end":{"line":84,"column":70}},"44":{"start":{"line":85,"column":6},"end":{"line":87,"column":7}},"45":{"start":{"line":86,"column":8},"end":{"line":86,"column":70}},"46":{"start":{"line":88,"column":6},"end":{"line":88,"column":30}},"47":{"start":{"line":91,"column":21},"end":{"line":91,"column":87}},"48":{"start":{"line":92,"column":21},"end":{"line":92,"column":69}},"49":{"start":{"line":92,"column":50},"end":{"line":92,"column":68}},"50":{"start":{"line":93,"column":4},"end":{"line":93,"column":47}},"51":{"start":{"line":95,"column":4},"end":{"line":95,"column":63}},"52":{"start":{"line":96,"column":4},"end":{"line":96,"column":99}},"53":{"start":{"line":101,"column":0},"end":{"line":163,"column":3}},"54":{"start":{"line":102,"column":2},"end":{"line":162,"column":3}},"55":{"start":{"line":103,"column":20},"end":{"line":103,"column":66}},"56":{"start":{"line":104,"column":4},"end":{"line":109,"column":5}},"57":{"start":{"line":105,"column":6},"end":{"line":108,"column":9}},"58":{"start":{"line":112,"column":17},"end":{"line":112,"column":63}},"59":{"start":{"line":113,"column":4},"end":{"line":118,"column":5}},"60":{"start":{"line":114,"column":6},"end":{"line":117,"column":9}},"61":{"start":{"line":120,"column":4},"end":{"line":150,"column":5}},"62":{"start":{"line":121,"column":22},"end":{"line":121,"column":63}},"63":{"start":{"line":122,"column":6},"end":{"line":127,"column":7}},"64":{"start":{"line":123,"column":8},"end":{"line":126,"column":11}},"65":{"start":{"line":128,"column":11},"end":{"line":150,"column":5}},"66":{"start":{"line":129,"column":24},"end":{"line":129,"column":67}},"67":{"start":{"line":130,"column":6},"end":{"line":135,"column":7}},"68":{"start":{"line":131,"column":8},"end":{"line":134,"column":11}},"69":{"start":{"line":136,"column":26},"end":{"line":136,"column":79}},"70":{"start":{"line":137,"column":6},"end":{"line":142,"column":7}},"71":{"start":{"line":138,"column":8},"end":{"line":141,"column":11}},"72":{"start":{"line":143,"column":22},"end":{"line":143,"column":70}},"73":{"start":{"line":144,"column":6},"end":{"line":149,"column":7}},"74":{"start":{"line":145,"column":8},"end":{"line":148,"column":11}},"75":{"start":{"line":152,"column":4},"end":{"line":155,"column":7}},"76":{"start":{"line":157,"column":4},"end":{"line":157,"column":62}},"77":{"start":{"line":158,"column":4},"end":{"line":161,"column":7}},"78":{"start":{"line":166,"column":0},"end":{"line":214,"column":3}},"79":{"start":{"line":167,"column":2},"end":{"line":213,"column":3}},"80":{"start":{"line":168,"column":23},"end":{"line":168,"column":31}},"81":{"start":{"line":169,"column":4},"end":{"line":171,"column":5}},"82":{"start":{"line":170,"column":6},"end":{"line":170,"column":65}},"83":{"start":{"line":173,"column":17},"end":{"line":173,"column":63}},"84":{"start":{"line":174,"column":4},"end":{"line":176,"column":5}},"85":{"start":{"line":175,"column":6},"end":{"line":175,"column":65}},"86":{"start":{"line":178,"column":20},"end":{"line":178,"column":66}},"87":{"start":{"line":179,"column":4},"end":{"line":181,"column":5}},"88":{"start":{"line":180,"column":6},"end":{"line":180,"column":78}},"89":{"start":{"line":184,"column":4},"end":{"line":202,"column":5}},"90":{"start":{"line":185,"column":22},"end":{"line":185,"column":63}},"91":{"start":{"line":186,"column":6},"end":{"line":188,"column":7}},"92":{"start":{"line":187,"column":8},"end":{"line":187,"column":90}},"93":{"start":{"line":190,"column":24},"end":{"line":190,"column":67}},"94":{"start":{"line":191,"column":6},"end":{"line":193,"column":7}},"95":{"start":{"line":192,"column":8},"end":{"line":192,"column":90}},"96":{"start":{"line":194,"column":26},"end":{"line":194,"column":79}},"97":{"start":{"line":195,"column":6},"end":{"line":197,"column":7}},"98":{"start":{"line":196,"column":8},"end":{"line":196,"column":90}},"99":{"start":{"line":198,"column":22},"end":{"line":198,"column":70}},"100":{"start":{"line":199,"column":6},"end":{"line":201,"column":7}},"101":{"start":{"line":200,"column":8},"end":{"line":200,"column":90}},"102":{"start":{"line":204,"column":4},"end":{"line":204,"column":28}},"103":{"start":{"line":205,"column":4},"end":{"line":205,"column":36}},"104":{"start":{"line":206,"column":4},"end":{"line":206,"column":66}},"105":{"start":{"line":208,"column":4},"end":{"line":208,"column":25}},"106":{"start":{"line":209,"column":4},"end":{"line":209,"column":46}},"107":{"start":{"line":211,"column":4},"end":{"line":211,"column":62}},"108":{"start":{"line":212,"column":4},"end":{"line":212,"column":98}},"109":{"start":{"line":217,"column":0},"end":{"line":255,"column":3}},"110":{"start":{"line":218,"column":2},"end":{"line":254,"column":3}},"111":{"start":{"line":219,"column":20},"end":{"line":219,"column":66}},"112":{"start":{"line":220,"column":4},"end":{"line":222,"column":5}},"113":{"start":{"line":221,"column":6},"end":{"line":221,"column":95}},"114":{"start":{"line":225,"column":17},"end":{"line":225,"column":63}},"115":{"start":{"line":226,"column":4},"end":{"line":228,"column":5}},"116":{"start":{"line":227,"column":6},"end":{"line":227,"column":80}},"117":{"start":{"line":229,"column":20},"end":{"line":229,"column":25}},"118":{"start":{"line":230,"column":4},"end":{"line":240,"column":5}},"119":{"start":{"line":231,"column":22},"end":{"line":231,"column":63}},"120":{"start":{"line":232,"column":6},"end":{"line":232,"column":77}},"121":{"start":{"line":234,"column":24},"end":{"line":234,"column":67}},"122":{"start":{"line":235,"column":6},"end":{"line":239,"column":7}},"123":{"start":{"line":236,"column":28},"end":{"line":236,"column":81}},"124":{"start":{"line":237,"column":24},"end":{"line":237,"column":73}},"125":{"start":{"line":238,"column":8},"end":{"line":238,"column":79}},"126":{"start":{"line":242,"column":4},"end":{"line":244,"column":5}},"127":{"start":{"line":243,"column":6},"end":{"line":243,"column":81}},"128":{"start":{"line":246,"column":4},"end":{"line":246,"column":29}},"129":{"start":{"line":247,"column":4},"end":{"line":247,"column":32}},"130":{"start":{"line":248,"column":4},"end":{"line":248,"column":25}},"131":{"start":{"line":250,"column":4},"end":{"line":250,"column":46}},"132":{"start":{"line":252,"column":4},"end":{"line":252,"column":64}},"133":{"start":{"line":253,"column":4},"end":{"line":253,"column":80}},"134":{"start":{"line":257,"column":0},"end":{"line":257,"column":22}}},"fnMap":{"0":{"name":"(anonymous_0)","decl":{"start":{"line":13,"column":34},"end":{"line":13,"column":39}},"loc":{"start":{"line":13,"column":53},"end":{"line":58,"column":1}}},"1":{"name":"(anonymous_1)","decl":{"start":{"line":61,"column":33},"end":{"line":61,"column":38}},"loc":{"start":{"line":61,"column":52},"end":{"line":98,"column":1}}},"2":{"name":"(anonymous_2)","decl":{"start":{"line":92,"column":37},"end":{"line":92,"column":38}},"loc":{"start":{"line":92,"column":50},"end":{"line":92,"column":68}}},"3":{"name":"(anonymous_3)","decl":{"start":{"line":101,"column":36},"end":{"line":101,"column":41}},"loc":{"start":{"line":101,"column":55},"end":{"line":163,"column":1}}},"4":{"name":"(anonymous_4)","decl":{"start":{"line":166,"column":45},"end":{"line":166,"column":50}},"loc":{"start":{"line":166,"column":64},"end":{"line":214,"column":1}}},"5":{"name":"(anonymous_5)","decl":{"start":{"line":217,"column":46},"end":{"line":217,"column":51}},"loc":{"start":{"line":217,"column":65},"end":{"line":255,"column":1}}}},"branchMap":{"0":{"loc":{"start":{"line":16,"column":4},"end":{"line":18,"column":5}},"type":"if","locations":[{"start":{"line":16,"column":4},"end":{"line":18,"column":5}}]},"1":{"loc":{"start":{"line":16,"column":8},"end":{"line":16,"column":44}},"type":"binary-expr","locations":[{"start":{"line":16,"column":8},"end":{"line":16,"column":13}},{"start":{"line":16,"column":17},"end":{"line":16,"column":44}}]},"2":{"loc":{"start":{"line":21,"column":4},"end":{"line":23,"column":5}},"type":"if","locations":[{"start":{"line":21,"column":4},"end":{"line":23,"column":5}}]},"3":{"loc":{"start":{"line":34,"column":4},"end":{"line":51,"column":5}},"type":"if","locations":[{"start":{"line":34,"column":4},"end":{"line":51,"column":5}}]},"4":{"loc":{"start":{"line":64,"column":4},"end":{"line":66,"column":5}},"type":"if","locations":[{"start":{"line":64,"column":4},"end":{"line":66,"column":5}}]},"5":{"loc":{"start":{"line":69,"column":4},"end":{"line":89,"column":5}},"type":"if","locations":[{"start":{"line":69,"column":4},"end":{"line":89,"column":5}},{"start":{"line":75,"column":11},"end":{"line":89,"column":5}}]},"6":{"loc":{"start":{"line":71,"column":6},"end":{"line":73,"column":7}},"type":"if","locations":[{"start":{"line":71,"column":6},"end":{"line":73,"column":7}}]},"7":{"loc":{"start":{"line":77,"column":6},"end":{"line":79,"column":7}},"type":"if","locations":[{"start":{"line":77,"column":6},"end":{"line":79,"column":7}}]},"8":{"loc":{"start":{"line":81,"column":6},"end":{"line":83,"column":7}},"type":"if","locations":[{"start":{"line":81,"column":6},"end":{"line":83,"column":7}}]},"9":{"loc":{"start":{"line":85,"column":6},"end":{"line":87,"column":7}},"type":"if","locations":[{"start":{"line":85,"column":6},"end":{"line":87,"column":7}}]},"10":{"loc":{"start":{"line":104,"column":4},"end":{"line":109,"column":5}},"type":"if","locations":[{"start":{"line":104,"column":4},"end":{"line":109,"column":5}}]},"11":{"loc":{"start":{"line":113,"column":4},"end":{"line":118,"column":5}},"type":"if","locations":[{"start":{"line":113,"column":4},"end":{"line":118,"column":5}}]},"12":{"loc":{"start":{"line":120,"column":4},"end":{"line":150,"column":5}},"type":"if","locations":[{"start":{"line":120,"column":4},"end":{"line":150,"column":5}},{"start":{"line":128,"column":11},"end":{"line":150,"column":5}}]},"13":{"loc":{"start":{"line":122,"column":6},"end":{"line":127,"column":7}},"type":"if","locations":[{"start":{"line":122,"column":6},"end":{"line":127,"column":7}}]},"14":{"loc":{"start":{"line":122,"column":10},"end":{"line":122,"column":117}},"type":"binary-expr","locations":[{"start":{"line":122,"column":10},"end":{"line":122,"column":18}},{"start":{"line":122,"column":23},"end":{"line":122,"column":117}}]},"15":{"loc":{"start":{"line":128,"column":11},"end":{"line":150,"column":5}},"type":"if","locations":[{"start":{"line":128,"column":11},"end":{"line":150,"column":5}}]},"16":{"loc":{"start":{"line":130,"column":6},"end":{"line":135,"column":7}},"type":"if","locations":[{"start":{"line":130,"column":6},"end":{"line":135,"column":7}}]},"17":{"loc":{"start":{"line":137,"column":6},"end":{"line":142,"column":7}},"type":"if","locations":[{"start":{"line":137,"column":6},"end":{"line":142,"column":7}}]},"18":{"loc":{"start":{"line":144,"column":6},"end":{"line":149,"column":7}},"type":"if","locations":[{"start":{"line":144,"column":6},"end":{"line":149,"column":7}}]},"19":{"loc":{"start":{"line":144,"column":10},"end":{"line":144,"column":117}},"type":"binary-expr","locations":[{"start":{"line":144,"column":10},"end":{"line":144,"column":18}},{"start":{"line":144,"column":23},"end":{"line":144,"column":117}}]},"20":{"loc":{"start":{"line":169,"column":4},"end":{"line":171,"column":5}},"type":"if","locations":[{"start":{"line":169,"column":4},"end":{"line":171,"column":5}}]},"21":{"loc":{"start":{"line":174,"column":4},"end":{"line":176,"column":5}},"type":"if","locations":[{"start":{"line":174,"column":4},"end":{"line":176,"column":5}}]},"22":{"loc":{"start":{"line":179,"column":4},"end":{"line":181,"column":5}},"type":"if","locations":[{"start":{"line":179,"column":4},"end":{"line":181,"column":5}}]},"23":{"loc":{"start":{"line":184,"column":4},"end":{"line":202,"column":5}},"type":"if","locations":[{"start":{"line":184,"column":4},"end":{"line":202,"column":5}},{"start":{"line":189,"column":11},"end":{"line":202,"column":5}}]},"24":{"loc":{"start":{"line":186,"column":6},"end":{"line":188,"column":7}},"type":"if","locations":[{"start":{"line":186,"column":6},"end":{"line":188,"column":7}}]},"25":{"loc":{"start":{"line":186,"column":10},"end":{"line":186,"column":117}},"type":"binary-expr","locations":[{"start":{"line":186,"column":10},"end":{"line":186,"column":18}},{"start":{"line":186,"column":23},"end":{"line":186,"column":117}}]},"26":{"loc":{"start":{"line":191,"column":6},"end":{"line":193,"column":7}},"type":"if","locations":[{"start":{"line":191,"column":6},"end":{"line":193,"column":7}}]},"27":{"loc":{"start":{"line":195,"column":6},"end":{"line":197,"column":7}},"type":"if","locations":[{"start":{"line":195,"column":6},"end":{"line":197,"column":7}}]},"28":{"loc":{"start":{"line":199,"column":6},"end":{"line":201,"column":7}},"type":"if","locations":[{"start":{"line":199,"column":6},"end":{"line":201,"column":7}}]},"29":{"loc":{"start":{"line":199,"column":10},"end":{"line":199,"column":117}},"type":"binary-expr","locations":[{"start":{"line":199,"column":10},"end":{"line":199,"column":18}},{"start":{"line":199,"column":23},"end":{"line":199,"column":117}}]},"30":{"loc":{"start":{"line":220,"column":4},"end":{"line":222,"column":5}},"type":"if","locations":[{"start":{"line":220,"column":4},"end":{"line":222,"column":5}}]},"31":{"loc":{"start":{"line":226,"column":4},"end":{"line":228,"column":5}},"type":"if","locations":[{"start":{"line":226,"column":4},"end":{"line":228,"column":5}}]},"32":{"loc":{"start":{"line":230,"column":4},"end":{"line":240,"column":5}},"type":"if","locations":[{"start":{"line":230,"column":4},"end":{"line":240,"column":5}},{"start":{"line":233,"column":11},"end":{"line":240,"column":5}}]},"33":{"loc":{"start":{"line":232,"column":18},"end":{"line":232,"column":42}},"type":"cond-expr","locations":[{"start":{"line":232,"column":30},"end":{"line":232,"column":32}},{"start":{"line":232,"column":30},"end":{"line":232,"column":42}}]},"34":{"loc":{"start":{"line":232,"column":18},"end":{"line":232,"column":32}},"type":"binary-expr","locations":[{"start":{"line":232,"column":18},"end":{"line":232,"column":32}},{"start":{"line":232,"column":30},"end":{"line":232,"column":32}}]},"35":{"loc":{"start":{"line":232,"column":18},"end":{"line":232,"column":30}},"type":"cond-expr","locations":[{"start":{"line":232,"column":25},"end":{"line":232,"column":27}},{"start":{"line":232,"column":18},"end":{"line":232,"column":30}}]},"36":{"loc":{"start":{"line":232,"column":18},"end":{"line":232,"column":27}},"type":"binary-expr","locations":[{"start":{"line":232,"column":18},"end":{"line":232,"column":27}},{"start":{"line":232,"column":18},"end":{"line":232,"column":27}}]},"37":{"loc":{"start":{"line":232,"column":47},"end":{"line":232,"column":76}},"type":"cond-expr","locations":[{"start":{"line":232,"column":64},"end":{"line":232,"column":66}},{"start":{"line":232,"column":64},"end":{"line":232,"column":76}}]},"38":{"loc":{"start":{"line":232,"column":47},"end":{"line":232,"column":66}},"type":"binary-expr","locations":[{"start":{"line":232,"column":47},"end":{"line":232,"column":66}},{"start":{"line":232,"column":64},"end":{"line":232,"column":66}}]},"39":{"loc":{"start":{"line":235,"column":6},"end":{"line":239,"column":7}},"type":"if","locations":[{"start":{"line":235,"column":6},"end":{"line":239,"column":7}}]},"40":{"loc":{"start":{"line":237,"column":54},"end":{"line":237,"column":70}},"type":"cond-expr","locations":[{"start":{"line":237,"column":65},"end":{"line":237,"column":67}},{"start":{"line":237,"column":54},"end":{"line":237,"column":70}}]},"41":{"loc":{"start":{"line":237,"column":54},"end":{"line":237,"column":67}},"type":"binary-expr","locations":[{"start":{"line":237,"column":54},"end":{"line":237,"column":67}},{"start":{"line":237,"column":54},"end":{"line":237,"column":67}}]},"42":{"loc":{"start":{"line":238,"column":20},"end":{"line":238,"column":44}},"type":"cond-expr","locations":[{"start":{"line":238,"column":32},"end":{"line":238,"column":34}},{"start":{"line":238,"column":32},"end":{"line":238,"column":44}}]},"43":{"loc":{"start":{"line":238,"column":20},"end":{"line":238,"column":34}},"type":"binary-expr","locations":[{"start":{"line":238,"column":20},"end":{"line":238,"column":34}},{"start":{"line":238,"column":32},"end":{"line":238,"column":34}}]},"44":{"loc":{"start":{"line":238,"column":20},"end":{"line":238,"column":32}},"type":"cond-expr","locations":[{"start":{"line":238,"column":27},"end":{"line":238,"column":29}},{"start":{"line":238,"column":20},"end":{"line":238,"column":32}}]},"45":{"loc":{"start":{"line":238,"column":20},"end":{"line":238,"column":29}},"type":"binary-expr","locations":[{"start":{"line":238,"column":20},"end":{"line":238,"column":29}},{"start":{"line":238,"column":20},"end":{"line":238,"column":29}}]},"46":{"loc":{"start":{"line":238,"column":49},"end":{"line":238,"column":78}},"type":"cond-expr","locations":[{"start":{"line":238,"column":66},"end":{"line":238,"column":68}},{"start":{"line":238,"column":66},"end":{"line":238,"column":78}}]},"47":{"loc":{"start":{"line":238,"column":49},"end":{"line":238,"column":68}},"type":"binary-expr","locations":[{"start":{"line":238,"column":49},"end":{"line":238,"column":68}},{"start":{"line":238,"column":66},"end":{"line":238,"column":68}}]},"48":{"loc":{"start":{"line":242,"column":4},"end":{"line":244,"column":5}},"type":"if","locations":[{"start":{"line":242,"column":4},"end":{"line":244,"column":5}}]}},"s":{"0":10,"1":10,"2":10,"3":10,"4":10,"5":10,"6":10,"7":10,"8":10,"9":0,"10":0,"11":0,"12":0,"13":0,"14":0,"15":0,"16":0,"17":0,"18":0,"19":0,"20":0,"21":0,"22":0,"23":0,"24":0,"25":0,"26":0,"27":10,"28":1,"29":1,"30":1,"31":0,"32":1,"33":0,"34":0,"35":0,"36":0,"37":1,"38":1,"39":0,"40":1,"41":1,"42":0,"43":1,"44":1,"45":0,"46":1,"47":1,"48":1,"49":1,"50":1,"51":0,"52":0,"53":10,"54":1,"55":1,"56":1,"57":0,"58":1,"59":1,"60":0,"61":1,"62":0,"63":0,"64":0,"65":1,"66":0,"67":0,"68":0,"69":0,"70":0,"71":0,"72":0,"73":0,"74":0,"75":1,"76":0,"77":0,"78":10,"79":1,"80":1,"81":1,"82":0,"83":1,"84":1,"85":0,"86":1,"87":1,"88":0,"89":1,"90":0,"91":0,"92":0,"93":1,"94":1,"95":0,"96":1,"97":1,"98":0,"99":1,"100":1,"101":0,"102":1,"103":1,"104":1,"105":1,"106":1,"107":0,"108":0,"109":10,"110":1,"111":1,"112":1,"113":0,"114":1,"115":1,"116":0,"117":1,"118":1,"119":0,"120":0,"121":1,"122":1,"123":1,"124":1,"125":1,"126":1,"127":0,"128":1,"129":1,"130":1,"131":1,"132":0,"133":0,"134":10},"f":{"0":0,"1":1,"2":1,"3":1,"4":1,"5":1},"b":{"0":[0],"1":[0,0],"2":[0],"3":[0],"4":[0],"5":[0,1],"6":[0],"7":[0],"8":[0],"9":[0],"10":[0],"11":[0],"12":[0,1],"13":[0],"14":[0,0],"15":[0],"16":[0],"17":[0],"18":[0],"19":[0,0],"20":[0],"21":[0],"22":[0],"23":[0,1],"24":[0],"25":[0,0],"26":[0],"27":[0],"28":[0],"29":[1,1],"30":[0],"31":[0],"32":[0,1],"33":[0,0],"34":[0,0],"35":[0,0],"36":[0,0],"37":[0,0],"38":[0,0],"39":[1],"40":[0,1],"41":[1,1],"42":[0,1],"43":[1,1],"44":[0,1],"45":[1,1],"46":[0,1],"47":[1,1],"48":[0]}}
,"/Users/aishaakram/Downloads/api-6/src/routes/auth.route.ts": {"path":"/Users/aishaakram/Downloads/api-6/src/routes/auth.route.ts","statementMap":{"0":{"start":{"line":1,"column":0},"end":{"line":1,"column":30}},"1":{"start":{"line":2,"column":0},"end":{"line":2,"column":33}},"2":{"start":{"line":3,"column":0},"end":{"line":3,"column":31}},"3":{"start":{"line":4,"column":0},"end":{"line":4,"column":48}},"4":{"start":{"line":5,"column":0},"end":{"line":5,"column":44}},"5":{"start":{"line":6,"column":0},"end":{"line":6,"column":38}},"6":{"start":{"line":8,"column":15},"end":{"line":8,"column":23}},"7":{"start":{"line":10,"column":0},"end":{"line":36,"column":3}},"8":{"start":{"line":11,"column":79},"end":{"line":11,"column":87}},"9":{"start":{"line":13,"column":2},"end":{"line":35,"column":3}},"10":{"start":{"line":14,"column":20},"end":{"line":14,"column":49}},"11":{"start":{"line":16,"column":4},"end":{"line":18,"column":5}},"12":{"start":{"line":17,"column":6},"end":{"line":17,"column":88}},"13":{"start":{"line":20,"column":30},"end":{"line":20,"column":61}},"14":{"start":{"line":22,"column":4},"end":{"line":30,"column":7}},"15":{"start":{"line":32,"column":4},"end":{"line":32,"column":53}},"16":{"start":{"line":34,"column":4},"end":{"line":34,"column":59}},"17":{"start":{"line":38,"column":0},"end":{"line":63,"column":3}},"18":{"start":{"line":39,"column":30},"end":{"line":39,"column":38}},"19":{"start":{"line":41,"column":2},"end":{"line":62,"column":3}},"20":{"start":{"line":42,"column":17},"end":{"line":42,"column":46}},"21":{"start":{"line":44,"column":4},"end":{"line":46,"column":5}},"22":{"start":{"line":45,"column":6},"end":{"line":45,"column":84}},"23":{"start":{"line":48,"column":28},"end":{"line":48,"column":73}},"24":{"start":{"line":50,"column":4},"end":{"line":57,"column":5}},"25":{"start":{"line":51,"column":20},"end":{"line":51,"column":76}},"26":{"start":{"line":52,"column":6},"end":{"line":56,"column":9}},"27":{"start":{"line":59,"column":4},"end":{"line":59,"column":84}},"28":{"start":{"line":61,"column":4},"end":{"line":61,"column":59}},"29":{"start":{"line":65,"column":0},"end":{"line":125,"column":3}},"30":{"start":{"line":66,"column":91},"end":{"line":66,"column":99}},"31":{"start":{"line":68,"column":2},"end":{"line":124,"column":3}},"32":{"start":{"line":69,"column":20},"end":{"line":69,"column":49}},"33":{"start":{"line":71,"column":4},"end":{"line":73,"column":5}},"34":{"start":{"line":72,"column":6},"end":{"line":72,"column":88}},"35":{"start":{"line":75,"column":20},"end":{"line":75,"column":74}},"36":{"start":{"line":77,"column":4},"end":{"line":82,"column":5}},"37":{"start":{"line":78,"column":6},"end":{"line":81,"column":9}},"38":{"start":{"line":84,"column":24},"end":{"line":84,"column":43}},"39":{"start":{"line":85,"column":4},"end":{"line":90,"column":5}},"40":{"start":{"line":86,"column":6},"end":{"line":89,"column":9}},"41":{"start":{"line":92,"column":30},"end":{"line":92,"column":61}},"42":{"start":{"line":94,"column":20},"end":{"line":102,"column":6}},"43":{"start":{"line":104,"column":4},"end":{"line":107,"column":7}},"44":{"start":{"line":109,"column":19},"end":{"line":109,"column":113}},"45":{"start":{"line":111,"column":4},"end":{"line":116,"column":5}},"46":{"start":{"line":112,"column":6},"end":{"line":115,"column":9}},"47":{"start":{"line":118,"column":4},"end":{"line":118,"column":78}},"48":{"start":{"line":120,"column":4},"end":{"line":123,"column":7}},"49":{"start":{"line":127,"column":0},"end":{"line":160,"column":3}},"50":{"start":{"line":128,"column":79},"end":{"line":128,"column":87}},"51":{"start":{"line":130,"column":2},"end":{"line":159,"column":3}},"52":{"start":{"line":131,"column":21},"end":{"line":131,"column":41}},"53":{"start":{"line":132,"column":4},"end":{"line":134,"column":5}},"54":{"start":{"line":133,"column":6},"end":{"line":133,"column":40}},"55":{"start":{"line":136,"column":30},"end":{"line":136,"column":61}},"56":{"start":{"line":138,"column":20},"end":{"line":146,"column":6}},"57":{"start":{"line":148,"column":4},"end":{"line":151,"column":7}},"58":{"start":{"line":153,"column":4},"end":{"line":153,"column":88}},"59":{"start":{"line":155,"column":4},"end":{"line":158,"column":7}},"60":{"start":{"line":163,"column":2},"end":{"line":163,"column":49}},"61":{"start":{"line":166,"column":0},"end":{"line":166,"column":22}}},"fnMap":{"0":{"name":"(anonymous_1)","decl":{"start":{"line":10,"column":25},"end":{"line":10,"column":30}},"loc":{"start":{"line":10,"column":44},"end":{"line":36,"column":1}}},"1":{"name":"(anonymous_2)","decl":{"start":{"line":38,"column":22},"end":{"line":38,"column":27}},"loc":{"start":{"line":38,"column":41},"end":{"line":63,"column":1}}},"2":{"name":"(anonymous_3)","decl":{"start":{"line":65,"column":34},"end":{"line":65,"column":39}},"loc":{"start":{"line":65,"column":53},"end":{"line":125,"column":1}}},"3":{"name":"(anonymous_4)","decl":{"start":{"line":127,"column":32},"end":{"line":127,"column":37}},"loc":{"start":{"line":127,"column":51},"end":{"line":160,"column":1}}},"4":{"name":"generateUniqueCode","decl":{"start":{"line":162,"column":9},"end":{"line":162,"column":27}},"loc":{"start":{"line":162,"column":27},"end":{"line":164,"column":1}}}},"branchMap":{"0":{"loc":{"start":{"line":16,"column":4},"end":{"line":18,"column":5}},"type":"if","locations":[{"start":{"line":16,"column":4},"end":{"line":18,"column":5}}]},"1":{"loc":{"start":{"line":44,"column":4},"end":{"line":46,"column":5}},"type":"if","locations":[{"start":{"line":44,"column":4},"end":{"line":46,"column":5}}]},"2":{"loc":{"start":{"line":50,"column":4},"end":{"line":57,"column":5}},"type":"if","locations":[{"start":{"line":50,"column":4},"end":{"line":57,"column":5}}]},"3":{"loc":{"start":{"line":71,"column":4},"end":{"line":73,"column":5}},"type":"if","locations":[{"start":{"line":71,"column":4},"end":{"line":73,"column":5}}]},"4":{"loc":{"start":{"line":77,"column":4},"end":{"line":82,"column":5}},"type":"if","locations":[{"start":{"line":77,"column":4},"end":{"line":82,"column":5}}]},"5":{"loc":{"start":{"line":85,"column":4},"end":{"line":90,"column":5}},"type":"if","locations":[{"start":{"line":85,"column":4},"end":{"line":90,"column":5}}]},"6":{"loc":{"start":{"line":85,"column":8},"end":{"line":85,"column":42}},"type":"binary-expr","locations":[{"start":{"line":85,"column":8},"end":{"line":85,"column":20}},{"start":{"line":85,"column":24},"end":{"line":85,"column":42}}]},"7":{"loc":{"start":{"line":111,"column":4},"end":{"line":116,"column":5}},"type":"if","locations":[{"start":{"line":111,"column":4},"end":{"line":116,"column":5}}]}},"s":{"0":10,"1":10,"2":10,"3":10,"4":10,"5":10,"6":10,"7":10,"8":3,"9":3,"10":3,"11":2,"12":1,"13":1,"14":1,"15":1,"16":1,"17":10,"18":4,"19":4,"20":4,"21":3,"22":1,"23":2,"24":2,"25":1,"26":1,"27":1,"28":1,"29":10,"30":2,"31":2,"32":2,"33":1,"34":1,"35":0,"36":0,"37":0,"38":0,"39":0,"40":0,"41":0,"42":0,"43":0,"44":0,"45":0,"46":0,"47":0,"48":1,"49":10,"50":2,"51":2,"52":2,"53":2,"54":0,"55":2,"56":2,"57":1,"58":1,"59":1,"60":2,"61":10},"f":{"0":3,"1":4,"2":2,"3":2,"4":2},"b":{"0":[1],"1":[1],"2":[1],"3":[1],"4":[0],"5":[0],"6":[0,0],"7":[0]}}
,"/Users/aishaakram/Downloads/api-6/src/routes/fall-events.route.ts": {"path":"/Users/aishaakram/Downloads/api-6/src/routes/fall-events.route.ts","statementMap":{"0":{"start":{"line":1,"column":0},"end":{"line":1,"column":33}},"1":{"start":{"line":3,"column":0},"end":{"line":3,"column":53}},"2":{"start":{"line":4,"column":0},"end":{"line":4,"column":48}},"3":{"start":{"line":5,"column":0},"end":{"line":5,"column":48}},"4":{"start":{"line":6,"column":0},"end":{"line":6,"column":44}},"5":{"start":{"line":7,"column":0},"end":{"line":7,"column":38}},"6":{"start":{"line":8,"column":0},"end":{"line":8,"column":73}},"7":{"start":{"line":10,"column":15},"end":{"line":10,"column":23}},"8":{"start":{"line":13,"column":0},"end":{"line":58,"column":3}},"9":{"start":{"line":14,"column":2},"end":{"line":57,"column":3}},"10":{"start":{"line":15,"column":17},"end":{"line":15,"column":63}},"11":{"start":{"line":16,"column":4},"end":{"line":18,"column":5}},"12":{"start":{"line":17,"column":6},"end":{"line":17,"column":87}},"13":{"start":{"line":20,"column":20},"end":{"line":20,"column":61}},"14":{"start":{"line":21,"column":4},"end":{"line":23,"column":5}},"15":{"start":{"line":22,"column":6},"end":{"line":22,"column":68}},"16":{"start":{"line":25,"column":22},"end":{"line":28,"column":6}},"17":{"start":{"line":30,"column":4},"end":{"line":30,"column":27}},"18":{"start":{"line":33,"column":22},"end":{"line":33,"column":75}},"19":{"start":{"line":34,"column":4},"end":{"line":51,"column":5}},"20":{"start":{"line":35,"column":6},"end":{"line":45,"column":8}},"21":{"start":{"line":48,"column":6},"end":{"line":48,"column":41}},"22":{"start":{"line":49,"column":6},"end":{"line":49,"column":49}},"23":{"start":{"line":50,"column":6},"end":{"line":50,"column":29}},"24":{"start":{"line":53,"column":4},"end":{"line":53,"column":60}},"25":{"start":{"line":55,"column":4},"end":{"line":55,"column":55}},"26":{"start":{"line":56,"column":4},"end":{"line":56,"column":91}},"27":{"start":{"line":61,"column":0},"end":{"line":98,"column":3}},"28":{"start":{"line":62,"column":2},"end":{"line":97,"column":3}},"29":{"start":{"line":63,"column":17},"end":{"line":63,"column":63}},"30":{"start":{"line":64,"column":4},"end":{"line":66,"column":5}},"31":{"start":{"line":65,"column":6},"end":{"line":65,"column":65}},"32":{"start":{"line":69,"column":4},"end":{"line":89,"column":5}},"33":{"start":{"line":70,"column":22},"end":{"line":70,"column":63}},"34":{"start":{"line":71,"column":6},"end":{"line":73,"column":7}},"35":{"start":{"line":72,"column":8},"end":{"line":72,"column":70}},"36":{"start":{"line":74,"column":6},"end":{"line":74,"column":30}},"37":{"start":{"line":76,"column":24},"end":{"line":76,"column":67}},"38":{"start":{"line":77,"column":6},"end":{"line":79,"column":7}},"39":{"start":{"line":78,"column":8},"end":{"line":78,"column":72}},"40":{"start":{"line":80,"column":26},"end":{"line":80,"column":79}},"41":{"start":{"line":81,"column":6},"end":{"line":83,"column":7}},"42":{"start":{"line":82,"column":8},"end":{"line":82,"column":70}},"43":{"start":{"line":84,"column":22},"end":{"line":84,"column":70}},"44":{"start":{"line":85,"column":6},"end":{"line":87,"column":7}},"45":{"start":{"line":86,"column":8},"end":{"line":86,"column":70}},"46":{"start":{"line":88,"column":6},"end":{"line":88,"column":30}},"47":{"start":{"line":91,"column":19},"end":{"line":91,"column":78}},"48":{"start":{"line":92,"column":21},"end":{"line":92,"column":63}},"49":{"start":{"line":92,"column":46},"end":{"line":92,"column":62}},"50":{"start":{"line":93,"column":4},"end":{"line":93,"column":47}},"51":{"start":{"line":95,"column":4},"end":{"line":95,"column":56}},"52":{"start":{"line":96,"column":4},"end":{"line":96,"column":92}},"53":{"start":{"line":101,"column":0},"end":{"line":163,"column":3}},"54":{"start":{"line":102,"column":2},"end":{"line":162,"column":3}},"55":{"start":{"line":103,"column":18},"end":{"line":103,"column":57}},"56":{"start":{"line":104,"column":4},"end":{"line":109,"column":5}},"57":{"start":{"line":105,"column":6},"end":{"line":108,"column":9}},"58":{"start":{"line":112,"column":17},"end":{"line":112,"column":63}},"59":{"start":{"line":113,"column":4},"end":{"line":118,"column":5}},"60":{"start":{"line":114,"column":6},"end":{"line":117,"column":9}},"61":{"start":{"line":120,"column":4},"end":{"line":150,"column":5}},"62":{"start":{"line":121,"column":22},"end":{"line":121,"column":63}},"63":{"start":{"line":122,"column":6},"end":{"line":127,"column":7}},"64":{"start":{"line":123,"column":8},"end":{"line":126,"column":11}},"65":{"start":{"line":129,"column":24},"end":{"line":129,"column":67}},"66":{"start":{"line":130,"column":6},"end":{"line":135,"column":7}},"67":{"start":{"line":131,"column":8},"end":{"line":134,"column":11}},"68":{"start":{"line":136,"column":26},"end":{"line":136,"column":79}},"69":{"start":{"line":137,"column":6},"end":{"line":142,"column":7}},"70":{"start":{"line":138,"column":8},"end":{"line":141,"column":11}},"71":{"start":{"line":143,"column":22},"end":{"line":143,"column":70}},"72":{"start":{"line":144,"column":6},"end":{"line":149,"column":7}},"73":{"start":{"line":145,"column":8},"end":{"line":148,"column":11}},"74":{"start":{"line":152,"column":4},"end":{"line":155,"column":7}},"75":{"start":{"line":157,"column":4},"end":{"line":157,"column":55}},"76":{"start":{"line":158,"column":4},"end":{"line":161,"column":7}},"77":{"start":{"line":166,"column":0},"end":{"line":218,"column":3}},"78":{"start":{"line":167,"column":2},"end":{"line":217,"column":3}},"79":{"start":{"line":168,"column":23},"end":{"line":168,"column":31}},"80":{"start":{"line":169,"column":4},"end":{"line":171,"column":5}},"81":{"start":{"line":170,"column":6},"end":{"line":170,"column":65}},"82":{"start":{"line":173,"column":17},"end":{"line":173,"column":63}},"83":{"start":{"line":174,"column":4},"end":{"line":176,"column":5}},"84":{"start":{"line":175,"column":6},"end":{"line":175,"column":65}},"85":{"start":{"line":178,"column":18},"end":{"line":178,"column":57}},"86":{"start":{"line":179,"column":4},"end":{"line":181,"column":5}},"87":{"start":{"line":180,"column":6},"end":{"line":180,"column":71}},"88":{"start":{"line":184,"column":4},"end":{"line":202,"column":5}},"89":{"start":{"line":185,"column":22},"end":{"line":185,"column":63}},"90":{"start":{"line":186,"column":6},"end":{"line":188,"column":7}},"91":{"start":{"line":187,"column":8},"end":{"line":187,"column":88}},"92":{"start":{"line":190,"column":24},"end":{"line":190,"column":67}},"93":{"start":{"line":191,"column":6},"end":{"line":193,"column":7}},"94":{"start":{"line":192,"column":8},"end":{"line":192,"column":88}},"95":{"start":{"line":194,"column":26},"end":{"line":194,"column":79}},"96":{"start":{"line":195,"column":6},"end":{"line":197,"column":7}},"97":{"start":{"line":196,"column":8},"end":{"line":196,"column":88}},"98":{"start":{"line":198,"column":22},"end":{"line":198,"column":70}},"99":{"start":{"line":199,"column":6},"end":{"line":201,"column":7}},"100":{"start":{"line":200,"column":8},"end":{"line":200,"column":88}},"101":{"start":{"line":204,"column":4},"end":{"line":204,"column":54}},"102":{"start":{"line":205,"column":4},"end":{"line":210,"column":5}},"103":{"start":{"line":206,"column":6},"end":{"line":206,"column":37}},"104":{"start":{"line":208,"column":6},"end":{"line":208,"column":36}},"105":{"start":{"line":209,"column":6},"end":{"line":209,"column":66}},"106":{"start":{"line":212,"column":4},"end":{"line":212,"column":23}},"107":{"start":{"line":213,"column":4},"end":{"line":213,"column":44}},"108":{"start":{"line":215,"column":4},"end":{"line":215,"column":55}},"109":{"start":{"line":216,"column":4},"end":{"line":216,"column":91}},"110":{"start":{"line":221,"column":0},"end":{"line":263,"column":3}},"111":{"start":{"line":222,"column":2},"end":{"line":262,"column":3}},"112":{"start":{"line":223,"column":18},"end":{"line":223,"column":57}},"113":{"start":{"line":224,"column":4},"end":{"line":226,"column":5}},"114":{"start":{"line":225,"column":6},"end":{"line":225,"column":88}},"115":{"start":{"line":229,"column":17},"end":{"line":229,"column":63}},"116":{"start":{"line":230,"column":4},"end":{"line":232,"column":5}},"117":{"start":{"line":231,"column":6},"end":{"line":231,"column":80}},"118":{"start":{"line":234,"column":4},"end":{"line":252,"column":5}},"119":{"start":{"line":235,"column":22},"end":{"line":235,"column":63}},"120":{"start":{"line":236,"column":6},"end":{"line":238,"column":7}},"121":{"start":{"line":237,"column":8},"end":{"line":237,"column":83}},"122":{"start":{"line":240,"column":24},"end":{"line":240,"column":67}},"123":{"start":{"line":241,"column":6},"end":{"line":243,"column":7}},"124":{"start":{"line":242,"column":8},"end":{"line":242,"column":83}},"125":{"start":{"line":244,"column":26},"end":{"line":244,"column":79}},"126":{"start":{"line":245,"column":6},"end":{"line":247,"column":7}},"127":{"start":{"line":246,"column":8},"end":{"line":246,"column":83}},"128":{"start":{"line":248,"column":22},"end":{"line":248,"column":70}},"129":{"start":{"line":249,"column":6},"end":{"line":251,"column":7}},"130":{"start":{"line":250,"column":8},"end":{"line":250,"column":83}},"131":{"start":{"line":254,"column":4},"end":{"line":254,"column":27}},"132":{"start":{"line":255,"column":4},"end":{"line":255,"column":30}},"133":{"start":{"line":256,"column":4},"end":{"line":256,"column":23}},"134":{"start":{"line":258,"column":4},"end":{"line":258,"column":44}},"135":{"start":{"line":260,"column":4},"end":{"line":260,"column":57}},"136":{"start":{"line":261,"column":4},"end":{"line":261,"column":80}},"137":{"start":{"line":265,"column":0},"end":{"line":265,"column":22}}},"fnMap":{"0":{"name":"(anonymous_0)","decl":{"start":{"line":13,"column":34},"end":{"line":13,"column":39}},"loc":{"start":{"line":13,"column":53},"end":{"line":58,"column":1}}},"1":{"name":"(anonymous_1)","decl":{"start":{"line":61,"column":33},"end":{"line":61,"column":38}},"loc":{"start":{"line":61,"column":52},"end":{"line":98,"column":1}}},"2":{"name":"(anonymous_2)","decl":{"start":{"line":92,"column":35},"end":{"line":92,"column":36}},"loc":{"start":{"line":92,"column":46},"end":{"line":92,"column":62}}},"3":{"name":"(anonymous_3)","decl":{"start":{"line":101,"column":36},"end":{"line":101,"column":41}},"loc":{"start":{"line":101,"column":55},"end":{"line":163,"column":1}}},"4":{"name":"(anonymous_4)","decl":{"start":{"line":166,"column":45},"end":{"line":166,"column":50}},"loc":{"start":{"line":166,"column":64},"end":{"line":218,"column":1}}},"5":{"name":"(anonymous_5)","decl":{"start":{"line":221,"column":46},"end":{"line":221,"column":51}},"loc":{"start":{"line":221,"column":65},"end":{"line":263,"column":1}}}},"branchMap":{"0":{"loc":{"start":{"line":16,"column":4},"end":{"line":18,"column":5}},"type":"if","locations":[{"start":{"line":16,"column":4},"end":{"line":18,"column":5}}]},"1":{"loc":{"start":{"line":16,"column":8},"end":{"line":16,"column":44}},"type":"binary-expr","locations":[{"start":{"line":16,"column":8},"end":{"line":16,"column":13}},{"start":{"line":16,"column":17},"end":{"line":16,"column":44}}]},"2":{"loc":{"start":{"line":21,"column":4},"end":{"line":23,"column":5}},"type":"if","locations":[{"start":{"line":21,"column":4},"end":{"line":23,"column":5}}]},"3":{"loc":{"start":{"line":34,"column":4},"end":{"line":51,"column":5}},"type":"if","locations":[{"start":{"line":34,"column":4},"end":{"line":51,"column":5}}]},"4":{"loc":{"start":{"line":64,"column":4},"end":{"line":66,"column":5}},"type":"if","locations":[{"start":{"line":64,"column":4},"end":{"line":66,"column":5}}]},"5":{"loc":{"start":{"line":69,"column":4},"end":{"line":89,"column":5}},"type":"if","locations":[{"start":{"line":69,"column":4},"end":{"line":89,"column":5}},{"start":{"line":75,"column":11},"end":{"line":89,"column":5}}]},"6":{"loc":{"start":{"line":71,"column":6},"end":{"line":73,"column":7}},"type":"if","locations":[{"start":{"line":71,"column":6},"end":{"line":73,"column":7}}]},"7":{"loc":{"start":{"line":77,"column":6},"end":{"line":79,"column":7}},"type":"if","locations":[{"start":{"line":77,"column":6},"end":{"line":79,"column":7}}]},"8":{"loc":{"start":{"line":81,"column":6},"end":{"line":83,"column":7}},"type":"if","locations":[{"start":{"line":81,"column":6},"end":{"line":83,"column":7}}]},"9":{"loc":{"start":{"line":85,"column":6},"end":{"line":87,"column":7}},"type":"if","locations":[{"start":{"line":85,"column":6},"end":{"line":87,"column":7}}]},"10":{"loc":{"start":{"line":104,"column":4},"end":{"line":109,"column":5}},"type":"if","locations":[{"start":{"line":104,"column":4},"end":{"line":109,"column":5}}]},"11":{"loc":{"start":{"line":113,"column":4},"end":{"line":118,"column":5}},"type":"if","locations":[{"start":{"line":113,"column":4},"end":{"line":118,"column":5}}]},"12":{"loc":{"start":{"line":120,"column":4},"end":{"line":150,"column":5}},"type":"if","locations":[{"start":{"line":120,"column":4},"end":{"line":150,"column":5}},{"start":{"line":128,"column":11},"end":{"line":150,"column":5}}]},"13":{"loc":{"start":{"line":122,"column":6},"end":{"line":127,"column":7}},"type":"if","locations":[{"start":{"line":122,"column":6},"end":{"line":127,"column":7}}]},"14":{"loc":{"start":{"line":122,"column":10},"end":{"line":122,"column":115}},"type":"binary-expr","locations":[{"start":{"line":122,"column":10},"end":{"line":122,"column":18}},{"start":{"line":122,"column":23},"end":{"line":122,"column":115}}]},"15":{"loc":{"start":{"line":130,"column":6},"end":{"line":135,"column":7}},"type":"if","locations":[{"start":{"line":130,"column":6},"end":{"line":135,"column":7}}]},"16":{"loc":{"start":{"line":137,"column":6},"end":{"line":142,"column":7}},"type":"if","locations":[{"start":{"line":137,"column":6},"end":{"line":142,"column":7}}]},"17":{"loc":{"start":{"line":144,"column":6},"end":{"line":149,"column":7}},"type":"if","locations":[{"start":{"line":144,"column":6},"end":{"line":149,"column":7}}]},"18":{"loc":{"start":{"line":144,"column":10},"end":{"line":144,"column":115}},"type":"binary-expr","locations":[{"start":{"line":144,"column":10},"end":{"line":144,"column":18}},{"start":{"line":144,"column":23},"end":{"line":144,"column":115}}]},"19":{"loc":{"start":{"line":169,"column":4},"end":{"line":171,"column":5}},"type":"if","locations":[{"start":{"line":169,"column":4},"end":{"line":171,"column":5}}]},"20":{"loc":{"start":{"line":174,"column":4},"end":{"line":176,"column":5}},"type":"if","locations":[{"start":{"line":174,"column":4},"end":{"line":176,"column":5}}]},"21":{"loc":{"start":{"line":179,"column":4},"end":{"line":181,"column":5}},"type":"if","locations":[{"start":{"line":179,"column":4},"end":{"line":181,"column":5}}]},"22":{"loc":{"start":{"line":184,"column":4},"end":{"line":202,"column":5}},"type":"if","locations":[{"start":{"line":184,"column":4},"end":{"line":202,"column":5}},{"start":{"line":189,"column":11},"end":{"line":202,"column":5}}]},"23":{"loc":{"start":{"line":186,"column":6},"end":{"line":188,"column":7}},"type":"if","locations":[{"start":{"line":186,"column":6},"end":{"line":188,"column":7}}]},"24":{"loc":{"start":{"line":186,"column":10},"end":{"line":186,"column":115}},"type":"binary-expr","locations":[{"start":{"line":186,"column":10},"end":{"line":186,"column":18}},{"start":{"line":186,"column":23},"end":{"line":186,"column":115}}]},"25":{"loc":{"start":{"line":191,"column":6},"end":{"line":193,"column":7}},"type":"if","locations":[{"start":{"line":191,"column":6},"end":{"line":193,"column":7}}]},"26":{"loc":{"start":{"line":195,"column":6},"end":{"line":197,"column":7}},"type":"if","locations":[{"start":{"line":195,"column":6},"end":{"line":197,"column":7}}]},"27":{"loc":{"start":{"line":199,"column":6},"end":{"line":201,"column":7}},"type":"if","locations":[{"start":{"line":199,"column":6},"end":{"line":201,"column":7}}]},"28":{"loc":{"start":{"line":199,"column":10},"end":{"line":199,"column":115}},"type":"binary-expr","locations":[{"start":{"line":199,"column":10},"end":{"line":199,"column":18}},{"start":{"line":199,"column":23},"end":{"line":199,"column":115}}]},"29":{"loc":{"start":{"line":205,"column":4},"end":{"line":210,"column":5}},"type":"if","locations":[{"start":{"line":205,"column":4},"end":{"line":210,"column":5}},{"start":{"line":207,"column":11},"end":{"line":210,"column":5}}]},"30":{"loc":{"start":{"line":224,"column":4},"end":{"line":226,"column":5}},"type":"if","locations":[{"start":{"line":224,"column":4},"end":{"line":226,"column":5}}]},"31":{"loc":{"start":{"line":230,"column":4},"end":{"line":232,"column":5}},"type":"if","locations":[{"start":{"line":230,"column":4},"end":{"line":232,"column":5}}]},"32":{"loc":{"start":{"line":234,"column":4},"end":{"line":252,"column":5}},"type":"if","locations":[{"start":{"line":234,"column":4},"end":{"line":252,"column":5}},{"start":{"line":239,"column":11},"end":{"line":252,"column":5}}]},"33":{"loc":{"start":{"line":236,"column":6},"end":{"line":238,"column":7}},"type":"if","locations":[{"start":{"line":236,"column":6},"end":{"line":238,"column":7}}]},"34":{"loc":{"start":{"line":236,"column":10},"end":{"line":236,"column":115}},"type":"binary-expr","locations":[{"start":{"line":236,"column":10},"end":{"line":236,"column":18}},{"start":{"line":236,"column":23},"end":{"line":236,"column":115}}]},"35":{"loc":{"start":{"line":241,"column":6},"end":{"line":243,"column":7}},"type":"if","locations":[{"start":{"line":241,"column":6},"end":{"line":243,"column":7}}]},"36":{"loc":{"start":{"line":245,"column":6},"end":{"line":247,"column":7}},"type":"if","locations":[{"start":{"line":245,"column":6},"end":{"line":247,"column":7}}]},"37":{"loc":{"start":{"line":249,"column":6},"end":{"line":251,"column":7}},"type":"if","locations":[{"start":{"line":249,"column":6},"end":{"line":251,"column":7}}]},"38":{"loc":{"start":{"line":249,"column":10},"end":{"line":249,"column":115}},"type":"binary-expr","locations":[{"start":{"line":249,"column":10},"end":{"line":249,"column":18}},{"start":{"line":249,"column":23},"end":{"line":249,"column":115}}]}},"s":{"0":10,"1":10,"2":10,"3":10,"4":10,"5":10,"6":10,"7":10,"8":10,"9":2,"10":2,"11":2,"12":2,"13":0,"14":0,"15":0,"16":0,"17":0,"18":0,"19":0,"20":0,"21":0,"22":0,"23":0,"24":0,"25":0,"26":0,"27":10,"28":2,"29":2,"30":2,"31":2,"32":0,"33":0,"34":0,"35":0,"36":0,"37":0,"38":0,"39":0,"40":0,"41":0,"42":0,"43":0,"44":0,"45":0,"46":0,"47":0,"48":0,"49":0,"50":0,"51":0,"52":0,"53":10,"54":3,"55":3,"56":3,"57":1,"58":2,"59":2,"60":0,"61":2,"62":0,"63":0,"64":0,"65":2,"66":2,"67":0,"68":2,"69":2,"70":0,"71":2,"72":2,"73":1,"74":1,"75":0,"76":0,"77":10,"78":4,"79":4,"80":4,"81":1,"82":3,"83":3,"84":0,"85":3,"86":3,"87":0,"88":3,"89":0,"90":0,"91":0,"92":3,"93":3,"94":0,"95":3,"96":3,"97":0,"98":3,"99":3,"100":1,"101":2,"102":2,"103":1,"104":1,"105":1,"106":2,"107":2,"108":0,"109":0,"110":10,"111":3,"112":3,"113":3,"114":1,"115":2,"116":2,"117":0,"118":2,"119":0,"120":0,"121":0,"122":2,"123":2,"124":0,"125":2,"126":2,"127":0,"128":2,"129":2,"130":1,"131":1,"132":1,"133":1,"134":1,"135":0,"136":0,"137":10},"f":{"0":2,"1":2,"2":0,"3":3,"4":4,"5":3},"b":{"0":[2],"1":[2,1],"2":[0],"3":[0],"4":[2],"5":[0,0],"6":[0],"7":[0],"8":[0],"9":[0],"10":[1],"11":[0],"12":[0,2],"13":[0],"14":[0,0],"15":[0],"16":[0],"17":[1],"18":[2,2],"19":[1],"20":[0],"21":[0],"22":[0,3],"23":[0],"24":[0,0],"25":[0],"26":[0],"27":[1],"28":[3,3],"29":[1,1],"30":[1],"31":[0],"32":[0,2],"33":[0],"34":[0,0],"35":[0],"36":[0],"37":[1],"38":[2,2]}}
,"/Users/aishaakram/Downloads/api-6/src/routes/inventory.route.ts": {"path":"/Users/aishaakram/Downloads/api-6/src/routes/inventory.route.ts","statementMap":{"0":{"start":{"line":1,"column":0},"end":{"line":1,"column":33}},"1":{"start":{"line":2,"column":0},"end":{"line":2,"column":53}},"2":{"start":{"line":3,"column":0},"end":{"line":3,"column":48}},"3":{"start":{"line":4,"column":0},"end":{"line":4,"column":44}},"4":{"start":{"line":5,"column":0},"end":{"line":5,"column":54}},"5":{"start":{"line":6,"column":0},"end":{"line":6,"column":38}},"6":{"start":{"line":8,"column":15},"end":{"line":8,"column":23}},"7":{"start":{"line":11,"column":0},"end":{"line":55,"column":3}},"8":{"start":{"line":12,"column":2},"end":{"line":54,"column":3}},"9":{"start":{"line":13,"column":17},"end":{"line":13,"column":63}},"10":{"start":{"line":14,"column":4},"end":{"line":16,"column":5}},"11":{"start":{"line":15,"column":6},"end":{"line":15,"column":65}},"12":{"start":{"line":19,"column":20},"end":{"line":19,"column":61}},"13":{"start":{"line":22,"column":22},"end":{"line":22,"column":65}},"14":{"start":{"line":24,"column":4},"end":{"line":26,"column":5}},"15":{"start":{"line":25,"column":6},"end":{"line":25,"column":106}},"16":{"start":{"line":30,"column":4},"end":{"line":42,"column":5}},"17":{"start":{"line":31,"column":26},"end":{"line":31,"column":79}},"18":{"start":{"line":32,"column":6},"end":{"line":34,"column":7}},"19":{"start":{"line":33,"column":8},"end":{"line":33,"column":70}},"20":{"start":{"line":35,"column":28},"end":{"line":35,"column":76}},"21":{"start":{"line":36,"column":6},"end":{"line":38,"column":7}},"22":{"start":{"line":37,"column":8},"end":{"line":37,"column":70}},"23":{"start":{"line":39,"column":6},"end":{"line":39,"column":42}},"24":{"start":{"line":41,"column":6},"end":{"line":41,"column":37}},"25":{"start":{"line":44,"column":26},"end":{"line":47,"column":6}},"26":{"start":{"line":49,"column":4},"end":{"line":49,"column":31}},"27":{"start":{"line":50,"column":4},"end":{"line":50,"column":64}},"28":{"start":{"line":52,"column":4},"end":{"line":52,"column":59}},"29":{"start":{"line":53,"column":4},"end":{"line":53,"column":95}},"30":{"start":{"line":58,"column":0},"end":{"line":88,"column":3}},"31":{"start":{"line":59,"column":2},"end":{"line":87,"column":3}},"32":{"start":{"line":60,"column":17},"end":{"line":60,"column":63}},"33":{"start":{"line":61,"column":4},"end":{"line":63,"column":5}},"34":{"start":{"line":62,"column":6},"end":{"line":62,"column":65}},"35":{"start":{"line":66,"column":4},"end":{"line":76,"column":5}},"36":{"start":{"line":67,"column":6},"end":{"line":67,"column":58}},"37":{"start":{"line":69,"column":24},"end":{"line":69,"column":67}},"38":{"start":{"line":70,"column":6},"end":{"line":72,"column":7}},"39":{"start":{"line":71,"column":8},"end":{"line":71,"column":72}},"40":{"start":{"line":74,"column":26},"end":{"line":74,"column":79}},"41":{"start":{"line":75,"column":6},"end":{"line":75,"column":66}},"42":{"start":{"line":78,"column":4},"end":{"line":80,"column":5}},"43":{"start":{"line":79,"column":6},"end":{"line":79,"column":68}},"44":{"start":{"line":82,"column":27},"end":{"line":82,"column":99}},"45":{"start":{"line":83,"column":4},"end":{"line":83,"column":53}},"46":{"start":{"line":85,"column":4},"end":{"line":85,"column":49}},"47":{"start":{"line":86,"column":4},"end":{"line":86,"column":96}},"48":{"start":{"line":91,"column":0},"end":{"line":124,"column":3}},"49":{"start":{"line":92,"column":2},"end":{"line":123,"column":3}},"50":{"start":{"line":93,"column":17},"end":{"line":93,"column":56}},"51":{"start":{"line":94,"column":4},"end":{"line":96,"column":5}},"52":{"start":{"line":95,"column":6},"end":{"line":95,"column":75}},"53":{"start":{"line":98,"column":17},"end":{"line":98,"column":63}},"54":{"start":{"line":99,"column":4},"end":{"line":101,"column":5}},"55":{"start":{"line":100,"column":6},"end":{"line":100,"column":65}},"56":{"start":{"line":103,"column":20},"end":{"line":103,"column":25}},"57":{"start":{"line":104,"column":4},"end":{"line":114,"column":5}},"58":{"start":{"line":105,"column":39},"end":{"line":105,"column":80}},"59":{"start":{"line":106,"column":6},"end":{"line":106,"column":73}},"60":{"start":{"line":108,"column":24},"end":{"line":108,"column":67}},"61":{"start":{"line":109,"column":6},"end":{"line":113,"column":7}},"62":{"start":{"line":110,"column":28},"end":{"line":110,"column":81}},"63":{"start":{"line":111,"column":41},"end":{"line":111,"column":90}},"64":{"start":{"line":112,"column":8},"end":{"line":112,"column":75}},"65":{"start":{"line":116,"column":4},"end":{"line":118,"column":5}},"66":{"start":{"line":117,"column":6},"end":{"line":117,"column":83}},"67":{"start":{"line":120,"column":4},"end":{"line":120,"column":43}},"68":{"start":{"line":122,"column":4},"end":{"line":122,"column":95}},"69":{"start":{"line":127,"column":0},"end":{"line":172,"column":3}},"70":{"start":{"line":128,"column":2},"end":{"line":171,"column":3}},"71":{"start":{"line":129,"column":17},"end":{"line":129,"column":56}},"72":{"start":{"line":130,"column":4},"end":{"line":132,"column":5}},"73":{"start":{"line":131,"column":6},"end":{"line":131,"column":75}},"74":{"start":{"line":134,"column":17},"end":{"line":134,"column":63}},"75":{"start":{"line":135,"column":4},"end":{"line":137,"column":5}},"76":{"start":{"line":136,"column":6},"end":{"line":136,"column":65}},"77":{"start":{"line":139,"column":20},"end":{"line":139,"column":25}},"78":{"start":{"line":140,"column":4},"end":{"line":150,"column":5}},"79":{"start":{"line":141,"column":39},"end":{"line":141,"column":80}},"80":{"start":{"line":142,"column":6},"end":{"line":142,"column":73}},"81":{"start":{"line":144,"column":24},"end":{"line":144,"column":67}},"82":{"start":{"line":145,"column":6},"end":{"line":149,"column":7}},"83":{"start":{"line":146,"column":28},"end":{"line":146,"column":81}},"84":{"start":{"line":147,"column":41},"end":{"line":147,"column":90}},"85":{"start":{"line":148,"column":8},"end":{"line":148,"column":75}},"86":{"start":{"line":152,"column":4},"end":{"line":154,"column":5}},"87":{"start":{"line":153,"column":6},"end":{"line":153,"column":85}},"88":{"start":{"line":157,"column":23},"end":{"line":157,"column":38}},"89":{"start":{"line":158,"column":4},"end":{"line":165,"column":5}},"90":{"start":{"line":159,"column":33},"end":{"line":159,"column":78}},"91":{"start":{"line":160,"column":6},"end":{"line":160,"column":57}},"92":{"start":{"line":162,"column":6},"end":{"line":164,"column":7}},"93":{"start":{"line":163,"column":8},"end":{"line":163,"column":45}},"94":{"start":{"line":167,"column":24},"end":{"line":167,"column":109}},"95":{"start":{"line":168,"column":4},"end":{"line":168,"column":50}},"96":{"start":{"line":170,"column":4},"end":{"line":170,"column":95}},"97":{"start":{"line":175,"column":0},"end":{"line":209,"column":3}},"98":{"start":{"line":176,"column":2},"end":{"line":208,"column":3}},"99":{"start":{"line":177,"column":17},"end":{"line":177,"column":56}},"100":{"start":{"line":178,"column":4},"end":{"line":180,"column":5}},"101":{"start":{"line":179,"column":6},"end":{"line":179,"column":75}},"102":{"start":{"line":182,"column":17},"end":{"line":182,"column":63}},"103":{"start":{"line":183,"column":4},"end":{"line":185,"column":5}},"104":{"start":{"line":184,"column":6},"end":{"line":184,"column":65}},"105":{"start":{"line":187,"column":20},"end":{"line":187,"column":25}},"106":{"start":{"line":188,"column":4},"end":{"line":198,"column":5}},"107":{"start":{"line":189,"column":39},"end":{"line":189,"column":80}},"108":{"start":{"line":190,"column":6},"end":{"line":190,"column":73}},"109":{"start":{"line":192,"column":24},"end":{"line":192,"column":67}},"110":{"start":{"line":193,"column":6},"end":{"line":197,"column":7}},"111":{"start":{"line":194,"column":28},"end":{"line":194,"column":81}},"112":{"start":{"line":195,"column":41},"end":{"line":195,"column":90}},"113":{"start":{"line":196,"column":8},"end":{"line":196,"column":75}},"114":{"start":{"line":200,"column":4},"end":{"line":202,"column":5}},"115":{"start":{"line":201,"column":6},"end":{"line":201,"column":85}},"116":{"start":{"line":204,"column":4},"end":{"line":204,"column":53}},"117":{"start":{"line":205,"column":4},"end":{"line":205,"column":79}},"118":{"start":{"line":207,"column":4},"end":{"line":207,"column":95}},"119":{"start":{"line":212,"column":0},"end":{"line":246,"column":3}},"120":{"start":{"line":213,"column":2},"end":{"line":245,"column":3}},"121":{"start":{"line":214,"column":17},"end":{"line":214,"column":56}},"122":{"start":{"line":215,"column":4},"end":{"line":217,"column":5}},"123":{"start":{"line":216,"column":6},"end":{"line":216,"column":75}},"124":{"start":{"line":219,"column":17},"end":{"line":219,"column":63}},"125":{"start":{"line":220,"column":4},"end":{"line":222,"column":5}},"126":{"start":{"line":221,"column":6},"end":{"line":221,"column":65}},"127":{"start":{"line":224,"column":37},"end":{"line":224,"column":78}},"128":{"start":{"line":225,"column":4},"end":{"line":227,"column":5}},"129":{"start":{"line":226,"column":6},"end":{"line":226,"column":82}},"130":{"start":{"line":229,"column":33},"end":{"line":229,"column":41}},"131":{"start":{"line":230,"column":24},"end":{"line":230,"column":65}},"132":{"start":{"line":232,"column":24},"end":{"line":239,"column":null}},"133":{"start":{"line":242,"column":4},"end":{"line":242,"column":50}},"134":{"start":{"line":244,"column":4},"end":{"line":244,"column":92}},"135":{"start":{"line":248,"column":0},"end":{"line":248,"column":22}}},"fnMap":{"0":{"name":"(anonymous_1)","decl":{"start":{"line":11,"column":34},"end":{"line":11,"column":39}},"loc":{"start":{"line":11,"column":53},"end":{"line":55,"column":1}}},"1":{"name":"(anonymous_2)","decl":{"start":{"line":58,"column":33},"end":{"line":58,"column":38}},"loc":{"start":{"line":58,"column":52},"end":{"line":88,"column":1}}},"2":{"name":"(anonymous_3)","decl":{"start":{"line":91,"column":36},"end":{"line":91,"column":41}},"loc":{"start":{"line":91,"column":55},"end":{"line":124,"column":1}}},"3":{"name":"(anonymous_4)","decl":{"start":{"line":127,"column":36},"end":{"line":127,"column":41}},"loc":{"start":{"line":127,"column":55},"end":{"line":172,"column":1}}},"4":{"name":"(anonymous_5)","decl":{"start":{"line":175,"column":39},"end":{"line":175,"column":44}},"loc":{"start":{"line":175,"column":58},"end":{"line":209,"column":1}}},"5":{"name":"(anonymous_6)","decl":{"start":{"line":212,"column":41},"end":{"line":212,"column":46}},"loc":{"start":{"line":212,"column":60},"end":{"line":246,"column":1}}}},"branchMap":{"0":{"loc":{"start":{"line":14,"column":4},"end":{"line":16,"column":5}},"type":"if","locations":[{"start":{"line":14,"column":4},"end":{"line":16,"column":5}}]},"1":{"loc":{"start":{"line":24,"column":4},"end":{"line":26,"column":5}},"type":"if","locations":[{"start":{"line":24,"column":4},"end":{"line":26,"column":5}}]},"2":{"loc":{"start":{"line":24,"column":8},"end":{"line":24,"column":30}},"type":"binary-expr","locations":[{"start":{"line":24,"column":8},"end":{"line":24,"column":16}},{"start":{"line":24,"column":20},"end":{"line":24,"column":30}}]},"3":{"loc":{"start":{"line":30,"column":4},"end":{"line":42,"column":5}},"type":"if","locations":[{"start":{"line":30,"column":4},"end":{"line":42,"column":5}},{"start":{"line":40,"column":11},"end":{"line":42,"column":5}}]},"4":{"loc":{"start":{"line":32,"column":6},"end":{"line":34,"column":7}},"type":"if","locations":[{"start":{"line":32,"column":6},"end":{"line":34,"column":7}}]},"5":{"loc":{"start":{"line":36,"column":6},"end":{"line":38,"column":7}},"type":"if","locations":[{"start":{"line":36,"column":6},"end":{"line":38,"column":7}}]},"6":{"loc":{"start":{"line":61,"column":4},"end":{"line":63,"column":5}},"type":"if","locations":[{"start":{"line":61,"column":4},"end":{"line":63,"column":5}}]},"7":{"loc":{"start":{"line":66,"column":4},"end":{"line":76,"column":5}},"type":"if","locations":[{"start":{"line":66,"column":4},"end":{"line":76,"column":5}},{"start":{"line":68,"column":11},"end":{"line":76,"column":5}}]},"8":{"loc":{"start":{"line":70,"column":6},"end":{"line":72,"column":7}},"type":"if","locations":[{"start":{"line":70,"column":6},"end":{"line":72,"column":7}}]},"9":{"loc":{"start":{"line":78,"column":4},"end":{"line":80,"column":5}},"type":"if","locations":[{"start":{"line":78,"column":4},"end":{"line":80,"column":5}}]},"10":{"loc":{"start":{"line":94,"column":4},"end":{"line":96,"column":5}},"type":"if","locations":[{"start":{"line":94,"column":4},"end":{"line":96,"column":5}}]},"11":{"loc":{"start":{"line":99,"column":4},"end":{"line":101,"column":5}},"type":"if","locations":[{"start":{"line":99,"column":4},"end":{"line":101,"column":5}}]},"12":{"loc":{"start":{"line":104,"column":4},"end":{"line":114,"column":5}},"type":"if","locations":[{"start":{"line":104,"column":4},"end":{"line":114,"column":5}},{"start":{"line":107,"column":11},"end":{"line":114,"column":5}}]},"13":{"loc":{"start":{"line":106,"column":18},"end":{"line":106,"column":42}},"type":"cond-expr","locations":[{"start":{"line":106,"column":30},"end":{"line":106,"column":32}},{"start":{"line":106,"column":30},"end":{"line":106,"column":42}}]},"14":{"loc":{"start":{"line":106,"column":18},"end":{"line":106,"column":32}},"type":"binary-expr","locations":[{"start":{"line":106,"column":18},"end":{"line":106,"column":32}},{"start":{"line":106,"column":30},"end":{"line":106,"column":32}}]},"15":{"loc":{"start":{"line":106,"column":18},"end":{"line":106,"column":30}},"type":"cond-expr","locations":[{"start":{"line":106,"column":25},"end":{"line":106,"column":27}},{"start":{"line":106,"column":18},"end":{"line":106,"column":30}}]},"16":{"loc":{"start":{"line":106,"column":18},"end":{"line":106,"column":27}},"type":"binary-expr","locations":[{"start":{"line":106,"column":18},"end":{"line":106,"column":27}},{"start":{"line":106,"column":18},"end":{"line":106,"column":27}}]},"17":{"loc":{"start":{"line":109,"column":6},"end":{"line":113,"column":7}},"type":"if","locations":[{"start":{"line":109,"column":6},"end":{"line":113,"column":7}}]},"18":{"loc":{"start":{"line":112,"column":20},"end":{"line":112,"column":44}},"type":"cond-expr","locations":[{"start":{"line":112,"column":32},"end":{"line":112,"column":34}},{"start":{"line":112,"column":32},"end":{"line":112,"column":44}}]},"19":{"loc":{"start":{"line":112,"column":20},"end":{"line":112,"column":34}},"type":"binary-expr","locations":[{"start":{"line":112,"column":20},"end":{"line":112,"column":34}},{"start":{"line":112,"column":32},"end":{"line":112,"column":34}}]},"20":{"loc":{"start":{"line":112,"column":20},"end":{"line":112,"column":32}},"type":"cond-expr","locations":[{"start":{"line":112,"column":27},"end":{"line":112,"column":29}},{"start":{"line":112,"column":20},"end":{"line":112,"column":32}}]},"21":{"loc":{"start":{"line":112,"column":20},"end":{"line":112,"column":29}},"type":"binary-expr","locations":[{"start":{"line":112,"column":20},"end":{"line":112,"column":29}},{"start":{"line":112,"column":20},"end":{"line":112,"column":29}}]},"22":{"loc":{"start":{"line":116,"column":4},"end":{"line":118,"column":5}},"type":"if","locations":[{"start":{"line":116,"column":4},"end":{"line":118,"column":5}}]},"23":{"loc":{"start":{"line":130,"column":4},"end":{"line":132,"column":5}},"type":"if","locations":[{"start":{"line":130,"column":4},"end":{"line":132,"column":5}}]},"24":{"loc":{"start":{"line":135,"column":4},"end":{"line":137,"column":5}},"type":"if","locations":[{"start":{"line":135,"column":4},"end":{"line":137,"column":5}}]},"25":{"loc":{"start":{"line":140,"column":4},"end":{"line":150,"column":5}},"type":"if","locations":[{"start":{"line":140,"column":4},"end":{"line":150,"column":5}},{"start":{"line":143,"column":11},"end":{"line":150,"column":5}}]},"26":{"loc":{"start":{"line":142,"column":18},"end":{"line":142,"column":42}},"type":"cond-expr","locations":[{"start":{"line":142,"column":30},"end":{"line":142,"column":32}},{"start":{"line":142,"column":30},"end":{"line":142,"column":42}}]},"27":{"loc":{"start":{"line":142,"column":18},"end":{"line":142,"column":32}},"type":"binary-expr","locations":[{"start":{"line":142,"column":18},"end":{"line":142,"column":32}},{"start":{"line":142,"column":30},"end":{"line":142,"column":32}}]},"28":{"loc":{"start":{"line":142,"column":18},"end":{"line":142,"column":30}},"type":"cond-expr","locations":[{"start":{"line":142,"column":25},"end":{"line":142,"column":27}},{"start":{"line":142,"column":18},"end":{"line":142,"column":30}}]},"29":{"loc":{"start":{"line":142,"column":18},"end":{"line":142,"column":27}},"type":"binary-expr","locations":[{"start":{"line":142,"column":18},"end":{"line":142,"column":27}},{"start":{"line":142,"column":18},"end":{"line":142,"column":27}}]},"30":{"loc":{"start":{"line":145,"column":6},"end":{"line":149,"column":7}},"type":"if","locations":[{"start":{"line":145,"column":6},"end":{"line":149,"column":7}}]},"31":{"loc":{"start":{"line":148,"column":20},"end":{"line":148,"column":44}},"type":"cond-expr","locations":[{"start":{"line":148,"column":32},"end":{"line":148,"column":34}},{"start":{"line":148,"column":32},"end":{"line":148,"column":44}}]},"32":{"loc":{"start":{"line":148,"column":20},"end":{"line":148,"column":34}},"type":"binary-expr","locations":[{"start":{"line":148,"column":20},"end":{"line":148,"column":34}},{"start":{"line":148,"column":32},"end":{"line":148,"column":34}}]},"33":{"loc":{"start":{"line":148,"column":20},"end":{"line":148,"column":32}},"type":"cond-expr","locations":[{"start":{"line":148,"column":27},"end":{"line":148,"column":29}},{"start":{"line":148,"column":20},"end":{"line":148,"column":32}}]},"34":{"loc":{"start":{"line":148,"column":20},"end":{"line":148,"column":29}},"type":"binary-expr","locations":[{"start":{"line":148,"column":20},"end":{"line":148,"column":29}},{"start":{"line":148,"column":20},"end":{"line":148,"column":29}}]},"35":{"loc":{"start":{"line":152,"column":4},"end":{"line":154,"column":5}},"type":"if","locations":[{"start":{"line":152,"column":4},"end":{"line":154,"column":5}}]},"36":{"loc":{"start":{"line":158,"column":4},"end":{"line":165,"column":5}},"type":"if","locations":[{"start":{"line":158,"column":4},"end":{"line":165,"column":5}}]},"37":{"loc":{"start":{"line":162,"column":6},"end":{"line":164,"column":7}},"type":"if","locations":[{"start":{"line":162,"column":6},"end":{"line":164,"column":7}}]},"38":{"loc":{"start":{"line":178,"column":4},"end":{"line":180,"column":5}},"type":"if","locations":[{"start":{"line":178,"column":4},"end":{"line":180,"column":5}}]},"39":{"loc":{"start":{"line":183,"column":4},"end":{"line":185,"column":5}},"type":"if","locations":[{"start":{"line":183,"column":4},"end":{"line":185,"column":5}}]},"40":{"loc":{"start":{"line":188,"column":4},"end":{"line":198,"column":5}},"type":"if","locations":[{"start":{"line":188,"column":4},"end":{"line":198,"column":5}},{"start":{"line":191,"column":11},"end":{"line":198,"column":5}}]},"41":{"loc":{"start":{"line":190,"column":18},"end":{"line":190,"column":42}},"type":"cond-expr","locations":[{"start":{"line":190,"column":30},"end":{"line":190,"column":32}},{"start":{"line":190,"column":30},"end":{"line":190,"column":42}}]},"42":{"loc":{"start":{"line":190,"column":18},"end":{"line":190,"column":32}},"type":"binary-expr","locations":[{"start":{"line":190,"column":18},"end":{"line":190,"column":32}},{"start":{"line":190,"column":30},"end":{"line":190,"column":32}}]},"43":{"loc":{"start":{"line":190,"column":18},"end":{"line":190,"column":30}},"type":"cond-expr","locations":[{"start":{"line":190,"column":25},"end":{"line":190,"column":27}},{"start":{"line":190,"column":18},"end":{"line":190,"column":30}}]},"44":{"loc":{"start":{"line":190,"column":18},"end":{"line":190,"column":27}},"type":"binary-expr","locations":[{"start":{"line":190,"column":18},"end":{"line":190,"column":27}},{"start":{"line":190,"column":18},"end":{"line":190,"column":27}}]},"45":{"loc":{"start":{"line":193,"column":6},"end":{"line":197,"column":7}},"type":"if","locations":[{"start":{"line":193,"column":6},"end":{"line":197,"column":7}}]},"46":{"loc":{"start":{"lin
[...]
,"/Users/aishaakram/Downloads/api-6/src/services/inventory-notifications.service.ts": {"path":"/Users/aishaakram/Downloads/api-6/src/services/inventory-notifications.service.ts","statementMap":{"0":{"start":{"line":5,"column":0},"end":{"line":5,"column":7}},"1":{"start":{"line":1,"column":0},"end":{"line":1,"column":44}},"2":{"start":{"line":2,"column":0},"end":{"line":2,"column":38}},"3":{"start":{"line":3,"column":0},"end":{"line":3,"column":63}},"4":{"start":{"line":6,"column":2},"end":{"line":42,"column":3}},"5":{"start":{"line":8,"column":18},"end":{"line":11,"column":28}},"6":{"start":{"line":13,"column":4},"end":{"line":39,"column":5}},"7":{"start":{"line":15,"column":22},"end":{"line":15,"column":43}},"8":{"start":{"line":16,"column":26},"end":{"line":16,"column":59}},"9":{"start":{"line":17,"column":6},"end":{"line":17,"column":33}},"10":{"start":{"line":17,"column":24},"end":{"line":17,"column":33}},"11":{"start":{"line":20,"column":24},"end":{"line":20,"column":77}},"12":{"start":{"line":21,"column":6},"end":{"line":21,"column":31}},"13":{"start":{"line":21,"column":22},"end":{"line":21,"column":31}},"14":{"start":{"line":24,"column":6},"end":{"line":35,"column":8}},"15":{"start":{"line":38,"column":6},"end":{"line":38,"column":79}},"16":{"start":{"line":41,"column":4},"end":{"line":41,"column":58}}},"fnMap":{"0":{"name":"checkLowInventory","decl":{"start":{"line":5,"column":22},"end":{"line":5,"column":39}},"loc":{"start":{"line":5,"column":39},"end":{"line":43,"column":1}}}},"branchMap":{"0":{"loc":{"start":{"line":17,"column":6},"end":{"line":17,"column":33}},"type":"if","locations":[{"start":{"line":17,"column":6},"end":{"line":17,"column":33}}]},"1":{"loc":{"start":{"line":21,"column":6},"end":{"line":21,"column":31}},"type":"if","locations":[{"start":{"line":21,"column":6},"end":{"line":21,"column":31}}]}},"s":{"0":11,"1":11,"2":11,"3":11,"4":5,"5":5,"6":4,"7":3,"8":3,"9":3,"10":1,"11":2,"12":2,"13":1,"14":1,"15":1,"16":1},"f":{"0":5},"b":{"0":[1],"1":[1]}}
,"/Users/aishaakram/Downloads/api-6/src/services/medication-notifications.service.ts": {"path":"/Users/aishaakram/Downloads/api-6/src/services/medication-notifications.service.ts","statementMap":{"0":{"start":{"line":5,"column":0},"end":{"line":5,"column":7}},"1":{"start":{"line":1,"column":0},"end":{"line":1,"column":62}},"2":{"start":{"line":2,"column":0},"end":{"line":2,"column":38}},"3":{"start":{"line":3,"column":0},"end":{"line":3,"column":63}},"4":{"start":{"line":6,"column":2},"end":{"line":64,"column":3}},"5":{"start":{"line":8,"column":24},"end":{"line":12,"column":28}},"6":{"start":{"line":14,"column":16},"end":{"line":14,"column":26}},"7":{"start":{"line":16,"column":4},"end":{"line":61,"column":5}},"8":{"start":{"line":18,"column":6},"end":{"line":18,"column":54}},"9":{"start":{"line":18,"column":45},"end":{"line":18,"column":54}},"10":{"start":{"line":21,"column":6},"end":{"line":60,"column":7}},"11":{"start":{"line":22,"column":33},"end":{"line":22,"column":70}},"12":{"start":{"line":23,"column":29},"end":{"line":23,"column":59}},"13":{"start":{"line":24,"column":8},"end":{"line":24,"column":52}},"14":{"start":{"line":27,"column":33},"end":{"line":27,"column":55}},"15":{"start":{"line":28,"column":8},"end":{"line":28,"column":109}},"16":{"start":{"line":31,"column":8},"end":{"line":59,"column":9}},"17":{"start":{"line":33,"column":26},"end":{"line":33,"column":53}},"18":{"start":{"line":34,"column":30},"end":{"line":34,"column":63}},"19":{"start":{"line":35,"column":10},"end":{"line":35,"column":37}},"20":{"start":{"line":35,"column":28},"end":{"line":35,"column":37}},"21":{"start":{"line":38,"column":28},"end":{"line":38,"column":81}},"22":{"start":{"line":39,"column":10},"end":{"line":39,"column":35}},"23":{"start":{"line":39,"column":26},"end":{"line":39,"column":35}},"24":{"start":{"line":42,"column":10},"end":{"line":52,"column":12}},"25":{"start":{"line":55,"column":10},"end":{"line":55,"column":46}},"26":{"start":{"line":56,"column":10},"end":{"line":56,"column":48}},"27":{"start":{"line":57,"column":10},"end":{"line":57,"column":34}},"28":{"start":{"line":58,"column":10},"end":{"line":58,"column":16}},"29":{"start":{"line":63,"column":4},"end":{"line":63,"column":64}}},"fnMap":{"0":{"name":"checkOverdueMedications","decl":{"start":{"line":5,"column":22},"end":{"line":5,"column":45}},"loc":{"start":{"line":5,"column":45},"end":{"line":65,"column":1}}}},"branchMap":{"0":{"loc":{"start":{"line":18,"column":6},"end":{"line":18,"column":54}},"type":"if","locations":[{"start":{"line":18,"column":6},"end":{"line":18,"column":54}}]},"1":{"loc":{"start":{"line":31,"column":8},"end":{"line":59,"column":9}},"type":"if","locations":[{"start":{"line":31,"column":8},"end":{"line":59,"column":9}}]},"2":{"loc":{"start":{"line":35,"column":10},"end":{"line":35,"column":37}},"type":"if","locations":[{"start":{"line":35,"column":10},"end":{"line":35,"column":37}}]},"3":{"loc":{"start":{"line":39,"column":10},"end":{"line":39,"column":35}},"type":"if","locations":[{"start":{"line":39,"column":10},"end":{"line":39,"column":35}}]}},"s":{"0":11,"1":11,"2":11,"3":11,"4":6,"5":6,"6":5,"7":5,"8":4,"9":0,"10":4,"11":4,"12":4,"13":4,"14":4,"15":4,"16":4,"17":1,"18":1,"19":1,"20":0,"21":1,"22":1,"23":0,"24":1,"25":1,"26":1,"27":1,"28":1,"29":1},"f":{"0":6},"b":{"0":[0],"1":[1],"2":[0],"3":[0]}}
,"/Users/aishaakram/Downloads/api-6/src/services/notifications.service.ts": {"path":"/Users/aishaakram/Downloads/api-6/src/services/notifications.service.ts","statementMap":{"0":{"start":{"line":7,"column":0},"end":{"line":7,"column":7}},"1":{"start":{"line":1,"column":0},"end":{"line":1,"column":39}},"2":{"start":{"line":2,"column":0},"end":{"line":2,"column":48}},"3":{"start":{"line":3,"column":0},"end":{"line":3,"column":38}},"4":{"start":{"line":5,"column":13},"end":{"line":5,"column":23}},"5":{"start":{"line":8,"column":2},"end":{"line":55,"column":3}},"6":{"start":{"line":10,"column":26},"end":{"line":10,"column":71}},"7":{"start":{"line":11,"column":4},"end":{"line":14,"column":5}},"8":{"start":{"line":12,"column":6},"end":{"line":12,"column":72}},"9":{"start":{"line":13,"column":6},"end":{"line":13,"column":13}},"10":{"start":{"line":17,"column":22},"end":{"line":17,"column":74}},"11":{"start":{"line":18,"column":4},"end":{"line":21,"column":5}},"12":{"start":{"line":19,"column":6},"end":{"line":19,"column":72}},"13":{"start":{"line":20,"column":6},"end":{"line":20,"column":13}},"14":{"start":{"line":23,"column":4},"end":{"line":26,"column":5}},"15":{"start":{"line":24,"column":6},"end":{"line":24,"column":86}},"16":{"start":{"line":25,"column":6},"end":{"line":25,"column":13}},"17":{"start":{"line":28,"column":21},"end":{"line":36,"column":6}},"18":{"start":{"line":38,"column":19},"end":{"line":38,"column":56}},"19":{"start":{"line":39,"column":20},"end":{"line":39,"column":22}},"20":{"start":{"line":41,"column":4},"end":{"line":49,"column":5}},"21":{"start":{"line":42,"column":6},"end":{"line":48,"column":7}},"22":{"start":{"line":43,"column":28},"end":{"line":43,"column":72}},"23":{"start":{"line":44,"column":8},"end":{"line":44,"column":37}},"24":{"start":{"line":45,"column":8},"end":{"line":45,"column":97}},"25":{"start":{"line":45,"column":77},"end":{"line":45,"column":83}},"26":{"start":{"line":47,"column":8},"end":{"line":47,"column":65}},"27":{"start":{"line":51,"column":4},"end":{"line":51,"column":19}},"28":{"start":{"line":53,"column":4},"end":{"line":53,"column":59}},"29":{"start":{"line":54,"column":4},"end":{"line":54,"column":16}}},"fnMap":{"0":{"name":"sendPushNotification","decl":{"start":{"line":7,"column":22},"end":{"line":7,"column":42}},"loc":{"start":{"line":7,"column":106},"end":{"line":56,"column":1}}},"1":{"name":"(anonymous_1)","decl":{"start":{"line":45,"column":70},"end":{"line":45,"column":71}},"loc":{"start":{"line":45,"column":77},"end":{"line":45,"column":83}}}},"branchMap":{"0":{"loc":{"start":{"line":11,"column":4},"end":{"line":14,"column":5}},"type":"if","locations":[{"start":{"line":11,"column":4},"end":{"line":14,"column":5}}]},"1":{"loc":{"start":{"line":18,"column":4},"end":{"line":21,"column":5}},"type":"if","locations":[{"start":{"line":18,"column":4},"end":{"line":21,"column":5}}]},"2":{"loc":{"start":{"line":18,"column":8},"end":{"line":18,"column":42}},"type":"binary-expr","locations":[{"start":{"line":18,"column":8},"end":{"line":18,"column":18}},{"start":{"line":18,"column":22},"end":{"line":18,"column":42}}]},"3":{"loc":{"start":{"line":23,"column":4},"end":{"line":26,"column":5}},"type":"if","locations":[{"start":{"line":23,"column":4},"end":{"line":26,"column":5}}]},"4":{"loc":{"start":{"line":34,"column":14},"end":{"line":34,"column":24}},"type":"binary-expr","locations":[{"start":{"line":34,"column":14},"end":{"line":34,"column":18}},{"start":{"line":34,"column":22},"end":{"line":34,"column":24}}]}},"s":{"0":15,"1":15,"2":15,"3":15,"4":15,"5":6,"6":6,"7":6,"8":2,"9":2,"10":4,"11":4,"12":1,"13":1,"14":3,"15":1,"16":1,"17":2,"18":2,"19":2,"20":2,"21":2,"22":2,"23":1,"24":1,"25":1,"26":1,"27":2,"28":0,"29":0},"f":{"0":6,"1":1},"b":{"0":[2],"1":[1],"2":[4,4],"3":[1],"4":[2,1]}}
,"/Users/aishaakram/Downloads/api-6/src/services/safezone-notifications.service.ts": {"path":"/Users/aishaakram/Downloads/api-6/src/services/safezone-notifications.service.ts","statementMap":{"0":{"start":{"line":30,"column":0},"end":{"line":30,"column":7}},"1":{"start":{"line":1,"column":0},"end":{"line":1,"column":44}},"2":{"start":{"line":2,"column":0},"end":{"line":2,"column":46}},"3":{"start":{"line":3,"column":0},"end":{"line":3,"column":38}},"4":{"start":{"line":4,"column":0},"end":{"line":4,"column":61}},"5":{"start":{"line":5,"column":0},"end":{"line":5,"column":63}},"6":{"start":{"line":9,"column":12},"end":{"line":9,"column":18}},"7":{"start":{"line":10,"column":13},"end":{"line":10,"column":35}},"8":{"start":{"line":11,"column":13},"end":{"line":11,"column":35}},"9":{"start":{"line":12,"column":13},"end":{"line":12,"column":44}},"10":{"start":{"line":13,"column":13},"end":{"line":13,"column":44}},"11":{"start":{"line":15,"column":12},"end":{"line":15,"column":115}},"12":{"start":{"line":16,"column":12},"end":{"line":16,"column":58}},"13":{"start":{"line":18,"column":2},"end":{"line":18,"column":15}},"14":{"start":{"line":26,"column":19},"end":{"line":26,"column":98}},"15":{"start":{"line":27,"column":2},"end":{"line":27,"column":30}},"16":{"start":{"line":31,"column":2},"end":{"line":100,"column":3}},"17":{"start":{"line":32,"column":21},"end":{"line":35,"column":6}},"18":{"start":{"line":37,"column":4},"end":{"line":97,"column":5}},"19":{"start":{"line":38,"column":6},"end":{"line":40,"column":7}},"20":{"start":{"line":39,"column":8},"end":{"line":39,"column":17}},"21":{"start":{"line":42,"column":24},"end":{"line":42,"column":71}},"22":{"start":{"line":44,"column":6},"end":{"line":46,"column":7}},"23":{"start":{"line":45,"column":8},"end":{"line":45,"column":17}},"24":{"start":{"line":48,"column":36},"end":{"line":57,"column":8}},"25":{"start":{"line":49,"column":29},"end":{"line":49,"column":67}},"26":{"start":{"line":50,"column":25},"end":{"line":54,"column":null}},"27":{"start":{"line":56,"column":8},"end":{"line":56,"column":42}},"28":{"start":{"line":59,"column":6},"end":{"line":96,"column":7}},"29":{"start":{"line":61,"column":31},"end":{"line":64,"column":10}},"30":{"start":{"line":67,"column":8},"end":{"line":95,"column":9}},"31":{"start":{"line":69,"column":10},"end":{"line":74,"column":13}},"32":{"start":{"line":77,"column":30},"end":{"line":77,"column":63}},"33":{"start":{"line":78,"column":10},"end":{"line":78,"column":37}},"34":{"start":{"line":78,"column":28},"end":{"line":78,"column":37}},"35":{"start":{"line":81,"column":28},"end":{"line":81,"column":81}},"36":{"start":{"line":82,"column":10},"end":{"line":82,"column":35}},"37":{"start":{"line":82,"column":26},"end":{"line":82,"column":35}},"38":{"start":{"line":85,"column":10},"end":{"line":94,"column":12}},"39":{"start":{"line":99,"column":4},"end":{"line":99,"column":64}}},"fnMap":{"0":{"name":"calculateDistance","decl":{"start":{"line":8,"column":9},"end":{"line":8,"column":26}},"loc":{"start":{"line":8,"column":81},"end":{"line":19,"column":1}}},"1":{"name":"isLocationSignificantlyDifferent","decl":{"start":{"line":21,"column":9},"end":{"line":21,"column":41}},"loc":{"start":{"line":24,"column":19},"end":{"line":28,"column":1}}},"2":{"name":"checkSafezoneViolations","decl":{"start":{"line":30,"column":22},"end":{"line":30,"column":45}},"loc":{"start":{"line":30,"column":45},"end":{"line":101,"column":1}}},"3":{"name":"(anonymous_4)","decl":{"start":{"line":48,"column":52},"end":{"line":48,"column":53}},"loc":{"start":{"line":48,"column":65},"end":{"line":57,"column":7}}}},"branchMap":{"0":{"loc":{"start":{"line":38,"column":6},"end":{"line":40,"column":7}},"type":"if","locations":[{"start":{"line":38,"column":6},"end":{"line":40,"column":7}}]},"1":{"loc":{"start":{"line":38,"column":10},"end":{"line":38,"column":87}},"type":"binary-expr","locations":[{"start":{"line":38,"column":10},"end":{"line":38,"column":47}},{"start":{"line":38,"column":47},"end":{"line":38,"column":87}}]},"2":{"loc":{"start":{"line":38,"column":11},"end":{"line":38,"column":43}},"type":"cond-expr","locations":[{"start":{"line":38,"column":34},"end":{"line":38,"column":36}},{"start":{"line":38,"column":34},"end":{"line":38,"column":43}}]},"3":{"loc":{"start":{"line":38,"column":11},"end":{"line":38,"column":36}},"type":"binary-expr","locations":[{"start":{"line":38,"column":11},"end":{"line":38,"column":36}},{"start":{"line":38,"column":34},"end":{"line":38,"column":36}}]},"4":{"loc":{"start":{"line":38,"column":48},"end":{"line":38,"column":85}},"type":"cond-expr","locations":[{"start":{"line":38,"column":71},"end":{"line":38,"column":73}},{"start":{"line":38,"column":71},"end":{"line":38,"column":85}}]},"5":{"loc":{"start":{"line":38,"column":48},"end":{"line":38,"column":73}},"type":"binary-expr","locations":[{"start":{"line":38,"column":48},"end":{"line":38,"column":73}},{"start":{"line":38,"column":71},"end":{"line":38,"column":73}}]},"6":{"loc":{"start":{"line":44,"column":6},"end":{"line":46,"column":7}},"type":"if","locations":[{"start":{"line":44,"column":6},"end":{"line":46,"column":7}}]},"7":{"loc":{"start":{"line":59,"column":6},"end":{"line":96,"column":7}},"type":"if","locations":[{"start":{"line":59,"column":6},"end":{"line":96,"column":7}}]},"8":{"loc":{"start":{"line":67,"column":8},"end":{"line":95,"column":9}},"type":"if","locations":[{"start":{"line":67,"column":8},"end":{"line":95,"column":9}}]},"9":{"loc":{"start":{"line":78,"column":10},"end":{"line":78,"column":37}},"type":"if","locations":[{"start":{"line":78,"column":10},"end":{"line":78,"column":37}}]},"10":{"loc":{"start":{"line":82,"column":10},"end":{"line":82,"column":35}},"type":"if","locations":[{"start":{"line":82,"column":10},"end":{"line":82,"column":35}}]}},"s":{"0":11,"1":11,"2":11,"3":11,"4":11,"5":11,"6":5,"7":5,"8":5,"9":5,"10":5,"11":5,"12":5,"13":5,"14":0,"15":0,"16":7,"17":7,"18":7,"19":7,"20":1,"21":6,"22":6,"23":1,"24":5,"25":5,"26":5,"27":5,"28":5,"29":4,"30":4,"31":3,"32":3,"33":3,"34":1,"35":2,"36":2,"37":1,"38":1,"39":0},"f":{"0":5,"1":0,"2":7,"3":5},"b":{"0":[1],"1":[7,6],"2":[0,7],"3":[7,7],"4":[0,6],"5":[6,6],"6":[1],"7":[4],"8":[3],"9":[1],"10":[1]}}
,"/Users/aishaakram/Downloads/api-6/src/services/task-notifications.service.ts": {"path":"/Users/aishaakram/Downloads/api-6/src/services/task-notifications.service.ts","statementMap":{"0":{"start":{"line":5,"column":0},"end":{"line":5,"column":7}},"1":{"start":{"line":1,"column":0},"end":{"line":1,"column":50}},"2":{"start":{"line":2,"column":0},"end":{"line":2,"column":38}},"3":{"start":{"line":3,"column":0},"end":{"line":3,"column":63}},"4":{"start":{"line":6,"column":2},"end":{"line":51,"column":3}},"5":{"start":{"line":7,"column":18},"end":{"line":11,"column":28}},"6":{"start":{"line":13,"column":16},"end":{"line":13,"column":26}},"7":{"start":{"line":15,"column":4},"end":{"line":48,"column":5}},"8":{"start":{"line":16,"column":6},"end":{"line":16,"column":48}},"9":{"start":{"line":16,"column":39},"end":{"line":16,"column":48}},"10":{"start":{"line":18,"column":31},"end":{"line":18,"column":71}},"11":{"start":{"line":19,"column":27},"end":{"line":19,"column":51}},"12":{"start":{"line":20,"column":6},"end":{"line":20,"column":50}},"13":{"start":{"line":22,"column":31},"end":{"line":22,"column":53}},"14":{"start":{"line":23,"column":6},"end":{"line":23,"column":101}},"15":{"start":{"line":25,"column":6},"end":{"line":47,"column":7}},"16":{"start":{"line":26,"column":24},"end":{"line":26,"column":45}},"17":{"start":{"line":27,"column":28},"end":{"line":27,"column":61}},"18":{"start":{"line":28,"column":8},"end":{"line":28,"column":35}},"19":{"start":{"line":28,"column":26},"end":{"line":28,"column":35}},"20":{"start":{"line":30,"column":26},"end":{"line":30,"column":79}},"21":{"start":{"line":31,"column":8},"end":{"line":31,"column":33}},"22":{"start":{"line":31,"column":24},"end":{"line":31,"column":33}},"23":{"start":{"line":33,"column":8},"end":{"line":42,"column":10}},"24":{"start":{"line":44,"column":8},"end":{"line":44,"column":38}},"25":{"start":{"line":45,"column":8},"end":{"line":45,"column":40}},"26":{"start":{"line":46,"column":8},"end":{"line":46,"column":26}},"27":{"start":{"line":50,"column":4},"end":{"line":50,"column":58}}},"fnMap":{"0":{"name":"checkOverdueTasks","decl":{"start":{"line":5,"column":22},"end":{"line":5,"column":39}},"loc":{"start":{"line":5,"column":39},"end":{"line":52,"column":1}}}},"branchMap":{"0":{"loc":{"start":{"line":16,"column":6},"end":{"line":16,"column":48}},"type":"if","locations":[{"start":{"line":16,"column":6},"end":{"line":16,"column":48}}]},"1":{"loc":{"start":{"line":25,"column":6},"end":{"line":47,"column":7}},"type":"if","locations":[{"start":{"line":25,"column":6},"end":{"line":47,"column":7}}]},"2":{"loc":{"start":{"line":28,"column":8},"end":{"line":28,"column":35}},"type":"if","locations":[{"start":{"line":28,"column":8},"end":{"line":28,"column":35}}]},"3":{"loc":{"start":{"line":31,"column":8},"end":{"line":31,"column":33}},"type":"if","locations":[{"start":{"line":31,"column":8},"end":{"line":31,"column":33}}]}},"s":{"0":11,"1":11,"2":11,"3":11,"4":6,"5":6,"6":5,"7":5,"8":4,"9":0,"10":4,"11":4,"12":4,"13":4,"14":4,"15":4,"16":1,"17":1,"18":1,"19":0,"20":1,"21":1,"22":0,"23":1,"24":1,"25":1,"26":1,"27":1},"f":{"0":6},"b":{"0":[0],"1":[1],"2":[0],"3":[0]}}
}
