TN:
SF:src/index.ts
FN:28,(anonymous_1)
FN:35,(anonymous_2)
FN:41,(anonymous_3)
FN:63,(anonymous_4)
FNF:4
FNH:1
FNDA:0,(anonymous_1)
FNDA:116,(anonymous_2)
FNDA:0,(anonymous_3)
FNDA:0,(anonymous_4)
DA:1,10
DA:2,10
DA:3,10
DA:4,10
DA:5,10
DA:6,10
DA:7,10
DA:8,10
DA:9,10
DA:10,10
DA:11,10
DA:12,10
DA:13,10
DA:14,10
DA:15,10
DA:16,10
DA:17,10
DA:18,10
DA:19,10
DA:21,10
DA:23,10
DA:24,10
DA:27,10
DA:28,10
DA:29,0
DA:33,10
DA:34,10
DA:35,10
DA:36,116
DA:37,116
DA:41,10
DA:42,0
DA:45,10
DA:46,10
DA:47,10
DA:48,10
DA:49,10
DA:50,10
DA:51,10
DA:52,10
DA:53,10
DA:54,10
DA:57,10
DA:58,10
DA:59,10
DA:60,10
DA:62,10
DA:63,0
DA:64,0
DA:68,10
LF:50
LH:46
BRDA:24,0,0,10
BRDA:24,0,1,0
BRDA:27,1,0,10
BRDA:27,1,1,0
BRDA:62,2,0,0
BRF:5
BRH:2
end_of_record
TN:
SF:src/__tests__/mocks/models.ts
FN:20,(anonymous_0)
FN:41,(anonymous_1)
FN:57,(anonymous_2)
FN:71,(anonymous_3)
FN:89,(anonymous_4)
FN:106,(anonymous_5)
FN:150,(anonymous_6)
FN:187,(anonymous_7)
FN:230,(anonymous_8)
FNF:9
FNH:5
FNDA:2,(anonymous_0)
FNDA:2,(anonymous_1)
FNDA:2,(anonymous_2)
FNDA:1,(anonymous_3)
FNDA:0,(anonymous_4)
FNDA:1,(anonymous_5)
FNDA:0,(anonymous_6)
FNDA:0,(anonymous_7)
FNDA:0,(anonymous_8)
DA:1,11
DA:20,2
DA:32,11
DA:41,2
DA:53,11
DA:57,2
DA:64,11
DA:71,1
DA:81,11
DA:89,0
DA:100,11
DA:106,1
DA:115,11
DA:150,0
DA:170,11
DA:187,0
DA:207,11
DA:230,0
LF:18
LH:14
BRF:0
BRH:0
end_of_record
TN:
SF:src/middleware/auth.ts
FN:17,(anonymous_1)
FNF:1
FNH:1
FNDA:105,(anonymous_1)
DA:2,10
DA:17,10
DA:18,105
DA:19,105
DA:21,105
DA:22,0
DA:25,105
DA:26,105
DA:27,104
DA:28,104
DA:30,1
LF:11
LH:10
BRDA:19,0,0,105
BRDA:19,0,1,105
BRDA:21,1,0,0
BRF:3
BRH:2
end_of_record
TN:
SF:src/models/Safezone.ts
FNF:0
FNH:0
DA:1,11
DA:16,11
DA:46,11
DA:48,11
LF:4
LH:4
BRF:0
BRH:0
end_of_record
TN:
SF:src/models/safezone-breach.model.ts
FNF:0
FNH:0
DA:1,11
DA:16,11
DA:54,11
LF:3
LH:3
BRF:0
BRH:0
end_of_record
TN:
SF:src/routes/attention-requests.route.ts
FN:13,(anonymous_0)
FN:61,(anonymous_1)
FN:92,(anonymous_2)
FN:101,(anonymous_3)
FN:166,(anonymous_4)
FN:217,(anonymous_5)
FNF:6
FNH:5
FNDA:0,(anonymous_0)
FNDA:1,(anonymous_1)
FNDA:1,(anonymous_2)
FNDA:1,(anonymous_3)
FNDA:1,(anonymous_4)
FNDA:1,(anonymous_5)
DA:1,10
DA:3,10
DA:4,10
DA:5,10
DA:6,10
DA:7,10
DA:8,10
DA:10,10
DA:13,10
DA:14,0
DA:15,0
DA:16,0
DA:17,0
DA:20,0
DA:21,0
DA:22,0
DA:25,0
DA:30,0
DA:33,0
DA:34,0
DA:35,0
DA:48,0
DA:49,0
DA:50,0
DA:53,0
DA:55,0
DA:56,0
DA:61,10
DA:62,1
DA:63,1
DA:64,1
DA:65,0
DA:69,1
DA:70,0
DA:71,0
DA:72,0
DA:74,0
DA:76,1
DA:77,1
DA:78,0
DA:80,1
DA:81,1
DA:82,0
DA:84,1
DA:85,1
DA:86,0
DA:88,1
DA:91,1
DA:92,1
DA:93,1
DA:95,0
DA:96,0
DA:101,10
DA:102,1
DA:103,1
DA:104,1
DA:105,0
DA:112,1
DA:113,1
DA:114,0
DA:120,1
DA:121,0
DA:122,0
DA:123,0
DA:128,1
DA:129,0
DA:130,0
DA:131,0
DA:136,0
DA:137,0
DA:138,0
DA:143,0
DA:144,0
DA:145,0
DA:152,1
DA:157,0
DA:158,0
DA:166,10
DA:167,1
DA:168,1
DA:169,1
DA:170,0
DA:173,1
DA:174,1
DA:175,0
DA:178,1
DA:179,1
DA:180,0
DA:184,1
DA:185,0
DA:186,0
DA:187,0
DA:190,1
DA:191,1
DA:192,0
DA:194,1
DA:195,1
DA:196,0
DA:198,1
DA:199,1
DA:200,0
DA:204,1
DA:205,1
DA:206,1
DA:208,1
DA:209,1
DA:211,0
DA:212,0
DA:217,10
DA:218,1
DA:219,1
DA:220,1
DA:221,0
DA:225,1
DA:226,1
DA:227,0
DA:229,1
DA:230,1
DA:231,0
DA:232,0
DA:234,1
DA:235,1
DA:236,1
DA:237,1
DA:238,1
DA:242,1
DA:243,0
DA:246,1
DA:247,1
DA:248,1
DA:250,1
DA:252,0
DA:253,0
DA:257,10
LF:134
LH:72
BRDA:16,0,0,0
BRDA:16,1,0,0
BRDA:16,1,1,0
BRDA:21,2,0,0
BRDA:34,3,0,0
BRDA:64,4,0,0
BRDA:69,5,0,0
BRDA:69,5,1,1
BRDA:71,6,0,0
BRDA:77,7,0,0
BRDA:81,8,0,0
BRDA:85,9,0,0
BRDA:104,10,0,0
BRDA:113,11,0,0
BRDA:120,12,0,0
BRDA:120,12,1,1
BRDA:122,13,0,0
BRDA:122,14,0,0
BRDA:122,14,1,0
BRDA:128,15,0,0
BRDA:130,16,0,0
BRDA:137,17,0,0
BRDA:144,18,0,0
BRDA:144,19,0,0
BRDA:144,19,1,0
BRDA:169,20,0,0
BRDA:174,21,0,0
BRDA:179,22,0,0
BRDA:184,23,0,0
BRDA:184,23,1,1
BRDA:186,24,0,0
BRDA:186,25,0,0
BRDA:186,25,1,0
BRDA:191,26,0,0
BRDA:195,27,0,0
BRDA:199,28,0,0
BRDA:199,29,0,1
BRDA:199,29,1,1
BRDA:220,30,0,0
BRDA:226,31,0,0
BRDA:230,32,0,0
BRDA:230,32,1,1
BRDA:232,33,0,0
BRDA:232,33,1,0
BRDA:232,34,0,0
BRDA:232,34,1,0
BRDA:232,35,0,0
BRDA:232,35,1,0
BRDA:232,36,0,0
BRDA:232,36,1,0
BRDA:232,37,0,0
BRDA:232,37,1,0
BRDA:232,38,0,0
BRDA:232,38,1,0
BRDA:235,39,0,1
BRDA:237,40,0,0
BRDA:237,40,1,1
BRDA:237,41,0,1
BRDA:237,41,1,1
BRDA:238,42,0,0
BRDA:238,42,1,1
BRDA:238,43,0,1
BRDA:238,43,1,1
BRDA:238,44,0,0
BRDA:238,44,1,1
BRDA:238,45,0,1
BRDA:238,45,1,1
BRDA:238,46,0,0
BRDA:238,46,1,1
BRDA:238,47,0,1
BRDA:238,47,1,1
BRDA:242,48,0,0
BRF:72
BRH:19
end_of_record
TN:
SF:src/routes/auth.route.ts
FN:10,(anonymous_1)
FN:38,(anonymous_2)
FN:65,(anonymous_3)
FN:127,(anonymous_4)
FN:162,generateUniqueCode
FNF:5
FNH:5
FNDA:3,(anonymous_1)
FNDA:4,(anonymous_2)
FNDA:2,(anonymous_3)
FNDA:2,(anonymous_4)
FNDA:2,generateUniqueCode
DA:1,10
DA:2,10
DA:3,10
DA:4,10
DA:5,10
DA:6,10
DA:8,10
DA:10,10
DA:11,3
DA:13,3
DA:14,3
DA:16,2
DA:17,1
DA:20,1
DA:22,1
DA:32,1
DA:34,1
DA:38,10
DA:39,4
DA:41,4
DA:42,4
DA:44,3
DA:45,1
DA:48,2
DA:50,2
DA:51,1
DA:52,1
DA:59,1
DA:61,1
DA:65,10
DA:66,2
DA:68,2
DA:69,2
DA:71,1
DA:72,1
DA:75,0
DA:77,0
DA:78,0
DA:84,0
DA:85,0
DA:86,0
DA:92,0
DA:94,0
DA:104,0
DA:109,0
DA:111,0
DA:112,0
DA:118,0
DA:120,1
DA:127,10
DA:128,2
DA:130,2
DA:131,2
DA:132,2
DA:133,0
DA:136,2
DA:138,2
DA:148,1
DA:153,1
DA:155,1
DA:163,2
DA:166,10
LF:62
LH:48
BRDA:16,0,0,1
BRDA:44,1,0,1
BRDA:50,2,0,1
BRDA:71,3,0,1
BRDA:77,4,0,0
BRDA:85,5,0,0
BRDA:85,6,0,0
BRDA:85,6,1,0
BRDA:111,7,0,0
BRF:9
BRH:4
end_of_record
TN:
SF:src/routes/fall-events.route.ts
FN:13,(anonymous_0)
FN:61,(anonymous_1)
FN:92,(anonymous_2)
FN:101,(anonymous_3)
FN:166,(anonymous_4)
FN:221,(anonymous_5)
FNF:6
FNH:5
FNDA:2,(anonymous_0)
FNDA:2,(anonymous_1)
FNDA:0,(anonymous_2)
FNDA:3,(anonymous_3)
FNDA:4,(anonymous_4)
FNDA:3,(anonymous_5)
DA:1,10
DA:3,10
DA:4,10
DA:5,10
DA:6,10
DA:7,10
DA:8,10
DA:10,10
DA:13,10
DA:14,2
DA:15,2
DA:16,2
DA:17,2
DA:20,0
DA:21,0
DA:22,0
DA:25,0
DA:30,0
DA:33,0
DA:34,0
DA:35,0
DA:48,0
DA:49,0
DA:50,0
DA:53,0
DA:55,0
DA:56,0
DA:61,10
DA:62,2
DA:63,2
DA:64,2
DA:65,2
DA:69,0
DA:70,0
DA:71,0
DA:72,0
DA:74,0
DA:76,0
DA:77,0
DA:78,0
DA:80,0
DA:81,0
DA:82,0
DA:84,0
DA:85,0
DA:86,0
DA:88,0
DA:91,0
DA:92,0
DA:93,0
DA:95,0
DA:96,0
DA:101,10
DA:102,3
DA:103,3
DA:104,3
DA:105,1
DA:112,2
DA:113,2
DA:114,0
DA:120,2
DA:121,0
DA:122,0
DA:123,0
DA:129,2
DA:130,2
DA:131,0
DA:136,2
DA:137,2
DA:138,0
DA:143,2
DA:144,2
DA:145,1
DA:152,1
DA:157,0
DA:158,0
DA:166,10
DA:167,4
DA:168,4
DA:169,4
DA:170,1
DA:173,3
DA:174,3
DA:175,0
DA:178,3
DA:179,3
DA:180,0
DA:184,3
DA:185,0
DA:186,0
DA:187,0
DA:190,3
DA:191,3
DA:192,0
DA:194,3
DA:195,3
DA:196,0
DA:198,3
DA:199,3
DA:200,1
DA:204,2
DA:205,2
DA:206,1
DA:208,1
DA:209,1
DA:212,2
DA:213,2
DA:215,0
DA:216,0
DA:221,10
DA:222,3
DA:223,3
DA:224,3
DA:225,1
DA:229,2
DA:230,2
DA:231,0
DA:234,2
DA:235,0
DA:236,0
DA:237,0
DA:240,2
DA:241,2
DA:242,0
DA:244,2
DA:245,2
DA:246,0
DA:248,2
DA:249,2
DA:250,1
DA:254,1
DA:255,1
DA:256,1
DA:258,1
DA:260,0
DA:261,0
DA:265,10
LF:137
LH:78
BRDA:16,0,0,2
BRDA:16,1,0,2
BRDA:16,1,1,1
BRDA:21,2,0,0
BRDA:34,3,0,0
BRDA:64,4,0,2
BRDA:69,5,0,0
BRDA:69,5,1,0
BRDA:71,6,0,0
BRDA:77,7,0,0
BRDA:81,8,0,0
BRDA:85,9,0,0
BRDA:104,10,0,1
BRDA:113,11,0,0
BRDA:120,12,0,0
BRDA:120,12,1,2
BRDA:122,13,0,0
BRDA:122,14,0,0
BRDA:122,14,1,0
BRDA:130,15,0,0
BRDA:137,16,0,0
BRDA:144,17,0,1
BRDA:144,18,0,2
BRDA:144,18,1,2
BRDA:169,19,0,1
BRDA:174,20,0,0
BRDA:179,21,0,0
BRDA:184,22,0,0
BRDA:184,22,1,3
BRDA:186,23,0,0
BRDA:186,24,0,0
BRDA:186,24,1,0
BRDA:191,25,0,0
BRDA:195,26,0,0
BRDA:199,27,0,1
BRDA:199,28,0,3
BRDA:199,28,1,3
BRDA:205,29,0,1
BRDA:205,29,1,1
BRDA:224,30,0,1
BRDA:230,31,0,0
BRDA:234,32,0,0
BRDA:234,32,1,2
BRDA:236,33,0,0
BRDA:236,34,0,0
BRDA:236,34,1,0
BRDA:241,35,0,0
BRDA:245,36,0,0
BRDA:249,37,0,1
BRDA:249,38,0,2
BRDA:249,38,1,2
BRF:51
BRH:21
end_of_record
TN:
SF:src/routes/inventory.route.ts
FN:11,(anonymous_1)
FN:58,(anonymous_2)
FN:91,(anonymous_3)
FN:127,(anonymous_4)
FN:175,(anonymous_5)
FN:212,(anonymous_6)
FNF:6
FNH:4
FNDA:0,(anonymous_1)
FNDA:3,(anonymous_2)
FNDA:0,(anonymous_3)
FNDA:3,(anonymous_4)
FNDA:2,(anonymous_5)
FNDA:3,(anonymous_6)
DA:1,10
DA:2,10
DA:3,10
DA:4,10
DA:5,10
DA:6,10
DA:8,10
DA:11,10
DA:12,0
DA:13,0
DA:14,0
DA:15,0
DA:19,0
DA:22,0
DA:24,0
DA:25,0
DA:30,0
DA:31,0
DA:32,0
DA:33,0
DA:35,0
DA:36,0
DA:37,0
DA:39,0
DA:41,0
DA:44,0
DA:49,0
DA:50,0
DA:52,0
DA:53,0
DA:58,10
DA:59,3
DA:60,3
DA:61,3
DA:62,2
DA:66,1
DA:67,0
DA:69,1
DA:70,1
DA:71,0
DA:74,1
DA:75,1
DA:78,1
DA:79,0
DA:82,1
DA:83,1
DA:85,0
DA:86,0
DA:91,10
DA:92,0
DA:93,0
DA:94,0
DA:95,0
DA:98,0
DA:99,0
DA:100,0
DA:103,0
DA:104,0
DA:105,0
DA:106,0
DA:108,0
DA:109,0
DA:110,0
DA:111,0
DA:112,0
DA:116,0
DA:117,0
DA:120,0
DA:122,0
DA:127,10
DA:128,3
DA:129,3
DA:130,3
DA:131,0
DA:134,3
DA:135,3
DA:136,0
DA:139,3
DA:140,3
DA:141,1
DA:142,1
DA:144,2
DA:145,2
DA:146,2
DA:147,2
DA:148,2
DA:152,3
DA:153,1
DA:157,2
DA:158,2
DA:159,2
DA:160,2
DA:162,2
DA:163,1
DA:167,2
DA:168,2
DA:170,0
DA:175,10
DA:176,2
DA:177,2
DA:178,2
DA:179,1
DA:182,1
DA:183,1
DA:184,0
DA:187,1
DA:188,1
DA:189,0
DA:190,0
DA:192,1
DA:193,1
DA:194,1
DA:195,1
DA:196,1
DA:200,1
DA:201,0
DA:204,1
DA:205,1
DA:207,0
DA:212,10
DA:213,3
DA:214,3
DA:215,3
DA:216,0
DA:219,3
DA:220,3
DA:221,0
DA:224,3
DA:225,3
DA:226,0
DA:229,3
DA:230,3
DA:232,3
DA:242,3
DA:244,0
DA:248,10
LF:136
LH:77
BRDA:14,0,0,0
BRDA:24,1,0,0
BRDA:24,2,0,0
BRDA:24,2,1,0
BRDA:30,3,0,0
BRDA:30,3,1,0
BRDA:32,4,0,0
BRDA:36,5,0,0
BRDA:61,6,0,2
BRDA:66,7,0,0
BRDA:66,7,1,1
BRDA:70,8,0,0
BRDA:78,9,0,0
BRDA:94,10,0,0
BRDA:99,11,0,0
BRDA:104,12,0,0
BRDA:104,12,1,0
BRDA:106,13,0,0
BRDA:106,13,1,0
BRDA:106,14,0,0
BRDA:106,14,1,0
BRDA:106,15,0,0
BRDA:106,15,1,0
BRDA:106,16,0,0
BRDA:106,16,1,0
BRDA:109,17,0,0
BRDA:112,18,0,0
BRDA:112,18,1,0
BRDA:112,19,0,0
BRDA:112,19,1,0
BRDA:112,20,0,0
BRDA:112,20,1,0
BRDA:112,21,0,0
BRDA:112,21,1,0
BRDA:116,22,0,0
BRDA:130,23,0,0
BRDA:135,24,0,0
BRDA:140,25,0,1
BRDA:140,25,1,2
BRDA:142,26,0,0
BRDA:142,26,1,1
BRDA:142,27,0,1
BRDA:142,27,1,1
BRDA:142,28,0,0
BRDA:142,28,1,1
BRDA:142,29,0,1
BRDA:142,29,1,1
BRDA:145,30,0,2
BRDA:148,31,0,0
BRDA:148,31,1,2
BRDA:148,32,0,2
BRDA:148,32,1,2
BRDA:148,33,0,0
BRDA:148,33,1,2
BRDA:148,34,0,2
BRDA:148,34,1,2
BRDA:152,35,0,1
BRDA:158,36,0,2
BRDA:162,37,0,1
BRDA:178,38,0,1
BRDA:183,39,0,0
BRDA:188,40,0,0
BRDA:188,40,1,1
BRDA:190,41,0,0
BRDA:190,41,1,0
BRDA:190,42,0,0
BRDA:190,42,1,0
BRDA:190,43,0,0
BRDA:190,43,1,0
BRDA:190,44,0,0
BRDA:190,44,1,0
BRDA:193,45,0,1
BRDA:196,46,0,0
BRDA:196,46,1,1
BRDA:196,47,0,1
BRDA:196,47,1,1
BRDA:196,48,0,0
BRDA:196,48,1,1
BRDA:196,49,0,1
BRDA:196,49,1,1
BRDA:200,50,0,0
BRDA:215,51,0,0
BRDA:220,52,0,0
BRDA:225,53,0,0
BRDA:225,54,0,3
BRDA:225,54,1,3
BRDA:225,55,0,0
BRDA:225,55,1,3
BRDA:225,56,0,3
BRDA:225,56,1,3
BRDA:229,57,0,0
BRF:91
BRH:34
end_of_record
TN:
SF:src/routes/medication-reminders.route.ts
FN:11,(anonymous_1)
FN:64,(anonymous_2)
FN:102,(anonymous_3)
FN:138,(anonymous_4)
FN:180,(anonymous_5)
FN:217,(anonymous_6)
FNF:6
FNH:6
FNDA:2,(anonymous_1)
FNDA:1,(anonymous_2)
FNDA:2,(anonymous_3)
FNDA:1,(anonymous_4)
FNDA:1,(anonymous_5)
FNDA:3,(anonymous_6)
DA:1,10
DA:2,10
DA:3,10
DA:4,10
DA:5,10
DA:6,10
DA:8,10
DA:11,10
DA:12,2
DA:13,2
DA:14,2
DA:15,1
DA:19,1
DA:20,0
DA:22,0
DA:23,0
DA:25,0
DA:26,1
DA:27,0
DA:29,0
DA:30,0
DA:33,0
DA:35,0
DA:36,0
DA:39,0
DA:41,0
DA:42,0
DA:44,0
DA:46,1
DA:49,0
DA:54,0
DA:56,0
DA:58,0
DA:59,0
DA:64,10
DA:65,1
DA:66,1
DA:68,1
DA:69,0
DA:73,1
DA:74,0
DA:76,1
DA:78,1
DA:79,0
DA:82,1
DA:83,1
DA:86,1
DA:87,0
DA:90,1
DA:94,1
DA:96,0
DA:97,0
DA:102,10
DA:103,2
DA:104,2
DA:105,2
DA:106,0
DA:109,2
DA:110,2
DA:111,0
DA:114,2
DA:115,2
DA:116,0
DA:117,0
DA:119,2
DA:120,2
DA:121,2
DA:122,2
DA:123,2
DA:127,2
DA:128,1
DA:131,1
DA:133,0
DA:138,10
DA:139,1
DA:140,1
DA:141,1
DA:142,0
DA:145,1
DA:146,1
DA:147,0
DA:150,1
DA:151,1
DA:152,0
DA:153,0
DA:155,1
DA:156,1
DA:157,1
DA:158,1
DA:159,1
DA:163,1
DA:164,0
DA:167,1
DA:173,1
DA:175,0
DA:180,10
DA:181,1
DA:182,1
DA:183,1
DA:184,0
DA:187,1
DA:188,1
DA:189,0
DA:192,1
DA:193,1
DA:194,0
DA:195,0
DA:197,1
DA:198,1
DA:199,1
DA:200,1
DA:201,1
DA:205,1
DA:206,0
DA:209,1
DA:210,1
DA:212,0
DA:217,10
DA:218,3
DA:219,3
DA:220,3
DA:221,3
DA:222,0
DA:225,3
DA:226,3
DA:227,1
DA:230,2
DA:231,2
DA:232,0
DA:235,2
DA:237,2
DA:269,2
DA:270,2
DA:271,2
DA:273,2
DA:274,1
DA:275,1
DA:282,1
DA:294,1
DA:296,0
DA:297,0
DA:301,10
LF:142
LH:96
BRDA:14,0,0,1
BRDA:19,1,0,0
BRDA:19,1,1,1
BRDA:22,2,0,0
BRDA:26,3,0,0
BRDA:26,3,1,1
BRDA:29,4,0,0
BRDA:35,5,0,0
BRDA:41,6,0,0
BRDA:68,7,0,0
BRDA:73,8,0,0
BRDA:73,8,1,1
BRDA:78,9,0,0
BRDA:86,10,0,0
BRDA:105,11,0,0
BRDA:110,12,0,0
BRDA:115,13,0,0
BRDA:115,13,1,2
BRDA:117,14,0,0
BRDA:117,14,1,0
BRDA:117,15,0,0
BRDA:117,15,1,0
BRDA:117,16,0,0
BRDA:117,16,1,0
BRDA:117,17,0,0
BRDA:117,17,1,0
BRDA:120,18,0,2
BRDA:123,19,0,0
BRDA:123,19,1,2
BRDA:123,20,0,2
BRDA:123,20,1,2
BRDA:123,21,0,0
BRDA:123,21,1,2
BRDA:123,22,0,2
BRDA:123,22,1,2
BRDA:127,23,0,1
BRDA:141,24,0,0
BRDA:146,25,0,0
BRDA:151,26,0,0
BRDA:151,26,1,1
BRDA:153,27,0,0
BRDA:153,27,1,0
BRDA:153,28,0,0
BRDA:153,28,1,0
BRDA:153,29,0,0
BRDA:153,29,1,0
BRDA:153,30,0,0
BRDA:153,30,1,0
BRDA:156,31,0,1
BRDA:159,32,0,0
BRDA:159,32,1,1
BRDA:159,33,0,1
BRDA:159,33,1,1
BRDA:159,34,0,0
BRDA:159,34,1,1
BRDA:159,35,0,1
BRDA:159,35,1,1
BRDA:163,36,0,0
BRDA:183,37,0,0
BRDA:188,38,0,0
BRDA:193,39,0,0
BRDA:193,39,1,1
BRDA:195,40,0,0
BRDA:195,40,1,0
BRDA:195,41,0,0
BRDA:195,41,1,0
BRDA:195,42,0,0
BRDA:195,42,1,0
BRDA:195,43,0,0
BRDA:195,43,1,0
BRDA:198,44,0,1
BRDA:201,45,0,0
BRDA:201,45,1,1
BRDA:201,46,0,1
BRDA:201,46,1,1
BRDA:201,47,0,0
BRDA:201,47,1,1
BRDA:201,48,0,1
BRDA:201,48,1,1
BRDA:205,49,0,0
BRDA:221,50,0,0
BRDA:226,51,0,1
BRDA:231,52,0,0
BRDA:231,53,0,2
BRDA:231,53,1,2
BRDA:231,54,0,0
BRDA:231,54,1,2
BRDA:231,55,0,2
BRDA:231,55,1,2
BRDA:235,56,0,2
BRDA:235,56,1,0
BRDA:270,57,0,2
BRDA:270,57,1,0
BRDA:270,58,0,0
BRDA:270,58,1,2
BRDA:270,59,0,2
BRDA:270,59,1,2
BRDA:270,60,0,0
BRDA:270,60,1,2
BRDA:270,61,0,2
BRDA:270,61,1,2
BRDA:270,62,0,0
BRDA:270,62,1,2
BRDA:270,63,0,2
BRDA:270,63,1,2
BRDA:273,64,0,1
BRF:106
BRH:47
end_of_record
TN:
SF:src/routes/notifications.route.ts
FN:9,(anonymous_0)
FNF:1
FNH:1
FNDA:5,(anonymous_0)
DA:1,10
DA:2,10
DA:3,10
DA:4,10
DA:6,10
DA:9,10
DA:10,5
DA:11,5
DA:12,5
DA:13,1
DA:16,4
DA:17,4
DA:18,4
DA:21,0
DA:22,0
DA:23,0
DA:26,0
DA:27,0
DA:29,0
DA:31,0
DA:32,0
DA:36,10
LF:22
LH:14
BRDA:12,0,0,1
BRDA:17,1,0,4
BRDA:17,2,0,4
BRDA:17,2,1,2
BRDA:22,3,0,0
BRF:5
BRH:4
end_of_record
TN:
SF:src/routes/patients.route.ts
FN:10,(anonymous_0)
FN:40,(anonymous_1)
FN:74,(anonymous_2)
FNF:3
FNH:3
FNDA:4,(anonymous_0)
FNDA:3,(anonymous_1)
FNDA:3,(anonymous_2)
DA:1,10
DA:2,10
DA:3,10
DA:4,10
DA:5,10
DA:7,10
DA:10,10
DA:11,4
DA:12,4
DA:13,4
DA:14,3
DA:18,1
DA:19,0
DA:21,1
DA:22,1
DA:23,0
DA:25,1
DA:26,1
DA:29,1
DA:30,0
DA:33,1
DA:35,0
DA:40,10
DA:41,3
DA:42,3
DA:43,3
DA:44,3
DA:45,1
DA:48,2
DA:49,2
DA:50,0
DA:54,2
DA:55,0
DA:60,2
DA:61,2
DA:62,1
DA:64,2
DA:66,2
DA:68,0
DA:69,0
DA:74,10
DA:75,3
DA:76,3
DA:77,3
DA:78,3
DA:79,1
DA:82,2
DA:83,2
DA:84,0
DA:87,2
DA:88,1
DA:91,1
DA:96,1
DA:98,1
DA:100,0
DA:104,10
LF:56
LH:46
BRDA:13,0,0,3
BRDA:18,1,0,0
BRDA:18,1,1,1
BRDA:22,2,0,0
BRDA:29,3,0,0
BRDA:44,4,0,1
BRDA:49,5,0,0
BRDA:54,6,0,0
BRDA:61,7,0,1
BRDA:78,8,0,1
BRDA:83,9,0,0
BRDA:87,10,0,1
BRDA:87,11,0,0
BRDA:87,11,1,2
BRDA:87,12,0,2
BRDA:87,12,1,2
BRF:16
BRH:9
end_of_record
TN:
SF:src/routes/safezones.route.ts
FN:12,(anonymous_0)
FN:49,(anonymous_1)
FN:88,(anonymous_2)
FN:159,(anonymous_3)
FN:212,(anonymous_4)
FNF:5
FNH:5
FNDA:5,(anonymous_0)
FNDA:2,(anonymous_1)
FNDA:4,(anonymous_2)
FNDA:2,(anonymous_3)
FNDA:2,(anonymous_4)
DA:1,10
DA:3,10
DA:4,10
DA:5,10
DA:6,10
DA:7,10
DA:9,10
DA:12,10
DA:13,5
DA:14,5
DA:15,5
DA:16,2
DA:19,3
DA:20,3
DA:21,1
DA:24,2
DA:25,2
DA:26,1
DA:29,1
DA:30,1
DA:31,0
DA:34,1
DA:39,1
DA:41,1
DA:43,0
DA:44,0
DA:49,10
DA:50,2
DA:51,2
DA:52,2
DA:53,0
DA:57,2
DA:58,0
DA:59,0
DA:60,0
DA:62,0
DA:64,2
DA:65,2
DA:66,0
DA:68,2
DA:69,2
DA:70,1
DA:72,1
DA:73,1
DA:74,0
DA:76,1
DA:79,1
DA:80,1
DA:82,0
DA:83,0
DA:88,10
DA:89,4
DA:90,4
DA:91,3
DA:92,1
DA:99,2
DA:100,2
DA:101,0
DA:107,2
DA:108,0
DA:109,0
DA:113,0
DA:118,2
DA:119,0
DA:120,0
DA:121,0
DA:126,0
DA:127,0
DA:128,0
DA:133,0
DA:134,0
DA:138,0
DA:145,2
DA:150,1
DA:151,1
DA:159,10
DA:160,2
DA:161,2
DA:162,2
DA:163,1
DA:167,1
DA:168,1
DA:169,0
DA:172,1
DA:173,0
DA:174,0
DA:178,0
DA:181,1
DA:182,1
DA:183,0
DA:185,1
DA:186,1
DA:187,0
DA:189,1
DA:190,1
DA:194,1
DA:199,0
DA:200,0
DA:201,0
DA:203,0
DA:204,0
DA:206,0
DA:207,0
DA:212,10
DA:213,2
DA:214,2
DA:215,2
DA:216,1
DA:220,1
DA:221,1
DA:222,0
DA:225,1
DA:226,0
DA:227,0
DA:231,0
DA:234,1
DA:235,1
DA:236,0
DA:238,1
DA:239,1
DA:240,0
DA:242,1
DA:243,1
DA:247,1
DA:251,0
DA:252,0
DA:254,0
DA:255,0
DA:259,10
LF:129
LH:81
BRDA:15,0,0,2
BRDA:15,1,0,5
BRDA:15,1,1,4
BRDA:20,2,0,1
BRDA:25,3,0,1
BRDA:30,4,0,0
BRDA:52,5,0,0
BRDA:57,6,0,0
BRDA:57,6,1,2
BRDA:59,7,0,0
BRDA:65,8,0,0
BRDA:69,9,0,1
BRDA:73,10,0,0
BRDA:91,11,0,1
BRDA:100,12,0,0
BRDA:107,13,0,0
BRDA:107,13,1,2
BRDA:109,14,0,0
BRDA:110,15,0,0
BRDA:110,15,1,0
BRDA:118,16,0,0
BRDA:120,17,0,0
BRDA:127,18,0,0
BRDA:134,19,0,0
BRDA:135,20,0,0
BRDA:135,20,1,0
BRDA:162,21,0,1
BRDA:168,22,0,0
BRDA:172,23,0,0
BRDA:172,23,1,1
BRDA:174,24,0,0
BRDA:175,25,0,0
BRDA:175,25,1,0
BRDA:182,26,0,0
BRDA:186,27,0,0
BRDA:190,28,0,1
BRDA:191,29,0,1
BRDA:191,29,1,1
BRDA:199,30,0,0
BRDA:199,30,1,0
BRDA:200,31,0,0
BRDA:200,31,1,0
BRDA:201,32,0,0
BRDA:201,32,1,0
BRDA:215,33,0,1
BRDA:221,34,0,0
BRDA:225,35,0,0
BRDA:225,35,1,1
BRDA:227,36,0,0
BRDA:228,37,0,0
BRDA:228,37,1,0
BRDA:235,38,0,0
BRDA:239,39,0,0
BRDA:243,40,0,1
BRDA:244,41,0,1
BRDA:244,41,1,1
BRF:56
BRH:19
end_of_record
TN:
SF:src/routes/task-reminders.route.ts
FN:11,(anonymous_1)
FN:60,(anonymous_2)
FN:97,(anonymous_3)
FN:133,(anonymous_4)
FN:171,(anonymous_5)
FN:208,(anonymous_6)
FNF:6
FNH:5
FNDA:0,(anonymous_1)
FNDA:2,(anonymous_2)
FNDA:4,(anonymous_3)
FNDA:1,(anonymous_4)
FNDA:1,(anonymous_5)
FNDA:2,(anonymous_6)
DA:1,10
DA:2,10
DA:3,10
DA:4,10
DA:5,10
DA:6,10
DA:8,10
DA:11,10
DA:12,0
DA:13,0
DA:15,0
DA:16,0
DA:20,0
DA:23,0
DA:25,0
DA:26,0
DA:31,0
DA:32,0
DA:33,0
DA:34,0
DA:36,0
DA:37,0
DA:38,0
DA:40,0
DA:42,0
DA:45,0
DA:50,0
DA:52,0
DA:54,0
DA:55,0
DA:60,10
DA:61,2
DA:62,2
DA:64,2
DA:65,0
DA:69,2
DA:70,0
DA:72,2
DA:74,2
DA:75,0
DA:78,2
DA:80,2
DA:83,2
DA:84,0
DA:87,2
DA:89,1
DA:91,1
DA:92,1
DA:97,10
DA:98,4
DA:99,4
DA:100,3
DA:101,1
DA:104,2
DA:105,2
DA:106,0
DA:109,2
DA:110,2
DA:111,0
DA:112,0
DA:114,2
DA:115,2
DA:116,2
DA:117,2
DA:118,2
DA:122,2
DA:123,1
DA:126,1
DA:128,1
DA:133,10
DA:134,1
DA:135,1
DA:136,1
DA:137,0
DA:140,1
DA:141,1
DA:142,0
DA:145,1
DA:146,1
DA:147,0
DA:148,0
DA:150,1
DA:151,1
DA:152,1
DA:153,1
DA:154,1
DA:158,1
DA:159,0
DA:162,1
DA:164,1
DA:166,0
DA:171,10
DA:172,1
DA:173,1
DA:174,1
DA:175,0
DA:178,1
DA:179,1
DA:180,0
DA:183,1
DA:184,1
DA:185,0
DA:186,0
DA:188,1
DA:189,1
DA:190,1
DA:191,1
DA:192,1
DA:196,1
DA:197,0
DA:200,1
DA:201,1
DA:203,0
DA:208,10
DA:209,2
DA:210,2
DA:211,2
DA:212,0
DA:215,2
DA:216,2
DA:217,0
DA:220,2
DA:221,2
DA:222,1
DA:225,1
DA:235,1
DA:237,0
DA:241,10
LF:128
LH:84
BRDA:15,0,0,0
BRDA:25,1,0,0
BRDA:25,2,0,0
BRDA:25,2,1,0
BRDA:31,3,0,0
BRDA:31,3,1,0
BRDA:33,4,0,0
BRDA:37,5,0,0
BRDA:64,6,0,0
BRDA:69,7,0,0
BRDA:69,7,1,2
BRDA:74,8,0,0
BRDA:83,9,0,0
BRDA:100,10,0,1
BRDA:105,11,0,0
BRDA:110,12,0,0
BRDA:110,12,1,2
BRDA:112,13,0,0
BRDA:112,13,1,0
BRDA:112,14,0,0
BRDA:112,14,1,0
BRDA:112,15,0,0
BRDA:112,15,1,0
BRDA:112,16,0,0
BRDA:112,16,1,0
BRDA:115,17,0,2
BRDA:118,18,0,0
BRDA:118,18,1,2
BRDA:118,19,0,2
BRDA:118,19,1,2
BRDA:118,20,0,0
BRDA:118,20,1,2
BRDA:118,21,0,2
BRDA:118,21,1,2
BRDA:122,22,0,1
BRDA:136,23,0,0
BRDA:141,24,0,0
BRDA:146,25,0,0
BRDA:146,25,1,1
BRDA:148,26,0,0
BRDA:148,26,1,0
BRDA:148,27,0,0
BRDA:148,27,1,0
BRDA:148,28,0,0
BRDA:148,28,1,0
BRDA:148,29,0,0
BRDA:148,29,1,0
BRDA:151,30,0,1
BRDA:154,31,0,0
BRDA:154,31,1,1
BRDA:154,32,0,1
BRDA:154,32,1,1
BRDA:154,33,0,0
BRDA:154,33,1,1
BRDA:154,34,0,1
BRDA:154,34,1,1
BRDA:158,35,0,0
BRDA:174,36,0,0
BRDA:179,37,0,0
BRDA:184,38,0,0
BRDA:184,38,1,1
BRDA:186,39,0,0
BRDA:186,39,1,0
BRDA:186,40,0,0
BRDA:186,40,1,0
BRDA:186,41,0,0
BRDA:186,41,1,0
BRDA:186,42,0,0
BRDA:186,42,1,0
BRDA:189,43,0,1
BRDA:192,44,0,0
BRDA:192,44,1,1
BRDA:192,45,0,1
BRDA:192,45,1,1
BRDA:192,46,0,0
BRDA:192,46,1,1
BRDA:192,47,0,1
BRDA:192,47,1,1
BRDA:196,48,0,0
BRDA:211,49,0,0
BRDA:216,50,0,0
BRDA:221,51,0,1
BRDA:221,52,0,2
BRDA:221,52,1,2
BRDA:221,53,0,0
BRDA:221,53,1,2
BRDA:221,54,0,2
BRDA:221,54,1,2
BRF:88
BRH:33
end_of_record
TN:
SF:src/routes/user.route.ts
FN:17,(anonymous_1)
FN:58,(anonymous_2)
FN:110,(anonymous_3)
FN:141,(anonymous_4)
FN:192,(anonymous_5)
FN:207,(anonymous_6)
FN:219,(anonymous_7)
FN:226,(anonymous_8)
FN:242,(anonymous_9)
FN:256,(anonymous_10)
FN:275,(anonymous_11)
FN:280,(anonymous_12)
FN:333,(anonymous_13)
FN:357,(anonymous_14)
FNF:14
FNH:6
FNDA:7,(anonymous_1)
FNDA:3,(anonymous_2)
FNDA:4,(anonymous_3)
FNDA:4,(anonymous_4)
FNDA:0,(anonymous_5)
FNDA:0,(anonymous_6)
FNDA:0,(anonymous_7)
FNDA:0,(anonymous_8)
FNDA:0,(anonymous_9)
FNDA:0,(anonymous_10)
FNDA:0,(anonymous_11)
FNDA:0,(anonymous_12)
FNDA:2,(anonymous_13)
FNDA:5,(anonymous_14)
DA:1,10
DA:2,10
DA:3,10
DA:5,10
DA:9,10
DA:10,10
DA:12,10
DA:13,10
DA:15,10
DA:17,10
DA:18,7
DA:20,7
DA:21,7
DA:23,6
DA:24,3
DA:27,3
DA:28,3
DA:31,3
DA:32,1
DA:33,1
DA:34,1
DA:35,1
DA:41,2
DA:42,2
DA:43,2
DA:44,2
DA:51,0
DA:53,1
DA:54,1
DA:58,10
DA:59,3
DA:60,3
DA:62,3
DA:63,3
DA:65,2
DA:66,1
DA:70,1
DA:71,1
DA:72,1
DA:73,1
DA:75,1
DA:77,1
DA:78,1
DA:81,1
DA:82,1
DA:83,1
DA:84,1
DA:86,1
DA:87,1
DA:93,0
DA:94,0
DA:95,0
DA:96,0
DA:103,0
DA:105,1
DA:106,1
DA:110,10
DA:111,4
DA:112,4
DA:114,4
DA:115,1
DA:118,3
DA:119,3
DA:121,2
DA:122,1
DA:126,1
DA:127,1
DA:129,1
DA:136,1
DA:137,1
DA:141,10
DA:142,4
DA:144,4
DA:145,4
DA:147,3
DA:148,3
DA:151,0
DA:152,0
DA:153,0
DA:154,0
DA:155,0
DA:156,0
DA:158,0
DA:159,0
DA:160,0
DA:161,0
DA:163,0
DA:164,0
DA:166,0
DA:167,0
DA:168,0
DA:170,0
DA:171,0
DA:172,0
DA:173,0
DA:174,0
DA:176,0
DA:177,0
DA:178,0
DA:180,0
DA:181,0
DA:182,0
DA:184,0
DA:185,0
DA:187,0
DA:188,0
DA:192,0
DA:193,0
DA:204,0
DA:207,0
DA:208,0
DA:216,0
DA:219,0
DA:220,0
DA:221,0
DA:225,0
DA:227,0
DA:236,0
DA:241,0
DA:243,0
DA:252,0
DA:256,0
DA:257,0
DA:258,0
DA:266,0
DA:272,0
DA:275,0
DA:276,0
DA:277,0
DA:280,0
DA:281,0
DA:282,0
DA:294,0
DA:305,0
DA:323,0
DA:328,1
DA:329,1
DA:333,10
DA:334,2
DA:335,2
DA:336,0
DA:339,2
DA:340,1
DA:341,1
DA:344,0
DA:345,0
DA:346,0
DA:347,0
DA:349,0
DA:351,1
DA:352,1
DA:357,10
DA:358,5
DA:359,5
DA:360,0
DA:363,5
DA:364,5
DA:365,1
DA:369,4
DA:370,3
DA:371,0
DA:375,3
DA:376,0
DA:377,0
DA:378,0
DA:380,0
DA:382,3
DA:383,3
DA:384,0
DA:386,3
DA:387,3
DA:388,0
DA:390,3
DA:391,3
DA:392,0
DA:394,3
DA:397,3
DA:398,1
DA:401,2
DA:406,1
DA:407,1
DA:411,10
LF:182
LH:102
BRDA:23,0,0,3
BRDA:31,1,0,1
BRDA:31,1,1,2
BRDA:33,2,0,1
BRDA:42,3,0,2
BRDA:65,4,0,1
BRDA:70,5,0,1
BRDA:70,5,1,0
BRDA:71,6,0,1
BRDA:71,6,1,0
BRDA:72,7,0,1
BRDA:72,7,1,0
BRDA:73,8,0,1
BRDA:73,8,1,0
BRDA:81,9,0,1
BRDA:81,9,1,0
BRDA:83,10,0,1
BRDA:94,11,0,0
BRDA:114,12,0,1
BRDA:121,13,0,1
BRDA:147,14,0,3
BRDA:158,15,0,0
BRDA:158,15,1,0
BRDA:160,16,0,0
BRDA:164,17,0,0
BRDA:164,17,1,0
BRDA:164,18,0,0
BRDA:164,18,1,0
BRDA:164,19,0,0
BRDA:164,19,1,0
BRDA:167,20,0,0
BRDA:171,21,0,0
BRDA:171,21,1,0
BRDA:173,22,0,0
BRDA:177,23,0,0
BRDA:181,24,0,0
BRDA:185,25,0,0
BRDA:185,25,1,0
BRDA:185,26,0,0
BRDA:185,26,1,0
BRDA:185,27,0,0
BRDA:185,27,1,0
BRDA:188,28,0,0
BRDA:188,28,1,0
BRDA:188,29,0,0
BRDA:188,29,1,0
BRDA:188,30,0,0
BRDA:188,30,1,0
BRDA:225,31,0,0
BRDA:225,31,1,0
BRDA:241,32,0,0
BRDA:241,32,1,0
BRDA:257,33,0,0
BRDA:266,34,0,0
BRDA:266,34,1,0
BRDA:268,35,0,0
BRDA:268,35,1,0
BRDA:308,36,0,0
BRDA:308,36,1,0
BRDA:308,37,0,0
BRDA:308,37,1,0
BRDA:311,38,0,0
BRDA:311,38,1,0
BRDA:311,39,0,0
BRDA:311,39,1,0
BRDA:316,40,0,0
BRDA:316,40,1,0
BRDA:317,41,0,0
BRDA:317,41,1,0
BRDA:318,42,0,0
BRDA:318,42,1,0
BRDA:318,43,0,0
BRDA:318,43,1,0
BRDA:318,44,0,0
BRDA:318,44,1,0
BRDA:335,45,0,0
BRDA:340,46,0,1
BRDA:359,47,0,0
BRDA:364,48,0,1
BRDA:370,49,0,0
BRDA:375,50,0,0
BRDA:375,50,1,3
BRDA:377,51,0,0
BRDA:383,52,0,0
BRDA:387,53,0,0
BRDA:391,54,0,0
BRDA:397,55,0,1
BRF:87
BRH:19
end_of_record
TN:
SF:src/services/inventory-notifications.service.ts
FN:5,checkLowInventory
FNF:1
FNH:1
FNDA:5,checkLowInventory
DA:1,11
DA:2,11
DA:3,11
DA:5,11
DA:6,5
DA:8,5
DA:13,4
DA:15,3
DA:16,3
DA:17,3
DA:20,2
DA:21,2
DA:24,1
DA:38,1
DA:41,1
LF:15
LH:15
BRDA:17,0,0,1
BRDA:21,1,0,1
BRF:2
BRH:2
end_of_record
TN:
SF:src/services/medication-notifications.service.ts
FN:5,checkOverdueMedications
FNF:1
FNH:1
FNDA:6,checkOverdueMedications
DA:1,11
DA:2,11
DA:3,11
DA:5,11
DA:6,6
DA:8,6
DA:14,5
DA:16,5
DA:18,4
DA:21,4
DA:22,4
DA:23,4
DA:24,4
DA:27,4
DA:28,4
DA:31,4
DA:33,1
DA:34,1
DA:35,1
DA:38,1
DA:39,1
DA:42,1
DA:55,1
DA:56,1
DA:57,1
DA:58,1
DA:63,1
LF:27
LH:27
BRDA:18,0,0,0
BRDA:31,1,0,1
BRDA:35,2,0,0
BRDA:39,3,0,0
BRF:4
BRH:1
end_of_record
TN:
SF:src/services/notifications.service.ts
FN:7,sendPushNotification
FN:45,(anonymous_1)
FNF:2
FNH:2
FNDA:6,sendPushNotification
FNDA:1,(anonymous_1)
DA:1,15
DA:2,15
DA:3,15
DA:5,15
DA:7,15
DA:8,6
DA:10,6
DA:11,6
DA:12,2
DA:13,2
DA:17,4
DA:18,4
DA:19,1
DA:20,1
DA:23,3
DA:24,1
DA:25,1
DA:28,2
DA:38,2
DA:39,2
DA:41,2
DA:42,2
DA:43,2
DA:44,1
DA:45,1
DA:47,1
DA:51,2
DA:53,0
DA:54,0
LF:29
LH:27
BRDA:11,0,0,2
BRDA:18,1,0,1
BRDA:18,2,0,4
BRDA:18,2,1,4
BRDA:23,3,0,1
BRDA:34,4,0,2
BRDA:34,4,1,1
BRF:7
BRH:7
end_of_record
TN:
SF:src/services/safezone-notifications.service.ts
FN:8,calculateDistance
FN:21,isLocationSignificantlyDifferent
FN:30,checkSafezoneViolations
FN:48,(anonymous_4)
FNF:4
FNH:3
FNDA:5,calculateDistance
FNDA:0,isLocationSignificantlyDifferent
FNDA:7,checkSafezoneViolations
FNDA:5,(anonymous_4)
DA:1,11
DA:2,11
DA:3,11
DA:4,11
DA:5,11
DA:9,5
DA:10,5
DA:11,5
DA:12,5
DA:13,5
DA:15,5
DA:16,5
DA:18,5
DA:26,0
DA:27,0
DA:30,11
DA:31,7
DA:32,7
DA:37,7
DA:38,7
DA:39,1
DA:42,6
DA:44,6
DA:45,1
DA:48,5
DA:49,5
DA:50,5
DA:56,5
DA:59,5
DA:61,4
DA:67,4
DA:69,3
DA:77,3
DA:78,3
DA:81,2
DA:82,2
DA:85,1
DA:99,0
LF:38
LH:35
BRDA:38,0,0,1
BRDA:38,1,0,7
BRDA:38,1,1,6
BRDA:38,2,0,0
BRDA:38,2,1,7
BRDA:38,3,0,7
BRDA:38,3,1,7
BRDA:38,4,0,0
BRDA:38,4,1,6
BRDA:38,5,0,6
BRDA:38,5,1,6
BRDA:44,6,0,1
BRDA:59,7,0,4
BRDA:67,8,0,3
BRDA:78,9,0,1
BRDA:82,10,0,1
BRF:16
BRH:14
end_of_record
TN:
SF:src/services/task-notifications.service.ts
FN:5,checkOverdueTasks
FNF:1
FNH:1
FNDA:6,checkOverdueTasks
DA:1,11
DA:2,11
DA:3,11
DA:5,11
DA:6,6
DA:7,6
DA:13,5
DA:15,5
DA:16,4
DA:18,4
DA:19,4
DA:20,4
DA:22,4
DA:23,4
DA:25,4
DA:26,1
DA:27,1
DA:28,1
DA:30,1
DA:31,1
DA:33,1
DA:44,1
DA:45,1
DA:46,1
DA:50,1
LF:25
LH:25
BRDA:16,0,0,0
BRDA:25,1,0,1
BRDA:28,2,0,0
BRDA:31,3,0,0
BRF:4
BRH:1
end_of_record
